[0.008s] Invoking command in '/home/venu/ros2_ws3/src/build/six_dof_arm': /usr/local/bin/cmake /home/venu/ros2_ws3/src/six_dof_arm -DAMENT_CMAKE_SYMLINK_INSTALL=1 -DCMAKE_INSTALL_PREFIX=/home/venu/ros2_ws3/src/install/six_dof_arm
[0.017s] -- Found ament_cmake: 1.1.6 (/opt/ros/galactic/share/ament_cmake/cmake)
[0.033s] -- Using PYTHON_EXECUTABLE: /usr/bin/python3
[0.067s] -- Override CMake install command with custom implementation using symlinks instead of copying resources
[0.071s] -- Found rclcpp: 9.2.2 (/opt/ros/galactic/share/rclcpp/cmake)
[0.094s] -- Using all available rosidl_typesupport_c: rosidl_typesupport_fastrtps_c;rosidl_typesupport_introspection_c
[0.096s] -- Found rosidl_adapter: 2.2.3 (/opt/ros/galactic/share/rosidl_adapter/cmake)
[0.185s] -- Using all available rosidl_typesupport_cpp: rosidl_typesupport_fastrtps_cpp;rosidl_typesupport_introspection_cpp
[0.214s] -- Found rmw_implementation_cmake: 3.3.1 (/opt/ros/galactic/share/rmw_implementation_cmake/cmake)
[0.215s] -- Found rmw_cyclonedds_cpp: 0.22.6 (/opt/ros/galactic/share/rmw_cyclonedds_cpp/cmake)
[0.225s] -- Using RMW implementation 'rmw_cyclonedds_cpp' as default
[0.307s] -- Found moveit_core: 2.3.4 (/opt/ros/galactic/share/moveit_core/cmake)
[0.317s] -- Found Boost: /usr/lib/x86_64-linux-gnu/cmake/Boost-1.71.0/BoostConfig.cmake (found version "1.71.0") found components: chrono date_time filesystem iostreams program_options regex serialization system thread 
[0.327s] -- Found Boost: /usr/lib/x86_64-linux-gnu/cmake/Boost-1.71.0/BoostConfig.cmake (found version "1.71.0") found components: filesystem 
[0.379s] -- library: /usr/lib/x86_64-linux-gnu/libcurl.so
[1.551s] -- Found moveit_ros_planning: 2.3.4 (/opt/ros/galactic/share/moveit_ros_planning/cmake)
[1.554s] -- Found Boost: /usr/lib/x86_64-linux-gnu/cmake/Boost-1.71.0/BoostConfig.cmake (found version "1.71.0") found components: system filesystem date_time program_options thread chrono 
[1.727s] -- Found Boost: /usr/lib/x86_64-linux-gnu/cmake/Boost-1.71.0/BoostConfig.cmake (found version "1.71.0") found components: thread 
[2.131s] -- Found moveit_ros_planning_interface: 2.3.4 (/opt/ros/galactic/share/moveit_ros_planning_interface/cmake)
[2.136s] -- Found Boost: /usr/lib/x86_64-linux-gnu/cmake/Boost-1.71.0/BoostConfig.cmake (found version "1.71.0") found components: date_time filesystem program_options system thread 
[2.390s] -- Found Boost: /usr/lib/x86_64-linux-gnu/cmake/Boost-1.71.0/BoostConfig.cmake (found version "1.71.0") found components: thread system filesystem regex date_time program_options 
[2.636s] -- Found Boost: /usr/lib/x86_64-linux-gnu/cmake/Boost-1.71.0/BoostConfig.cmake (found version "1.71.0") found components: system filesystem date_time program_options thread 
[3.032s] -- Found moveit_ros_robot_interaction: 2.3.4 (/opt/ros/galactic/share/moveit_ros_robot_interaction/cmake)
[3.036s] -- Found Boost: /usr/lib/x86_64-linux-gnu/cmake/Boost-1.71.0/BoostConfig.cmake (found version "1.71.0") found components: thread 
[3.117s] -- Configuring done
[3.134s] -- Generating done
[3.135s] -- Build files have been written to: /home/venu/ros2_ws3/src/build/six_dof_arm
[3.141s] Invoked command in '/home/venu/ros2_ws3/src/build/six_dof_arm' returned '0': /usr/local/bin/cmake /home/venu/ros2_ws3/src/six_dof_arm -DAMENT_CMAKE_SYMLINK_INSTALL=1 -DCMAKE_INSTALL_PREFIX=/home/venu/ros2_ws3/src/install/six_dof_arm
[3.145s] Invoking command in '/home/venu/ros2_ws3/src/build/six_dof_arm': /usr/local/bin/cmake --build /home/venu/ros2_ws3/src/build/six_dof_arm -- -j16 -l16
[3.159s] [35m[1mConsolidate compiler generated dependencies of target arm_movement[0m
[3.172s] [ 50%] [32m[1mLinking CXX executable arm_movement[0m
[3.415s] [100%] Built target arm_movement
[3.419s] Invoked command in '/home/venu/ros2_ws3/src/build/six_dof_arm' returned '0': /usr/local/bin/cmake --build /home/venu/ros2_ws3/src/build/six_dof_arm -- -j16 -l16
[3.436s] Invoking command in '/home/venu/ros2_ws3/src/build/six_dof_arm': /usr/local/bin/cmake --install /home/venu/ros2_ws3/src/build/six_dof_arm
[3.438s] -- Install configuration: ""
[3.439s] -- Execute custom install script
[3.439s] -- Symlinking: /home/venu/ros2_ws3/src/install/six_dof_arm/lib/six_dof_arm/arm_movement
[3.441s] [33mCMake Warning (dev) at ament_cmake_symlink_install/ament_cmake_symlink_install.cmake:62 (file):
[3.442s]   Policy CMP0009 is not set: FILE GLOB_RECURSE calls should not follow
[3.442s]   symlinks by default.  Run "cmake --help-policy CMP0009" for policy details.
[3.442s]   Use the cmake_policy command to set the policy and suppress this warning.
[3.442s] Call Stack (most recent call first):
[3.442s]   ament_cmake_symlink_install/ament_cmake_symlink_install.cmake:317 (ament_cmake_symlink_install_directory)
[3.442s]   cmake_install.cmake:46 (include)
[3.442s] This warning is for project developers.  Use -Wno-dev to suppress it.
[3.442s] [0m
[3.442s] -- Symlinking: /home/venu/ros2_ws3/src/install/six_dof_arm/share/six_dof_arm/launch/build/.built_by
[3.443s] -- Symlinking: /home/venu/ros2_ws3/src/install/six_dof_arm/share/six_dof_arm/launch/build/COLCON_IGNORE
[3.444s] -- Symlinking: /home/venu/ros2_ws3/src/install/six_dof_arm/share/six_dof_arm/launch/gazebo.launch.py
[3.446s] -- Symlinking: /home/venu/ros2_ws3/src/install/six_dof_arm/share/six_dof_arm/launch/install/.colcon_install_layout
[3.447s] -- Symlinking: /home/venu/ros2_ws3/src/install/six_dof_arm/share/six_dof_arm/launch/install/COLCON_IGNORE
[3.448s] -- Symlinking: /home/venu/ros2_ws3/src/install/six_dof_arm/share/six_dof_arm/launch/install/_local_setup_util_ps1.py
[3.450s] -- Symlinking: /home/venu/ros2_ws3/src/install/six_dof_arm/share/six_dof_arm/launch/install/_local_setup_util_sh.py
[3.452s] -- Symlinking: /home/venu/ros2_ws3/src/install/six_dof_arm/share/six_dof_arm/launch/install/local_setup.bash
[3.453s] -- Symlinking: /home/venu/ros2_ws3/src/install/six_dof_arm/share/six_dof_arm/launch/install/local_setup.ps1
[3.455s] -- Symlinking: /home/venu/ros2_ws3/src/install/six_dof_arm/share/six_dof_arm/launch/install/local_setup.sh
[3.456s] -- Symlinking: /home/venu/ros2_ws3/src/install/six_dof_arm/share/six_dof_arm/launch/install/local_setup.zsh
[3.458s] -- Symlinking: /home/venu/ros2_ws3/src/install/six_dof_arm/share/six_dof_arm/launch/install/setup.bash
[3.459s] -- Symlinking: /home/venu/ros2_ws3/src/install/six_dof_arm/share/six_dof_arm/launch/install/setup.ps1
[3.461s] -- Symlinking: /home/venu/ros2_ws3/src/install/six_dof_arm/share/six_dof_arm/launch/install/setup.sh
[3.462s] -- Symlinking: /home/venu/ros2_ws3/src/install/six_dof_arm/share/six_dof_arm/launch/install/setup.zsh
[3.464s] -- Symlinking: /home/venu/ros2_ws3/src/install/six_dof_arm/share/six_dof_arm/launch/log/COLCON_IGNORE
[3.466s] -- Symlinking: /home/venu/ros2_ws3/src/install/six_dof_arm/share/six_dof_arm/launch/log/build_2024-08-26_20-31-36/events.log
[3.467s] -- Symlinking: /home/venu/ros2_ws3/src/install/six_dof_arm/share/six_dof_arm/launch/log/build_2024-08-26_20-31-36/logger_all.log
[3.469s] -- Up-to-date symlink: /home/venu/ros2_ws3/src/install/six_dof_arm/share/six_dof_arm/launch/log/latest/events.log
[3.469s] -- Up-to-date symlink: /home/venu/ros2_ws3/src/install/six_dof_arm/share/six_dof_arm/launch/log/latest/logger_all.log
[3.469s] -- Up-to-date symlink: /home/venu/ros2_ws3/src/install/six_dof_arm/share/six_dof_arm/launch/log/latest_build/events.log
[3.469s] -- Up-to-date symlink: /home/venu/ros2_ws3/src/install/six_dof_arm/share/six_dof_arm/launch/log/latest_build/logger_all.log
[3.469s] -- Symlinking: /home/venu/ros2_ws3/src/install/six_dof_arm/share/six_dof_arm/launch/robot_state_publisher_launch.py
[3.471s] -- Symlinking: /home/venu/ros2_ws3/src/install/six_dof_arm/share/ament_index/resource_index/package_run_dependencies/six_dof_arm
[3.472s] -- Symlinking: /home/venu/ros2_ws3/src/install/six_dof_arm/share/ament_index/resource_index/parent_prefix_path/six_dof_arm
[3.474s] -- Symlinking: /home/venu/ros2_ws3/src/install/six_dof_arm/share/six_dof_arm/environment/ament_prefix_path.sh
[3.475s] -- Symlinking: /home/venu/ros2_ws3/src/install/six_dof_arm/share/six_dof_arm/environment/ament_prefix_path.dsv
[3.476s] -- Symlinking: /home/venu/ros2_ws3/src/install/six_dof_arm/share/six_dof_arm/environment/path.sh
[3.478s] -- Symlinking: /home/venu/ros2_ws3/src/install/six_dof_arm/share/six_dof_arm/environment/path.dsv
[3.479s] -- Symlinking: /home/venu/ros2_ws3/src/install/six_dof_arm/share/six_dof_arm/local_setup.bash
[3.481s] -- Symlinking: /home/venu/ros2_ws3/src/install/six_dof_arm/share/six_dof_arm/local_setup.sh
[3.482s] -- Symlinking: /home/venu/ros2_ws3/src/install/six_dof_arm/share/six_dof_arm/local_setup.zsh
[3.483s] -- Symlinking: /home/venu/ros2_ws3/src/install/six_dof_arm/share/six_dof_arm/local_setup.dsv
[3.485s] -- Symlinking: /home/venu/ros2_ws3/src/install/six_dof_arm/share/six_dof_arm/package.dsv
[3.486s] -- Symlinking: /home/venu/ros2_ws3/src/install/six_dof_arm/share/ament_index/resource_index/packages/six_dof_arm
[3.488s] -- Symlinking: /home/venu/ros2_ws3/src/install/six_dof_arm/share/six_dof_arm/cmake/six_dof_armConfig.cmake
[3.489s] -- Symlinking: /home/venu/ros2_ws3/src/install/six_dof_arm/share/six_dof_arm/cmake/six_dof_armConfig-version.cmake
[3.491s] -- Symlinking: /home/venu/ros2_ws3/src/install/six_dof_arm/share/six_dof_arm/package.xml
[3.493s] Invoked command in '/home/venu/ros2_ws3/src/build/six_dof_arm' returned '0': /usr/local/bin/cmake --install /home/venu/ros2_ws3/src/build/six_dof_arm
