-- Found ament_cmake: 1.1.6 (/opt/ros/galactic/share/ament_cmake/cmake)
-- Using PYTHON_EXECUTABLE: /usr/bin/python3
-- Override CMake install command with custom implementation using symlinks instead of copying resources
-- Found rclcpp: 9.2.2 (/opt/ros/galactic/share/rclcpp/cmake)
-- Using all available rosidl_typesupport_c: rosidl_typesupport_fastrtps_c;rosidl_typesupport_introspection_c
-- Found rosidl_adapter: 2.2.3 (/opt/ros/galactic/share/rosidl_adapter/cmake)
-- Using all available rosidl_typesupport_cpp: rosidl_typesupport_fastrtps_cpp;rosidl_typesupport_introspection_cpp
-- Found rmw_implementation_cmake: 3.3.1 (/opt/ros/galactic/share/rmw_implementation_cmake/cmake)
-- Found rmw_cyclonedds_cpp: 0.22.6 (/opt/ros/galactic/share/rmw_cyclonedds_cpp/cmake)
-- Using RMW implementation 'rmw_cyclonedds_cpp' as default
-- Found gazebo_ros: 3.5.2 (/opt/ros/galactic/share/gazebo_ros/cmake)
-- Found PkgConfig: /usr/bin/pkg-config (found version "0.29.1") 
-- Checking for module 'bullet>=2.82'
--   Found bullet, version 2.88
-- Found ccd: /usr/include (found suitable version "2.0", minimum required is "2.0") 
-- Found fcl: /usr/local/include (found suitable version "0.6.0", minimum required is "0.3.2") 
-- Found assimp: /usr/include (found version "5.0.0") 
-- Found DART: /usr/include (Required is at least version "6.6") found components: dart 
-- Found Boost: /usr/lib/x86_64-linux-gnu/cmake/Boost-1.71.0/BoostConfig.cmake (found suitable version "1.71.0", minimum required is "1.40.0") found components: thread system filesystem program_options regex iostreams date_time 
-- Found Protobuf: /usr/lib/x86_64-linux-gnu/libprotobuf.so;-lpthread (found version "3.6.1") 
-- Looking for ignition-math6 -- found version 6.15.1
-- Searching for dependencies of ignition-math6
-- Looking for OGRE...
-- OGRE_PREFIX_WATCH changed.
-- Checking for module 'OGRE'
--   Found OGRE, version 1.9.0
-- Found Ogre Ghadamon (1.9.0)
-- Found OGRE: optimized;/usr/lib/x86_64-linux-gnu/libOgreMain.so;debug;/usr/lib/x86_64-linux-gnu/libOgreMain.so
-- Looking for OGRE_Paging...
-- Found OGRE_Paging: optimized;/usr/lib/x86_64-linux-gnu/libOgrePaging.so;debug;/usr/lib/x86_64-linux-gnu/libOgrePaging.so
-- Looking for OGRE_Terrain...
-- Found OGRE_Terrain: optimized;/usr/lib/x86_64-linux-gnu/libOgreTerrain.so;debug;/usr/lib/x86_64-linux-gnu/libOgreTerrain.so
-- Looking for OGRE_Property...
-- Found OGRE_Property: optimized;/usr/lib/x86_64-linux-gnu/libOgreProperty.so;debug;/usr/lib/x86_64-linux-gnu/libOgreProperty.so
-- Looking for OGRE_RTShaderSystem...
-- Found OGRE_RTShaderSystem: optimized;/usr/lib/x86_64-linux-gnu/libOgreRTShaderSystem.so;debug;/usr/lib/x86_64-linux-gnu/libOgreRTShaderSystem.so
-- Looking for OGRE_Volume...
-- Found OGRE_Volume: optimized;/usr/lib/x86_64-linux-gnu/libOgreVolume.so;debug;/usr/lib/x86_64-linux-gnu/libOgreVolume.so
-- Looking for OGRE_Overlay...
-- Found OGRE_Overlay: optimized;/usr/lib/x86_64-linux-gnu/libOgreOverlay.so;debug;/usr/lib/x86_64-linux-gnu/libOgreOverlay.so
-- Looking for ignition-math6 -- found version 6.15.1
-- Looking for ignition-transport8 -- found version 8.3.0
-- Searching for dependencies of ignition-transport8
-- Found Protobuf: /usr/lib/x86_64-linux-gnu/libprotobuf.so;-lpthread (found suitable version "3.6.1", minimum required is "3") 
-- Config-file not installed for ZeroMQ -- checking for pkg-config
-- Checking for module 'libzmq >= 4'
--   Found libzmq , version 4.3.2
-- Found ZeroMQ: TRUE (Required is at least version "4") 
-- Checking for module 'uuid'
--   Found uuid, version 2.34.0
-- Found UUID: TRUE  
-- Looking for ignition-msgs5 -- found version 5.10.0
-- Searching for dependencies of ignition-msgs5
-- Looking for ignition-math6 -- found version 6.15.1
-- Checking for module 'tinyxml2'
--   Found tinyxml2, version 6.2.0
-- Looking for ignition-msgs5 -- found version 5.10.0
-- Looking for ignition-common3 -- found version 3.14.2
-- Searching for dependencies of ignition-common3
-- Looking for dlfcn.h - found
-- Looking for libdl - found
-- Found DL: TRUE  
-- Searching for <ignition-common3> component [graphics]
-- Looking for ignition-common3-graphics -- found version 3.14.2
-- Searching for dependencies of ignition-common3-graphics
-- Looking for ignition-math6 -- found version 6.15.1
-- Looking for ignition-fuel_tools4 -- found version 4.6.0
-- Searching for dependencies of ignition-fuel_tools4
-- Found CURL: /usr/lib/x86_64-linux-gnu/libcurl.so (found version "7.68.0")  
-- Checking for module 'jsoncpp'
--   Found jsoncpp, version 1.7.4
-- Found JSONCPP: TRUE  
-- Checking for module 'libzip'
--   Found libzip, version 1.5.1
-- Found ZIP: TRUE  
-- Looking for ignition-common3 -- found version 3.14.2
-- Looking for ignition-math6 -- found version 6.15.1
-- Looking for ignition-msgs5 -- found version 5.10.0
-- Gazebo version: 11.11
-- Found moveit_core: 2.3.4 (/opt/ros/galactic/share/moveit_core/cmake)
-- Found Boost: /usr/lib/x86_64-linux-gnu/cmake/Boost-1.71.0/BoostConfig.cmake (found version "1.71.0") found components: chrono date_time filesystem iostreams program_options regex serialization system thread 
-- Found Boost: /usr/lib/x86_64-linux-gnu/cmake/Boost-1.71.0/BoostConfig.cmake (found version "1.71.0") found components: filesystem 
-- library: /usr/lib/x86_64-linux-gnu/libcurl.so
-- Found moveit_ros_planning: 2.3.4 (/opt/ros/galactic/share/moveit_ros_planning/cmake)
-- Found Boost: /usr/lib/x86_64-linux-gnu/cmake/Boost-1.71.0/BoostConfig.cmake (found version "1.71.0") found components: system filesystem date_time program_options thread chrono 
-- Found Boost: /usr/lib/x86_64-linux-gnu/cmake/Boost-1.71.0/BoostConfig.cmake (found version "1.71.0") found components: thread 
-- Found moveit_ros_planning_interface: 2.3.4 (/opt/ros/galactic/share/moveit_ros_planning_interface/cmake)
-- Found Boost: /usr/lib/x86_64-linux-gnu/cmake/Boost-1.71.0/BoostConfig.cmake (found version "1.71.0") found components: date_time filesystem program_options system thread 
-- Found Boost: /usr/lib/x86_64-linux-gnu/cmake/Boost-1.71.0/BoostConfig.cmake (found version "1.71.0") found components: thread system filesystem regex date_time program_options 
-- Found Boost: /usr/lib/x86_64-linux-gnu/cmake/Boost-1.71.0/BoostConfig.cmake (found version "1.71.0") found components: system filesystem date_time program_options thread 
-- Found moveit_ros_robot_interaction: 2.3.4 (/opt/ros/galactic/share/moveit_ros_robot_interaction/cmake)
-- Found Boost: /usr/lib/x86_64-linux-gnu/cmake/Boost-1.71.0/BoostConfig.cmake (found version "1.71.0") found components: thread 
-- Configuring done
-- Generating done
-- Build files have been written to: /home/venu/ros2_ws3/src/build/six_dof_arm
[35m[1mConsolidate compiler generated dependencies of target arm_movement[0m
[ 50%] [32mBuilding CXX object CMakeFiles/arm_movement.dir/src/arm_movement.cpp.o[0m
[100%] [32m[1mLinking CXX executable arm_movement[0m
[100%] Built target arm_movement
-- Install configuration: ""
-- Execute custom install script
-- Up-to-date symlink: /home/venu/ros2_ws3/src/install/six_dof_arm/lib/six_dof_arm/arm_movement
-- Up-to-date symlink: /home/venu/ros2_ws3/src/install/six_dof_arm/share/six_dof_arm/launch/build/.built_by
-- Up-to-date symlink: /home/venu/ros2_ws3/src/install/six_dof_arm/share/six_dof_arm/launch/build/COLCON_IGNORE
-- Up-to-date symlink: /home/venu/ros2_ws3/src/install/six_dof_arm/share/six_dof_arm/launch/gazebo.launch.py
-- Up-to-date symlink: /home/venu/ros2_ws3/src/install/six_dof_arm/share/six_dof_arm/launch/install/.colcon_install_layout
-- Up-to-date symlink: /home/venu/ros2_ws3/src/install/six_dof_arm/share/six_dof_arm/launch/install/COLCON_IGNORE
-- Up-to-date symlink: /home/venu/ros2_ws3/src/install/six_dof_arm/share/six_dof_arm/launch/install/_local_setup_util_ps1.py
-- Up-to-date symlink: /home/venu/ros2_ws3/src/install/six_dof_arm/share/six_dof_arm/launch/install/_local_setup_util_sh.py
-- Up-to-date symlink: /home/venu/ros2_ws3/src/install/six_dof_arm/share/six_dof_arm/launch/install/local_setup.bash
-- Up-to-date symlink: /home/venu/ros2_ws3/src/install/six_dof_arm/share/six_dof_arm/launch/install/local_setup.ps1
-- Up-to-date symlink: /home/venu/ros2_ws3/src/install/six_dof_arm/share/six_dof_arm/launch/install/local_setup.sh
-- Up-to-date symlink: /home/venu/ros2_ws3/src/install/six_dof_arm/share/six_dof_arm/launch/install/local_setup.zsh
-- Up-to-date symlink: /home/venu/ros2_ws3/src/install/six_dof_arm/share/six_dof_arm/launch/install/setup.bash
-- Up-to-date symlink: /home/venu/ros2_ws3/src/install/six_dof_arm/share/six_dof_arm/launch/install/setup.ps1
-- Up-to-date symlink: /home/venu/ros2_ws3/src/install/six_dof_arm/share/six_dof_arm/launch/install/setup.sh
-- Up-to-date symlink: /home/venu/ros2_ws3/src/install/six_dof_arm/share/six_dof_arm/launch/install/setup.zsh
-- Up-to-date symlink: /home/venu/ros2_ws3/src/install/six_dof_arm/share/six_dof_arm/launch/log/COLCON_IGNORE
-- Up-to-date symlink: /home/venu/ros2_ws3/src/install/six_dof_arm/share/six_dof_arm/launch/log/build_2024-08-26_20-31-36/events.log
-- Up-to-date symlink: /home/venu/ros2_ws3/src/install/six_dof_arm/share/six_dof_arm/launch/log/build_2024-08-26_20-31-36/logger_all.log
-- Up-to-date symlink: /home/venu/ros2_ws3/src/install/six_dof_arm/share/six_dof_arm/launch/log/latest/events.log
-- Up-to-date symlink: /home/venu/ros2_ws3/src/install/six_dof_arm/share/six_dof_arm/launch/log/latest/logger_all.log
-- Up-to-date symlink: /home/venu/ros2_ws3/src/install/six_dof_arm/share/six_dof_arm/launch/log/latest_build/events.log
-- Up-to-date symlink: /home/venu/ros2_ws3/src/install/six_dof_arm/share/six_dof_arm/launch/log/latest_build/logger_all.log
-- Symlinking: /home/venu/ros2_ws3/src/install/six_dof_arm/share/six_dof_arm/launch/moveit.launch.py
-- Up-to-date symlink: /home/venu/ros2_ws3/src/install/six_dof_arm/share/six_dof_arm/launch/robot_state_publisher_launch.py
-- Up-to-date symlink: /home/venu/ros2_ws3/src/install/six_dof_arm/share/ament_index/resource_index/package_run_dependencies/six_dof_arm
-- Up-to-date symlink: /home/venu/ros2_ws3/src/install/six_dof_arm/share/ament_index/resource_index/parent_prefix_path/six_dof_arm
-- Up-to-date symlink: /home/venu/ros2_ws3/src/install/six_dof_arm/share/six_dof_arm/environment/ament_prefix_path.sh
-- Up-to-date symlink: /home/venu/ros2_ws3/src/install/six_dof_arm/share/six_dof_arm/environment/ament_prefix_path.dsv
-- Up-to-date symlink: /home/venu/ros2_ws3/src/install/six_dof_arm/share/six_dof_arm/environment/path.sh
-- Up-to-date symlink: /home/venu/ros2_ws3/src/install/six_dof_arm/share/six_dof_arm/environment/path.dsv
-- Up-to-date symlink: /home/venu/ros2_ws3/src/install/six_dof_arm/share/six_dof_arm/local_setup.bash
-- Up-to-date symlink: /home/venu/ros2_ws3/src/install/six_dof_arm/share/six_dof_arm/local_setup.sh
-- Up-to-date symlink: /home/venu/ros2_ws3/src/install/six_dof_arm/share/six_dof_arm/local_setup.zsh
-- Up-to-date symlink: /home/venu/ros2_ws3/src/install/six_dof_arm/share/six_dof_arm/local_setup.dsv
-- Symlinking: /home/venu/ros2_ws3/src/install/six_dof_arm/share/six_dof_arm/package.dsv
-- Up-to-date symlink: /home/venu/ros2_ws3/src/install/six_dof_arm/share/ament_index/resource_index/packages/six_dof_arm
-- Up-to-date symlink: /home/venu/ros2_ws3/src/install/six_dof_arm/share/six_dof_arm/cmake/six_dof_armConfig.cmake
-- Up-to-date symlink: /home/venu/ros2_ws3/src/install/six_dof_arm/share/six_dof_arm/cmake/six_dof_armConfig-version.cmake
-- Up-to-date symlink: /home/venu/ros2_ws3/src/install/six_dof_arm/share/six_dof_arm/package.xml
