[0.016s] Invoking command in '/home/venu/ros2_ws3/src/build/six_dof_arm': /usr/local/bin/cmake --build /home/venu/ros2_ws3/src/build/six_dof_arm -- -j16 -l16
[0.028s] -- Found ament_cmake: 1.1.6 (/opt/ros/galactic/share/ament_cmake/cmake)
[0.045s] -- Using PYTHON_EXECUTABLE: /usr/bin/python3
[0.085s] -- Override CMake install command with custom implementation using symlinks instead of copying resources
[0.090s] -- Found rclcpp: 9.2.2 (/opt/ros/galactic/share/rclcpp/cmake)
[0.118s] -- Using all available rosidl_typesupport_c: rosidl_typesupport_fastrtps_c;rosidl_typesupport_introspection_c
[0.121s] -- Found rosidl_adapter: 2.2.3 (/opt/ros/galactic/share/rosidl_adapter/cmake)
[0.223s] -- Using all available rosidl_typesupport_cpp: rosidl_typesupport_fastrtps_cpp;rosidl_typesupport_introspection_cpp
[0.260s] -- Found rmw_implementation_cmake: 3.3.1 (/opt/ros/galactic/share/rmw_implementation_cmake/cmake)
[0.262s] -- Found rmw_cyclonedds_cpp: 0.22.6 (/opt/ros/galactic/share/rmw_cyclonedds_cpp/cmake)
[0.275s] -- Using RMW implementation 'rmw_cyclonedds_cpp' as default
[0.370s] -- Found gazebo_ros: 3.5.2 (/opt/ros/galactic/share/gazebo_ros/cmake)
[0.382s] [33mCMake Warning (dev) at /usr/local/share/cmake-3.22/Modules/FindPackageHandleStandardArgs.cmake:438 (message):
[0.382s]   The package name passed to `find_package_handle_standard_args` (PkgConfig)
[0.382s]   does not match the name of the calling package (gazebo).  This can lead to
[0.382s]   problems in calling code that expects `find_package` result variables
[0.383s]   (e.g., `_FOUND`) to follow a certain pattern.
[0.383s] Call Stack (most recent call first):
[0.383s]   /usr/local/share/cmake-3.22/Modules/FindPkgConfig.cmake:99 (find_package_handle_standard_args)
[0.383s]   /usr/lib/x86_64-linux-gnu/cmake/gazebo/gazebo-config.cmake:72 (include)
[0.383s]   /opt/ros/galactic/share/gazebo_dev/cmake/gazebo_dev-extras.cmake:2 (find_package)
[0.383s]   /opt/ros/galactic/share/gazebo_dev/cmake/gazebo_devConfig.cmake:41 (include)
[0.383s]   /opt/ros/galactic/share/gazebo_ros/cmake/ament_cmake_export_dependencies-extras.cmake:21 (find_package)
[0.383s]   /opt/ros/galactic/share/gazebo_ros/cmake/gazebo_rosConfig.cmake:41 (include)
[0.383s]   CMakeLists.txt:10 (find_package)
[0.383s] This warning is for project developers.  Use -Wno-dev to suppress it.
[0.384s] [0m
[0.384s] -- Found PkgConfig: /usr/bin/pkg-config (found version "0.29.1") 
[0.385s] -- Checking for module 'bullet>=2.82'
[0.396s] --   Found bullet, version 2.88
[0.492s] -- Found ccd: /usr/include (found suitable version "2.0", minimum required is "2.0") 
[0.532s] -- Found fcl: /usr/local/include (found suitable version "0.6.0", minimum required is "0.3.2") 
[0.579s] -- Found assimp: /usr/include (found version "5.0.0") 
[0.592s] -- Found DART: /usr/include (Required is at least version "6.6") found components: dart 
[0.605s] -- Found Boost: /usr/lib/x86_64-linux-gnu/cmake/Boost-1.71.0/BoostConfig.cmake (found suitable version "1.71.0", minimum required is "1.40.0") found components: thread system filesystem program_options regex iostreams date_time 
[0.617s] -- Found Protobuf: /usr/lib/x86_64-linux-gnu/libprotobuf.so;-lpthread (found version "3.6.1") 
[0.623s] -- Looking for ignition-math6 -- found version 6.15.1
[0.628s] -- Searching for dependencies of ignition-math6
[0.629s] -- Looking for OGRE...
[0.629s] -- OGRE_PREFIX_WATCH changed.
[0.633s] -- Checking for module 'OGRE'
[0.643s] --   Found OGRE, version 1.9.0
[0.667s] -- Found Ogre Ghadamon (1.9.0)
[0.674s] -- Found OGRE: optimized;/usr/lib/x86_64-linux-gnu/libOgreMain.so;debug;/usr/lib/x86_64-linux-gnu/libOgreMain.so
[0.681s] -- Looking for OGRE_Paging...
[0.687s] -- Found OGRE_Paging: optimized;/usr/lib/x86_64-linux-gnu/libOgrePaging.so;debug;/usr/lib/x86_64-linux-gnu/libOgrePaging.so
[0.687s] -- Looking for OGRE_Terrain...
[0.693s] -- Found OGRE_Terrain: optimized;/usr/lib/x86_64-linux-gnu/libOgreTerrain.so;debug;/usr/lib/x86_64-linux-gnu/libOgreTerrain.so
[0.693s] -- Looking for OGRE_Property...
[0.699s] -- Found OGRE_Property: optimized;/usr/lib/x86_64-linux-gnu/libOgreProperty.so;debug;/usr/lib/x86_64-linux-gnu/libOgreProperty.so
[0.700s] -- Looking for OGRE_RTShaderSystem...
[0.705s] -- Found OGRE_RTShaderSystem: optimized;/usr/lib/x86_64-linux-gnu/libOgreRTShaderSystem.so;debug;/usr/lib/x86_64-linux-gnu/libOgreRTShaderSystem.so
[0.705s] -- Looking for OGRE_Volume...
[0.711s] -- Found OGRE_Volume: optimized;/usr/lib/x86_64-linux-gnu/libOgreVolume.so;debug;/usr/lib/x86_64-linux-gnu/libOgreVolume.so
[0.711s] -- Looking for OGRE_Overlay...
[0.717s] -- Found OGRE_Overlay: optimized;/usr/lib/x86_64-linux-gnu/libOgreOverlay.so;debug;/usr/lib/x86_64-linux-gnu/libOgreOverlay.so
[0.835s] -- Looking for ignition-math6 -- found version 6.15.1
[0.838s] -- Looking for ignition-transport8 -- found version 8.3.0
[0.838s] -- Searching for dependencies of ignition-transport8
[0.853s] -- Found Protobuf: /usr/lib/x86_64-linux-gnu/libprotobuf.so;-lpthread (found suitable version "3.6.1", minimum required is "3") 
[0.862s] -- Config-file not installed for ZeroMQ -- checking for pkg-config
[0.865s] -- Checking for module 'libzmq >= 4'
[0.874s] --   Found libzmq , version 4.3.2
[0.900s] -- Found ZeroMQ: TRUE (Required is at least version "4") 
[0.904s] -- Checking for module 'uuid'
[0.914s] --   Found uuid, version 2.34.0
[0.939s] -- Found UUID: TRUE  
[0.942s] -- Looking for ignition-msgs5 -- found version 5.10.0
[0.942s] -- Searching for dependencies of ignition-msgs5
[0.956s] -- Looking for ignition-math6 -- found version 6.15.1
[0.959s] -- Checking for module 'tinyxml2'
[0.968s] --   Found tinyxml2, version 6.2.0
[0.994s] -- Looking for ignition-msgs5 -- found version 5.10.0
[0.997s] -- Looking for ignition-common3 -- found version 3.14.2
[0.997s] -- Searching for dependencies of ignition-common3
[0.997s] -- Looking for dlfcn.h - found
[0.998s] -- Looking for libdl - found
[0.999s] -- Found DL: TRUE  
[1.005s] -- Searching for <ignition-common3> component [graphics]
[1.008s] -- Looking for ignition-common3-graphics -- found version 3.14.2
[1.008s] -- Searching for dependencies of ignition-common3-graphics
[1.008s] -- Looking for ignition-math6 -- found version 6.15.1
[1.011s] -- Looking for ignition-fuel_tools4 -- found version 4.6.0
[1.011s] -- Searching for dependencies of ignition-fuel_tools4
[1.035s] -- Found CURL: /usr/lib/x86_64-linux-gnu/libcurl.so (found version "7.68.0")  
[1.042s] -- Checking for module 'jsoncpp'
[1.051s] --   Found jsoncpp, version 1.7.4
[1.075s] -- Found JSONCPP: TRUE  
[1.079s] -- Checking for module 'libzip'
[1.088s] --   Found libzip, version 1.5.1
[1.114s] -- Found ZIP: TRUE  
[1.114s] -- Looking for ignition-common3 -- found version 3.14.2
[1.114s] -- Looking for ignition-math6 -- found version 6.15.1
[1.115s] -- Looking for ignition-msgs5 -- found version 5.10.0
[1.115s] -- Gazebo version: 11.11
[1.118s] -- Found moveit_core: 2.3.4 (/opt/ros/galactic/share/moveit_core/cmake)
[1.123s] -- Found Boost: /usr/lib/x86_64-linux-gnu/cmake/Boost-1.71.0/BoostConfig.cmake (found version "1.71.0") found components: chrono date_time filesystem iostreams program_options regex serialization system thread 
[1.133s] -- Found Boost: /usr/lib/x86_64-linux-gnu/cmake/Boost-1.71.0/BoostConfig.cmake (found version "1.71.0") found components: filesystem 
[1.181s] -- library: /usr/lib/x86_64-linux-gnu/libcurl.so
[2.416s] -- Found moveit_ros_planning: 2.3.4 (/opt/ros/galactic/share/moveit_ros_planning/cmake)
[2.420s] -- Found Boost: /usr/lib/x86_64-linux-gnu/cmake/Boost-1.71.0/BoostConfig.cmake (found version "1.71.0") found components: system filesystem date_time program_options thread chrono 
[2.605s] -- Found Boost: /usr/lib/x86_64-linux-gnu/cmake/Boost-1.71.0/BoostConfig.cmake (found version "1.71.0") found components: thread 
[3.028s] -- Found moveit_ros_planning_interface: 2.3.4 (/opt/ros/galactic/share/moveit_ros_planning_interface/cmake)
[3.033s] -- Found Boost: /usr/lib/x86_64-linux-gnu/cmake/Boost-1.71.0/BoostConfig.cmake (found version "1.71.0") found components: date_time filesystem program_options system thread 
[3.300s] -- Found Boost: /usr/lib/x86_64-linux-gnu/cmake/Boost-1.71.0/BoostConfig.cmake (found version "1.71.0") found components: thread system filesystem regex date_time program_options 
[3.559s] -- Found Boost: /usr/lib/x86_64-linux-gnu/cmake/Boost-1.71.0/BoostConfig.cmake (found version "1.71.0") found components: system filesystem date_time program_options thread 
[3.967s] -- Found moveit_ros_robot_interaction: 2.3.4 (/opt/ros/galactic/share/moveit_ros_robot_interaction/cmake)
[3.970s] -- Found Boost: /usr/lib/x86_64-linux-gnu/cmake/Boost-1.71.0/BoostConfig.cmake (found version "1.71.0") found components: thread 
[4.059s] -- Configuring done
[4.081s] -- Generating done
[4.083s] -- Build files have been written to: /home/venu/ros2_ws3/src/build/six_dof_arm
[4.098s] [35m[1mConsolidate compiler generated dependencies of target arm_movement[0m
[4.110s] [ 50%] [32mBuilding CXX object CMakeFiles/arm_movement.dir/src/arm_movement.cpp.o[0m
[7.479s] [100%] [32m[1mLinking CXX executable arm_movement[0m
[7.818s] [100%] Built target arm_movement
[7.823s] Invoked command in '/home/venu/ros2_ws3/src/build/six_dof_arm' returned '0': /usr/local/bin/cmake --build /home/venu/ros2_ws3/src/build/six_dof_arm -- -j16 -l16
[7.837s] Invoking command in '/home/venu/ros2_ws3/src/build/six_dof_arm': /usr/local/bin/cmake --install /home/venu/ros2_ws3/src/build/six_dof_arm
[7.839s] -- Install configuration: ""
[7.839s] -- Execute custom install script
[7.840s] -- Up-to-date symlink: /home/venu/ros2_ws3/src/install/six_dof_arm/lib/six_dof_arm/arm_movement
[7.840s] -- Up-to-date symlink: /home/venu/ros2_ws3/src/install/six_dof_arm/share/six_dof_arm/launch/build/.built_by
[7.840s] -- Up-to-date symlink: /home/venu/ros2_ws3/src/install/six_dof_arm/share/six_dof_arm/launch/build/COLCON_IGNORE
[7.840s] -- Up-to-date symlink: /home/venu/ros2_ws3/src/install/six_dof_arm/share/six_dof_arm/launch/gazebo.launch.py
[7.840s] -- Up-to-date symlink: /home/venu/ros2_ws3/src/install/six_dof_arm/share/six_dof_arm/launch/install/.colcon_install_layout
[7.840s] -- Up-to-date symlink: /home/venu/ros2_ws3/src/install/six_dof_arm/share/six_dof_arm/launch/install/COLCON_IGNORE
[7.840s] -- Up-to-date symlink: /home/venu/ros2_ws3/src/install/six_dof_arm/share/six_dof_arm/launch/install/_local_setup_util_ps1.py
[7.841s] -- Up-to-date symlink: /home/venu/ros2_ws3/src/install/six_dof_arm/share/six_dof_arm/launch/install/_local_setup_util_sh.py
[7.841s] -- Up-to-date symlink: /home/venu/ros2_ws3/src/install/six_dof_arm/share/six_dof_arm/launch/install/local_setup.bash
[7.841s] -- Up-to-date symlink: /home/venu/ros2_ws3/src/install/six_dof_arm/share/six_dof_arm/launch/install/local_setup.ps1
[7.841s] -- Up-to-date symlink: /home/venu/ros2_ws3/src/install/six_dof_arm/share/six_dof_arm/launch/install/local_setup.sh
[7.841s] [33mCMake Warning (dev) at ament_cmake_symlink_install/ament_cmake_symlink_install.cmake:62 (file):
[7.841s]   Policy CMP0009 is not set: FILE GLOB_RECURSE calls should not follow
[7.841s]   symlinks by default.  Run "cmake --help-policy CMP0009" for policy details.
[7.841s]   Use the cmake_policy command to set the policy and suppress this warning.
[7.841s] Call Stack (most recent call first):
[7.841s]   ament_cmake_symlink_install/ament_cmake_symlink_install.cmake:317 (ament_cmake_symlink_install_directory)
[7.841s]   cmake_install.cmake:46 (include)
[7.842s] This warning is for project developers.  Use -Wno-dev to suppress it.
[7.842s] [0m
[7.842s] -- Up-to-date symlink: /home/venu/ros2_ws3/src/install/six_dof_arm/share/six_dof_arm/launch/install/local_setup.zsh
[7.842s] -- Up-to-date symlink: /home/venu/ros2_ws3/src/install/six_dof_arm/share/six_dof_arm/launch/install/setup.bash
[7.842s] -- Up-to-date symlink: /home/venu/ros2_ws3/src/install/six_dof_arm/share/six_dof_arm/launch/install/setup.ps1
[7.842s] -- Up-to-date symlink: /home/venu/ros2_ws3/src/install/six_dof_arm/share/six_dof_arm/launch/install/setup.sh
[7.842s] -- Up-to-date symlink: /home/venu/ros2_ws3/src/install/six_dof_arm/share/six_dof_arm/launch/install/setup.zsh
[7.842s] -- Up-to-date symlink: /home/venu/ros2_ws3/src/install/six_dof_arm/share/six_dof_arm/launch/log/COLCON_IGNORE
[7.842s] -- Up-to-date symlink: /home/venu/ros2_ws3/src/install/six_dof_arm/share/six_dof_arm/launch/log/build_2024-08-26_20-31-36/events.log
[7.842s] -- Up-to-date symlink: /home/venu/ros2_ws3/src/install/six_dof_arm/share/six_dof_arm/launch/log/build_2024-08-26_20-31-36/logger_all.log
[7.843s] -- Up-to-date symlink: /home/venu/ros2_ws3/src/install/six_dof_arm/share/six_dof_arm/launch/log/latest/events.log
[7.843s] -- Up-to-date symlink: /home/venu/ros2_ws3/src/install/six_dof_arm/share/six_dof_arm/launch/log/latest/logger_all.log
[7.843s] -- Up-to-date symlink: /home/venu/ros2_ws3/src/install/six_dof_arm/share/six_dof_arm/launch/log/latest_build/events.log
[7.843s] -- Up-to-date symlink: /home/venu/ros2_ws3/src/install/six_dof_arm/share/six_dof_arm/launch/log/latest_build/logger_all.log
[7.843s] -- Symlinking: /home/venu/ros2_ws3/src/install/six_dof_arm/share/six_dof_arm/launch/moveit.launch.py
[7.843s] -- Up-to-date symlink: /home/venu/ros2_ws3/src/install/six_dof_arm/share/six_dof_arm/launch/robot_state_publisher_launch.py
[7.843s] -- Up-to-date symlink: /home/venu/ros2_ws3/src/install/six_dof_arm/share/ament_index/resource_index/package_run_dependencies/six_dof_arm
[7.843s] -- Up-to-date symlink: /home/venu/ros2_ws3/src/install/six_dof_arm/share/ament_index/resource_index/parent_prefix_path/six_dof_arm
[7.843s] -- Up-to-date symlink: /home/venu/ros2_ws3/src/install/six_dof_arm/share/six_dof_arm/environment/ament_prefix_path.sh
[7.843s] -- Up-to-date symlink: /home/venu/ros2_ws3/src/install/six_dof_arm/share/six_dof_arm/environment/ament_prefix_path.dsv
[7.843s] -- Up-to-date symlink: /home/venu/ros2_ws3/src/install/six_dof_arm/share/six_dof_arm/environment/path.sh
[7.843s] -- Up-to-date symlink: /home/venu/ros2_ws3/src/install/six_dof_arm/share/six_dof_arm/environment/path.dsv
[7.843s] -- Up-to-date symlink: /home/venu/ros2_ws3/src/install/six_dof_arm/share/six_dof_arm/local_setup.bash
[7.843s] -- Up-to-date symlink: /home/venu/ros2_ws3/src/install/six_dof_arm/share/six_dof_arm/local_setup.sh
[7.843s] -- Up-to-date symlink: /home/venu/ros2_ws3/src/install/six_dof_arm/share/six_dof_arm/local_setup.zsh
[7.844s] -- Up-to-date symlink: /home/venu/ros2_ws3/src/install/six_dof_arm/share/six_dof_arm/local_setup.dsv
[7.844s] -- Symlinking: /home/venu/ros2_ws3/src/install/six_dof_arm/share/six_dof_arm/package.dsv
[7.845s] -- Up-to-date symlink: /home/venu/ros2_ws3/src/install/six_dof_arm/share/ament_index/resource_index/packages/six_dof_arm
[7.845s] -- Up-to-date symlink: /home/venu/ros2_ws3/src/install/six_dof_arm/share/six_dof_arm/cmake/six_dof_armConfig.cmake
[7.845s] -- Up-to-date symlink: /home/venu/ros2_ws3/src/install/six_dof_arm/share/six_dof_arm/cmake/six_dof_armConfig-version.cmake
[7.846s] -- Up-to-date symlink: /home/venu/ros2_ws3/src/install/six_dof_arm/share/six_dof_arm/package.xml
[7.848s] Invoked command in '/home/venu/ros2_ws3/src/build/six_dof_arm' returned '0': /usr/local/bin/cmake --install /home/venu/ros2_ws3/src/build/six_dof_arm
