-- The C compiler identification is GNU 9.4.0
-- The CXX compiler identification is GNU 9.4.0
-- Detecting C compiler ABI info
-- Detecting C compiler ABI info - done
-- Check for working C compiler: /usr/bin/cc - skipped
-- Detecting C compile features
-- Detecting C compile features - done
-- Detecting CXX compiler ABI info
-- Detecting CXX compiler ABI info - done
-- Check for working CXX compiler: /usr/bin/c++ - skipped
-- Detecting CXX compile features
-- Detecting CXX compile features - done
-- Found ament_cmake: 1.1.6 (/opt/ros/galactic/share/ament_cmake/cmake)
-- Found PythonInterp: /usr/bin/python3 (found suitable version "3.8.10", minimum required is "3") 
-- Using PYTHON_EXECUTABLE: /usr/bin/python3
-- Found rclcpp: 9.2.2 (/opt/ros/galactic/share/rclcpp/cmake)
-- Using all available rosidl_typesupport_c: rosidl_typesupport_fastrtps_c;rosidl_typesupport_introspection_c
-- Found rosidl_adapter: 2.2.3 (/opt/ros/galactic/share/rosidl_adapter/cmake)
-- Found OpenSSL: /usr/lib/x86_64-linux-gnu/libcrypto.so (found version "1.1.1f")  
-- Found FastRTPS: /opt/ros/galactic/include  
-- Using all available rosidl_typesupport_cpp: rosidl_typesupport_fastrtps_cpp;rosidl_typesupport_introspection_cpp
-- Found rmw_implementation_cmake: 3.3.1 (/opt/ros/galactic/share/rmw_implementation_cmake/cmake)
-- Found rmw_cyclonedds_cpp: 0.22.6 (/opt/ros/galactic/share/rmw_cyclonedds_cpp/cmake)
-- Using RMW implementation 'rmw_cyclonedds_cpp' as default
-- Looking for pthread.h
-- Looking for pthread.h - found
-- Performing Test CMAKE_HAVE_LIBC_PTHREAD
-- Performing Test CMAKE_HAVE_LIBC_PTHREAD - Failed
-- Looking for pthread_create in pthreads
-- Looking for pthread_create in pthreads - not found
-- Looking for pthread_create in pthread
-- Looking for pthread_create in pthread - found
-- Found Threads: TRUE  
-- Found moveit_core: 2.3.4 (/opt/ros/galactic/share/moveit_core/cmake)
-- Found Boost: /usr/lib/x86_64-linux-gnu/cmake/Boost-1.71.0/BoostConfig.cmake (found version "1.71.0") found components: chrono date_time filesystem iostreams program_options regex serialization system thread 
-- Found Boost: /usr/lib/x86_64-linux-gnu/cmake/Boost-1.71.0/BoostConfig.cmake (found version "1.71.0") found components: filesystem 
-- library: /usr/lib/x86_64-linux-gnu/libcurl.so
-- Found Eigen3: TRUE (found version "3.3.7") 
-- Found moveit_ros_planning: 2.3.4 (/opt/ros/galactic/share/moveit_ros_planning/cmake)
-- Found Boost: /usr/lib/x86_64-linux-gnu/cmake/Boost-1.71.0/BoostConfig.cmake (found version "1.71.0") found components: system filesystem date_time program_options thread chrono 
-- Found Boost: /usr/lib/x86_64-linux-gnu/cmake/Boost-1.71.0/BoostConfig.cmake (found version "1.71.0") found components: thread 
-- Found moveit_ros_planning_interface: 2.3.4 (/opt/ros/galactic/share/moveit_ros_planning_interface/cmake)
-- Found Boost: /usr/lib/x86_64-linux-gnu/cmake/Boost-1.71.0/BoostConfig.cmake (found version "1.71.0") found components: date_time filesystem program_options system thread 
-- Found Boost: /usr/lib/x86_64-linux-gnu/cmake/Boost-1.71.0/BoostConfig.cmake (found version "1.71.0") found components: thread system filesystem regex date_time program_options 
-- Found Boost: /usr/lib/x86_64-linux-gnu/cmake/Boost-1.71.0/BoostConfig.cmake (found version "1.71.0") found components: system filesystem date_time program_options thread 
-- Found moveit_ros_robot_interaction: 2.3.4 (/opt/ros/galactic/share/moveit_ros_robot_interaction/cmake)
-- Found Boost: /usr/lib/x86_64-linux-gnu/cmake/Boost-1.71.0/BoostConfig.cmake (found version "1.71.0") found components: thread 
-- Configuring done
-- Generating done
-- Build files have been written to: /home/venu/ros2_ws3/src/build/six_dof_arm
[ 50%] [32mBuilding CXX object CMakeFiles/arm_movement.dir/src/arm_movement.cpp.o[0m
[100%] [32m[1mLinking CXX executable arm_movement[0m
[100%] Built target arm_movement
-- Install configuration: ""
-- Installing: /home/venu/ros2_ws3/src/install/six_dof_arm/lib/six_dof_arm/arm_movement
-- Set runtime path of "/home/venu/ros2_ws3/src/install/six_dof_arm/lib/six_dof_arm/arm_movement" to ""
-- Installing: /home/venu/ros2_ws3/src/install/six_dof_arm/share/six_dof_arm/launch
-- Installing: /home/venu/ros2_ws3/src/install/six_dof_arm/share/six_dof_arm/launch/robot_state_publisher_launch.py
-- Installing: /home/venu/ros2_ws3/src/install/six_dof_arm/share/six_dof_arm/launch/build
-- Installing: /home/venu/ros2_ws3/src/install/six_dof_arm/share/six_dof_arm/launch/build/COLCON_IGNORE
-- Installing: /home/venu/ros2_ws3/src/install/six_dof_arm/share/six_dof_arm/launch/build/.built_by
-- Installing: /home/venu/ros2_ws3/src/install/six_dof_arm/share/six_dof_arm/launch/install
-- Installing: /home/venu/ros2_ws3/src/install/six_dof_arm/share/six_dof_arm/launch/install/.colcon_install_layout
-- Installing: /home/venu/ros2_ws3/src/install/six_dof_arm/share/six_dof_arm/launch/install/setup.zsh
-- Installing: /home/venu/ros2_ws3/src/install/six_dof_arm/share/six_dof_arm/launch/install/COLCON_IGNORE
-- Installing: /home/venu/ros2_ws3/src/install/six_dof_arm/share/six_dof_arm/launch/install/local_setup.bash
-- Installing: /home/venu/ros2_ws3/src/install/six_dof_arm/share/six_dof_arm/launch/install/setup.ps1
-- Installing: /home/venu/ros2_ws3/src/install/six_dof_arm/share/six_dof_arm/launch/install/_local_setup_util_sh.py
-- Installing: /home/venu/ros2_ws3/src/install/six_dof_arm/share/six_dof_arm/launch/install/local_setup.sh
-- Installing: /home/venu/ros2_ws3/src/install/six_dof_arm/share/six_dof_arm/launch/install/_local_setup_util_ps1.py
-- Installing: /home/venu/ros2_ws3/src/install/six_dof_arm/share/six_dof_arm/launch/install/local_setup.zsh
-- Installing: /home/venu/ros2_ws3/src/install/six_dof_arm/share/six_dof_arm/launch/install/setup.sh
-- Installing: /home/venu/ros2_ws3/src/install/six_dof_arm/share/six_dof_arm/launch/install/local_setup.ps1
-- Installing: /home/venu/ros2_ws3/src/install/six_dof_arm/share/six_dof_arm/launch/install/setup.bash
-- Installing: /home/venu/ros2_ws3/src/install/six_dof_arm/share/six_dof_arm/launch/log
-- Installing: /home/venu/ros2_ws3/src/install/six_dof_arm/share/six_dof_arm/launch/log/COLCON_IGNORE
-- Installing: /home/venu/ros2_ws3/src/install/six_dof_arm/share/six_dof_arm/launch/log/build_2024-08-26_20-31-36
-- Installing: /home/venu/ros2_ws3/src/install/six_dof_arm/share/six_dof_arm/launch/log/build_2024-08-26_20-31-36/events.log
-- Installing: /home/venu/ros2_ws3/src/install/six_dof_arm/share/six_dof_arm/launch/log/build_2024-08-26_20-31-36/logger_all.log
-- Installing: /home/venu/ros2_ws3/src/install/six_dof_arm/share/six_dof_arm/launch/log/latest
-- Installing: /home/venu/ros2_ws3/src/install/six_dof_arm/share/six_dof_arm/launch/log/latest_build
-- Installing: /home/venu/ros2_ws3/src/install/six_dof_arm/share/six_dof_arm/launch/gazebo.launch.py
-- Installing: /home/venu/ros2_ws3/src/install/six_dof_arm/share/ament_index/resource_index/package_run_dependencies/six_dof_arm
-- Installing: /home/venu/ros2_ws3/src/install/six_dof_arm/share/ament_index/resource_index/parent_prefix_path/six_dof_arm
-- Installing: /home/venu/ros2_ws3/src/install/six_dof_arm/share/six_dof_arm/environment/ament_prefix_path.sh
-- Installing: /home/venu/ros2_ws3/src/install/six_dof_arm/share/six_dof_arm/environment/ament_prefix_path.dsv
-- Installing: /home/venu/ros2_ws3/src/install/six_dof_arm/share/six_dof_arm/environment/path.sh
-- Installing: /home/venu/ros2_ws3/src/install/six_dof_arm/share/six_dof_arm/environment/path.dsv
-- Installing: /home/venu/ros2_ws3/src/install/six_dof_arm/share/six_dof_arm/local_setup.bash
-- Installing: /home/venu/ros2_ws3/src/install/six_dof_arm/share/six_dof_arm/local_setup.sh
-- Installing: /home/venu/ros2_ws3/src/install/six_dof_arm/share/six_dof_arm/local_setup.zsh
-- Installing: /home/venu/ros2_ws3/src/install/six_dof_arm/share/six_dof_arm/local_setup.dsv
-- Installing: /home/venu/ros2_ws3/src/install/six_dof_arm/share/six_dof_arm/package.dsv
-- Installing: /home/venu/ros2_ws3/src/install/six_dof_arm/share/ament_index/resource_index/packages/six_dof_arm
-- Installing: /home/venu/ros2_ws3/src/install/six_dof_arm/share/six_dof_arm/cmake/six_dof_armConfig.cmake
-- Installing: /home/venu/ros2_ws3/src/install/six_dof_arm/share/six_dof_arm/cmake/six_dof_armConfig-version.cmake
-- Installing: /home/venu/ros2_ws3/src/install/six_dof_arm/share/six_dof_arm/package.xml
