[0.011s] Invoking command in '/home/venu/ros2_ws3/src/build/six_dof_arm': /usr/local/bin/cmake /home/venu/ros2_ws3/src/six_dof_arm -DCMAKE_INSTALL_PREFIX=/home/venu/ros2_ws3/src/install/six_dof_arm
[0.043s] -- The C compiler identification is GNU 9.4.0
[0.076s] -- The CXX compiler identification is GNU 9.4.0
[0.080s] -- Detecting C compiler ABI info
[0.112s] -- Detecting C compiler ABI info - done
[0.120s] -- Check for working C compiler: /usr/bin/cc - skipped
[0.120s] -- Detecting C compile features
[0.121s] -- Detecting C compile features - done
[0.123s] -- Detecting CXX compiler ABI info
[0.162s] -- Detecting CXX compiler ABI info - done
[0.168s] -- Check for working CXX compiler: /usr/bin/c++ - skipped
[0.169s] -- Detecting CXX compile features
[0.169s] -- Detecting CXX compile features - done
[0.174s] -- Found ament_cmake: 1.1.6 (/opt/ros/galactic/share/ament_cmake/cmake)
[0.191s] -- Found PythonInterp: /usr/bin/python3 (found suitable version "3.8.10", minimum required is "3") 
[0.191s] -- Using PYTHON_EXECUTABLE: /usr/bin/python3
[0.258s] -- Found rclcpp: 9.2.2 (/opt/ros/galactic/share/rclcpp/cmake)
[0.307s] -- Using all available rosidl_typesupport_c: rosidl_typesupport_fastrtps_c;rosidl_typesupport_introspection_c
[0.316s] -- Found rosidl_adapter: 2.2.3 (/opt/ros/galactic/share/rosidl_adapter/cmake)
[0.376s] -- Found OpenSSL: /usr/lib/x86_64-linux-gnu/libcrypto.so (found version "1.1.1f")  
[0.405s] -- Found FastRTPS: /opt/ros/galactic/include  
[0.467s] -- Using all available rosidl_typesupport_cpp: rosidl_typesupport_fastrtps_cpp;rosidl_typesupport_introspection_cpp
[0.512s] -- Found rmw_implementation_cmake: 3.3.1 (/opt/ros/galactic/share/rmw_implementation_cmake/cmake)
[0.515s] -- Found rmw_cyclonedds_cpp: 0.22.6 (/opt/ros/galactic/share/rmw_cyclonedds_cpp/cmake)
[0.527s] -- Using RMW implementation 'rmw_cyclonedds_cpp' as default
[0.528s] -- Looking for pthread.h
[0.559s] -- Looking for pthread.h - found
[0.559s] -- Performing Test CMAKE_HAVE_LIBC_PTHREAD
[0.596s] -- Performing Test CMAKE_HAVE_LIBC_PTHREAD - Failed
[0.596s] -- Looking for pthread_create in pthreads
[0.640s] -- Looking for pthread_create in pthreads - not found
[0.641s] -- Looking for pthread_create in pthread
[0.678s] -- Looking for pthread_create in pthread - found
[0.679s] -- Found Threads: TRUE  
[0.776s] -- Found moveit_core: 2.3.4 (/opt/ros/galactic/share/moveit_core/cmake)
[0.818s] -- Found Boost: /usr/lib/x86_64-linux-gnu/cmake/Boost-1.71.0/BoostConfig.cmake (found version "1.71.0") found components: chrono date_time filesystem iostreams program_options regex serialization system thread 
[0.843s] -- Found Boost: /usr/lib/x86_64-linux-gnu/cmake/Boost-1.71.0/BoostConfig.cmake (found version "1.71.0") found components: filesystem 
[0.969s] -- library: /usr/lib/x86_64-linux-gnu/libcurl.so
[1.075s] -- Found Eigen3: TRUE (found version "3.3.7") 
[2.222s] -- Found moveit_ros_planning: 2.3.4 (/opt/ros/galactic/share/moveit_ros_planning/cmake)
[2.225s] -- Found Boost: /usr/lib/x86_64-linux-gnu/cmake/Boost-1.71.0/BoostConfig.cmake (found version "1.71.0") found components: system filesystem date_time program_options thread chrono 
[2.405s] -- Found Boost: /usr/lib/x86_64-linux-gnu/cmake/Boost-1.71.0/BoostConfig.cmake (found version "1.71.0") found components: thread 
[2.814s] -- Found moveit_ros_planning_interface: 2.3.4 (/opt/ros/galactic/share/moveit_ros_planning_interface/cmake)
[2.818s] -- Found Boost: /usr/lib/x86_64-linux-gnu/cmake/Boost-1.71.0/BoostConfig.cmake (found version "1.71.0") found components: date_time filesystem program_options system thread 
[3.082s] -- Found Boost: /usr/lib/x86_64-linux-gnu/cmake/Boost-1.71.0/BoostConfig.cmake (found version "1.71.0") found components: thread system filesystem regex date_time program_options 
[3.340s] -- Found Boost: /usr/lib/x86_64-linux-gnu/cmake/Boost-1.71.0/BoostConfig.cmake (found version "1.71.0") found components: system filesystem date_time program_options thread 
[3.739s] -- Found moveit_ros_robot_interaction: 2.3.4 (/opt/ros/galactic/share/moveit_ros_robot_interaction/cmake)
[3.741s] -- Found Boost: /usr/lib/x86_64-linux-gnu/cmake/Boost-1.71.0/BoostConfig.cmake (found version "1.71.0") found components: thread 
[3.831s] -- Configuring done
[3.851s] -- Generating done
[3.852s] -- Build files have been written to: /home/venu/ros2_ws3/src/build/six_dof_arm
[3.861s] Invoked command in '/home/venu/ros2_ws3/src/build/six_dof_arm' returned '0': /usr/local/bin/cmake /home/venu/ros2_ws3/src/six_dof_arm -DCMAKE_INSTALL_PREFIX=/home/venu/ros2_ws3/src/install/six_dof_arm
[3.861s] Invoking command in '/home/venu/ros2_ws3/src/build/six_dof_arm': /usr/local/bin/cmake --build /home/venu/ros2_ws3/src/build/six_dof_arm -- -j16 -l16
[3.877s] [ 50%] [32mBuilding CXX object CMakeFiles/arm_movement.dir/src/arm_movement.cpp.o[0m
[7.236s] [100%] [32m[1mLinking CXX executable arm_movement[0m
[7.481s] [100%] Built target arm_movement
[7.487s] Invoked command in '/home/venu/ros2_ws3/src/build/six_dof_arm' returned '0': /usr/local/bin/cmake --build /home/venu/ros2_ws3/src/build/six_dof_arm -- -j16 -l16
[7.503s] Invoking command in '/home/venu/ros2_ws3/src/build/six_dof_arm': /usr/local/bin/cmake --install /home/venu/ros2_ws3/src/build/six_dof_arm
[7.504s] -- Install configuration: ""
[7.505s] -- Installing: /home/venu/ros2_ws3/src/install/six_dof_arm/lib/six_dof_arm/arm_movement
[7.505s] -- Set runtime path of "/home/venu/ros2_ws3/src/install/six_dof_arm/lib/six_dof_arm/arm_movement" to ""
[7.505s] -- Installing: /home/venu/ros2_ws3/src/install/six_dof_arm/share/six_dof_arm/launch
[7.505s] -- Installing: /home/venu/ros2_ws3/src/install/six_dof_arm/share/six_dof_arm/launch/robot_state_publisher_launch.py
[7.506s] -- Installing: /home/venu/ros2_ws3/src/install/six_dof_arm/share/six_dof_arm/launch/build
[7.506s] -- Installing: /home/venu/ros2_ws3/src/install/six_dof_arm/share/six_dof_arm/launch/build/COLCON_IGNORE
[7.506s] -- Installing: /home/venu/ros2_ws3/src/install/six_dof_arm/share/six_dof_arm/launch/build/.built_by
[7.506s] -- Installing: /home/venu/ros2_ws3/src/install/six_dof_arm/share/six_dof_arm/launch/install
[7.506s] -- Installing: /home/venu/ros2_ws3/src/install/six_dof_arm/share/six_dof_arm/launch/install/.colcon_install_layout
[7.506s] -- Installing: /home/venu/ros2_ws3/src/install/six_dof_arm/share/six_dof_arm/launch/install/setup.zsh
[7.507s] -- Installing: /home/venu/ros2_ws3/src/install/six_dof_arm/share/six_dof_arm/launch/install/COLCON_IGNORE
[7.507s] -- Installing: /home/venu/ros2_ws3/src/install/six_dof_arm/share/six_dof_arm/launch/install/local_setup.bash
[7.507s] -- Installing: /home/venu/ros2_ws3/src/install/six_dof_arm/share/six_dof_arm/launch/install/setup.ps1
[7.507s] -- Installing: /home/venu/ros2_ws3/src/install/six_dof_arm/share/six_dof_arm/launch/install/_local_setup_util_sh.py
[7.507s] -- Installing: /home/venu/ros2_ws3/src/install/six_dof_arm/share/six_dof_arm/launch/install/local_setup.sh
[7.507s] -- Installing: /home/venu/ros2_ws3/src/install/six_dof_arm/share/six_dof_arm/launch/install/_local_setup_util_ps1.py
[7.507s] -- Installing: /home/venu/ros2_ws3/src/install/six_dof_arm/share/six_dof_arm/launch/install/local_setup.zsh
[7.507s] -- Installing: /home/venu/ros2_ws3/src/install/six_dof_arm/share/six_dof_arm/launch/install/setup.sh
[7.508s] -- Installing: /home/venu/ros2_ws3/src/install/six_dof_arm/share/six_dof_arm/launch/install/local_setup.ps1
[7.508s] -- Installing: /home/venu/ros2_ws3/src/install/six_dof_arm/share/six_dof_arm/launch/install/setup.bash
[7.508s] -- Installing: /home/venu/ros2_ws3/src/install/six_dof_arm/share/six_dof_arm/launch/log
[7.508s] -- Installing: /home/venu/ros2_ws3/src/install/six_dof_arm/share/six_dof_arm/launch/log/COLCON_IGNORE
[7.509s] -- Installing: /home/venu/ros2_ws3/src/install/six_dof_arm/share/six_dof_arm/launch/log/build_2024-08-26_20-31-36
[7.509s] -- Installing: /home/venu/ros2_ws3/src/install/six_dof_arm/share/six_dof_arm/launch/log/build_2024-08-26_20-31-36/events.log
[7.509s] -- Installing: /home/venu/ros2_ws3/src/install/six_dof_arm/share/six_dof_arm/launch/log/build_2024-08-26_20-31-36/logger_all.log
[7.509s] -- Installing: /home/venu/ros2_ws3/src/install/six_dof_arm/share/six_dof_arm/launch/log/latest
[7.509s] -- Installing: /home/venu/ros2_ws3/src/install/six_dof_arm/share/six_dof_arm/launch/log/latest_build
[7.510s] -- Installing: /home/venu/ros2_ws3/src/install/six_dof_arm/share/six_dof_arm/launch/gazebo.launch.py
[7.510s] -- Installing: /home/venu/ros2_ws3/src/install/six_dof_arm/share/ament_index/resource_index/package_run_dependencies/six_dof_arm
[7.510s] -- Installing: /home/venu/ros2_ws3/src/install/six_dof_arm/share/ament_index/resource_index/parent_prefix_path/six_dof_arm
[7.510s] -- Installing: /home/venu/ros2_ws3/src/install/six_dof_arm/share/six_dof_arm/environment/ament_prefix_path.sh
[7.510s] -- Installing: /home/venu/ros2_ws3/src/install/six_dof_arm/share/six_dof_arm/environment/ament_prefix_path.dsv
[7.510s] -- Installing: /home/venu/ros2_ws3/src/install/six_dof_arm/share/six_dof_arm/environment/path.sh
[7.511s] -- Installing: /home/venu/ros2_ws3/src/install/six_dof_arm/share/six_dof_arm/environment/path.dsv
[7.511s] -- Installing: /home/venu/ros2_ws3/src/install/six_dof_arm/share/six_dof_arm/local_setup.bash
[7.511s] -- Installing: /home/venu/ros2_ws3/src/install/six_dof_arm/share/six_dof_arm/local_setup.sh
[7.511s] -- Installing: /home/venu/ros2_ws3/src/install/six_dof_arm/share/six_dof_arm/local_setup.zsh
[7.511s] -- Installing: /home/venu/ros2_ws3/src/install/six_dof_arm/share/six_dof_arm/local_setup.dsv
[7.511s] -- Installing: /home/venu/ros2_ws3/src/install/six_dof_arm/share/six_dof_arm/package.dsv
[7.511s] -- Installing: /home/venu/ros2_ws3/src/install/six_dof_arm/share/ament_index/resource_index/packages/six_dof_arm
[7.511s] -- Installing: /home/venu/ros2_ws3/src/install/six_dof_arm/share/six_dof_arm/cmake/six_dof_armConfig.cmake
[7.512s] -- Installing: /home/venu/ros2_ws3/src/install/six_dof_arm/share/six_dof_arm/cmake/six_dof_armConfig-version.cmake
[7.512s] -- Installing: /home/venu/ros2_ws3/src/install/six_dof_arm/share/six_dof_arm/package.xml
[7.512s] Invoked command in '/home/venu/ros2_ws3/src/build/six_dof_arm' returned '0': /usr/local/bin/cmake --install /home/venu/ros2_ws3/src/build/six_dof_arm
