[0.018s] Invoking command in '/home/venu/ros2_ws3/build/gazebo_ros2_control': /usr/local/bin/cmake --build /home/venu/ros2_ws3/build/gazebo_ros2_control -- -j16 -l16
[0.032s] Invoked command in '/home/venu/ros2_ws3/build/gazebo_ros2_control' returned '0': /usr/local/bin/cmake --build /home/venu/ros2_ws3/build/gazebo_ros2_control -- -j16 -l16
[0.047s] Invoking command in '/home/venu/ros2_ws3/build/gazebo_ros2_control': /usr/local/bin/cmake --install /home/venu/ros2_ws3/build/gazebo_ros2_control
[0.049s] -- Install configuration: ""
[0.050s] -- Execute custom install script
[0.050s] -- Up-to-date symlink: /home/venu/ros2_ws3/install/gazebo_ros2_control/share/ament_index/resource_index/package_run_dependencies/gazebo_ros2_control
[0.050s] -- Up-to-date symlink: /home/venu/ros2_ws3/install/gazebo_ros2_control/share/ament_index/resource_index/parent_prefix_path/gazebo_ros2_control
[0.050s] -- Up-to-date symlink: /home/venu/ros2_ws3/install/gazebo_ros2_control/share/gazebo_ros2_control/environment/ament_prefix_path.sh
[0.050s] -- Up-to-date symlink: /home/venu/ros2_ws3/install/gazebo_ros2_control/share/gazebo_ros2_control/environment/ament_prefix_path.dsv
[0.050s] -- Up-to-date symlink: /home/venu/ros2_ws3/install/gazebo_ros2_control/share/gazebo_ros2_control/environment/path.sh
[0.050s] -- Up-to-date symlink: /home/venu/ros2_ws3/install/gazebo_ros2_control/share/gazebo_ros2_control/environment/path.dsv
[0.051s] -- Up-to-date symlink: /home/venu/ros2_ws3/install/gazebo_ros2_control/share/gazebo_ros2_control/local_setup.bash
[0.051s] -- Up-to-date symlink: /home/venu/ros2_ws3/install/gazebo_ros2_control/share/gazebo_ros2_control/local_setup.sh
[0.051s] -- Up-to-date symlink: /home/venu/ros2_ws3/install/gazebo_ros2_control/share/gazebo_ros2_control/local_setup.zsh
[0.051s] -- Up-to-date symlink: /home/venu/ros2_ws3/install/gazebo_ros2_control/share/gazebo_ros2_control/local_setup.dsv
[0.051s] -- Symlinking: /home/venu/ros2_ws3/install/gazebo_ros2_control/share/gazebo_ros2_control/package.dsv
[0.052s] -- Up-to-date symlink: /home/venu/ros2_ws3/install/gazebo_ros2_control/share/ament_index/resource_index/packages/gazebo_ros2_control
[0.052s] -- Up-to-date symlink: /home/venu/ros2_ws3/install/gazebo_ros2_control/share/gazebo_ros2_control/cmake/gazebo_ros2_controlConfig.cmake
[0.053s] -- Up-to-date symlink: /home/venu/ros2_ws3/install/gazebo_ros2_control/share/gazebo_ros2_control/cmake/gazebo_ros2_controlConfig-version.cmake
[0.053s] -- Up-to-date symlink: /home/venu/ros2_ws3/install/gazebo_ros2_control/share/gazebo_ros2_control/package.xml
[0.054s] Invoked command in '/home/venu/ros2_ws3/build/gazebo_ros2_control' returned '0': /usr/local/bin/cmake --install /home/venu/ros2_ws3/build/gazebo_ros2_control
