[0.105s] DEBUG:colcon:Command line arguments: ['/usr/bin/colcon', 'build']
[0.105s] DEBUG:colcon:Parsed command line arguments: Namespace(allow_overriding=[], ament_cmake_args=None, base_paths=['.'], build_base='build', catkin_cmake_args=None, catkin_skip_building_tests=False, cmake_args=None, cmake_clean_cache=False, cmake_clean_first=False, cmake_force_configure=False, cmake_target=None, cmake_target_skip_unavailable=False, continue_on_error=False, event_handlers=None, executor='parallel', ignore_user_meta=False, install_base='install', log_base=None, log_level=None, main=<bound method BuildVerb.main of <colcon_core.verb.build.BuildVerb object at 0x7f0f9ecb13d0>>, merge_install=False, metas=['./colcon.meta'], packages_above=None, packages_above_and_dependencies=None, packages_above_depth=None, packages_end=None, packages_ignore=None, packages_ignore_regex=None, packages_select=None, packages_select_build_failed=False, packages_select_by_dep=None, packages_select_regex=None, packages_select_test_failures=False, packages_skip=None, packages_skip_build_finished=False, packages_skip_by_dep=None, packages_skip_regex=None, packages_skip_test_passed=False, packages_skip_up_to=None, packages_start=None, packages_up_to=None, packages_up_to_regex=None, parallel_workers=16, paths=None, symlink_install=False, test_result_base=None, verb_extension=<colcon_core.verb.build.BuildVerb object at 0x7f0f9ecb13d0>, verb_name='build', verb_parser=<colcon_defaults.argument_parser.defaults.DefaultArgumentsDecorator object at 0x7f0f9ece9670>)
[0.133s] Level 1:colcon.colcon_core.package_discovery:discover_packages(colcon_meta) check parameters
[0.133s] Level 1:colcon.colcon_core.package_discovery:discover_packages(recursive) check parameters
[0.133s] Level 1:colcon.colcon_core.package_discovery:discover_packages(ignore) check parameters
[0.133s] Level 1:colcon.colcon_core.package_discovery:discover_packages(path) check parameters
[0.133s] Level 1:colcon.colcon_core.package_discovery:discover_packages(colcon_meta) discover
[0.133s] Level 1:colcon.colcon_core.package_discovery:discover_packages(recursive) discover
[0.133s] INFO:colcon.colcon_core.package_discovery:Crawling recursively for packages in '/home/venu/ros2_ws/src'
[0.133s] Level 1:colcon.colcon_core.package_identification:_identify(.) by extensions ['ignore', 'ignore_ament_install']
[0.133s] Level 1:colcon.colcon_core.package_identification:_identify(.) by extension 'ignore'
[0.133s] Level 1:colcon.colcon_core.package_identification:_identify(.) by extension 'ignore_ament_install'
[0.133s] Level 1:colcon.colcon_core.package_identification:_identify(.) by extensions ['colcon_pkg']
[0.133s] Level 1:colcon.colcon_core.package_identification:_identify(.) by extension 'colcon_pkg'
[0.134s] Level 1:colcon.colcon_core.package_identification:_identify(.) by extensions ['colcon_meta']
[0.134s] Level 1:colcon.colcon_core.package_identification:_identify(.) by extension 'colcon_meta'
[0.134s] Level 1:colcon.colcon_core.package_identification:_identify(.) by extensions ['ros']
[0.134s] Level 1:colcon.colcon_core.package_identification:_identify(.) by extension 'ros'
[0.142s] Level 1:colcon.colcon_core.package_identification:_identify(.) by extensions ['cmake', 'python']
[0.142s] Level 1:colcon.colcon_core.package_identification:_identify(.) by extension 'cmake'
[0.142s] Level 1:colcon.colcon_core.package_identification:_identify(.) by extension 'python'
[0.142s] Level 1:colcon.colcon_core.package_identification:_identify(.) by extensions ['python_setup_py']
[0.142s] Level 1:colcon.colcon_core.package_identification:_identify(.) by extension 'python_setup_py'
[0.142s] Level 1:colcon.colcon_core.package_identification:_identify(build) by extensions ['ignore', 'ignore_ament_install']
[0.142s] Level 1:colcon.colcon_core.package_identification:_identify(build) by extension 'ignore'
[0.142s] Level 1:colcon.colcon_core.package_identification:_identify(build) ignored
[0.143s] Level 1:colcon.colcon_core.package_identification:_identify(install) by extensions ['ignore', 'ignore_ament_install']
[0.143s] Level 1:colcon.colcon_core.package_identification:_identify(install) by extension 'ignore'
[0.143s] Level 1:colcon.colcon_core.package_identification:_identify(install) ignored
[0.143s] Level 1:colcon.colcon_core.package_identification:_identify(log) by extensions ['ignore', 'ignore_ament_install']
[0.143s] Level 1:colcon.colcon_core.package_identification:_identify(log) by extension 'ignore'
[0.143s] Level 1:colcon.colcon_core.package_identification:_identify(log) ignored
[0.143s] Level 1:colcon.colcon_core.package_identification:_identify(turtlebot_keyboard) by extensions ['ignore', 'ignore_ament_install']
[0.143s] Level 1:colcon.colcon_core.package_identification:_identify(turtlebot_keyboard) by extension 'ignore'
[0.143s] Level 1:colcon.colcon_core.package_identification:_identify(turtlebot_keyboard) by extension 'ignore_ament_install'
[0.143s] Level 1:colcon.colcon_core.package_identification:_identify(turtlebot_keyboard) by extensions ['colcon_pkg']
[0.143s] Level 1:colcon.colcon_core.package_identification:_identify(turtlebot_keyboard) by extension 'colcon_pkg'
[0.143s] Level 1:colcon.colcon_core.package_identification:_identify(turtlebot_keyboard) by extensions ['colcon_meta']
[0.143s] Level 1:colcon.colcon_core.package_identification:_identify(turtlebot_keyboard) by extension 'colcon_meta'
[0.143s] Level 1:colcon.colcon_core.package_identification:_identify(turtlebot_keyboard) by extensions ['ros']
[0.143s] Level 1:colcon.colcon_core.package_identification:_identify(turtlebot_keyboard) by extension 'ros'
[0.144s] DEBUG:colcon.colcon_core.package_identification:Package 'turtlebot_keyboard' with type 'ros.ament_cmake' and name 'turtlebot_keyboard'
[0.144s] Level 1:colcon.colcon_core.package_discovery:discover_packages(recursive) using defaults
[0.144s] Level 1:colcon.colcon_core.package_discovery:discover_packages(ignore) discover
[0.144s] Level 1:colcon.colcon_core.package_discovery:discover_packages(ignore) using defaults
[0.144s] Level 1:colcon.colcon_core.package_discovery:discover_packages(path) discover
[0.145s] Level 1:colcon.colcon_core.package_discovery:discover_packages(path) using defaults
[0.155s] Level 1:colcon.colcon_core.package_discovery:discover_packages(prefix_path) check parameters
[0.155s] Level 1:colcon.colcon_core.package_discovery:discover_packages(prefix_path) discover
[0.156s] WARNING:colcon.colcon_ros.prefix_path.ament:The path '/home/venu/ros2_ws/install/turtlebot_keyboard' in the environment variable AMENT_PREFIX_PATH doesn't exist
[0.156s] WARNING:colcon.colcon_ros.prefix_path.catkin:The path '/home/venu/ros2_ws/install/turtlebot_keyboard' in the environment variable CMAKE_PREFIX_PATH doesn't exist
[0.156s] DEBUG:colcon.colcon_installed_package_information.package_discovery:Found 1 installed packages in /home/venu/ros2_ws/install
[0.157s] DEBUG:colcon.colcon_installed_package_information.package_discovery:Found 276 installed packages in /opt/ros/galactic
[0.157s] Level 1:colcon.colcon_core.package_discovery:discover_packages(prefix_path) using defaults
[0.183s] Level 5:colcon.colcon_core.verb:set package 'turtlebot_keyboard' build argument 'cmake_args' from command line to 'None'
[0.183s] Level 5:colcon.colcon_core.verb:set package 'turtlebot_keyboard' build argument 'cmake_target' from command line to 'None'
[0.183s] Level 5:colcon.colcon_core.verb:set package 'turtlebot_keyboard' build argument 'cmake_target_skip_unavailable' from command line to 'False'
[0.183s] Level 5:colcon.colcon_core.verb:set package 'turtlebot_keyboard' build argument 'cmake_clean_cache' from command line to 'False'
[0.183s] Level 5:colcon.colcon_core.verb:set package 'turtlebot_keyboard' build argument 'cmake_clean_first' from command line to 'False'
[0.183s] Level 5:colcon.colcon_core.verb:set package 'turtlebot_keyboard' build argument 'cmake_force_configure' from command line to 'False'
[0.183s] Level 5:colcon.colcon_core.verb:set package 'turtlebot_keyboard' build argument 'ament_cmake_args' from command line to 'None'
[0.183s] Level 5:colcon.colcon_core.verb:set package 'turtlebot_keyboard' build argument 'catkin_cmake_args' from command line to 'None'
[0.183s] Level 5:colcon.colcon_core.verb:set package 'turtlebot_keyboard' build argument 'catkin_skip_building_tests' from command line to 'False'
[0.183s] DEBUG:colcon.colcon_core.verb:Building package 'turtlebot_keyboard' with the following arguments: {'ament_cmake_args': None, 'build_base': '/home/venu/ros2_ws/src/build/turtlebot_keyboard', 'catkin_cmake_args': None, 'catkin_skip_building_tests': False, 'cmake_args': None, 'cmake_clean_cache': False, 'cmake_clean_first': False, 'cmake_force_configure': False, 'cmake_target': None, 'cmake_target_skip_unavailable': False, 'install_base': '/home/venu/ros2_ws/src/install/turtlebot_keyboard', 'merge_install': False, 'path': '/home/venu/ros2_ws/src/turtlebot_keyboard', 'symlink_install': False, 'test_result_base': None}
[0.183s] INFO:colcon.colcon_core.executor:Executing jobs using 'parallel' executor
[0.184s] DEBUG:colcon.colcon_parallel_executor.executor.parallel:run_until_complete
[0.184s] INFO:colcon.colcon_ros.task.ament_cmake.build:Building ROS package in '/home/venu/ros2_ws/src/turtlebot_keyboard' with build type 'ament_cmake'
[0.184s] INFO:colcon.colcon_cmake.task.cmake.build:Building CMake package in '/home/venu/ros2_ws/src/turtlebot_keyboard'
[0.185s] INFO:colcon.colcon_core.plugin_system:Skipping extension 'colcon_core.shell.bat': Not used on non-Windows systems
[0.185s] INFO:colcon.colcon_core.shell:Skip shell extension 'powershell' for command environment: Not usable outside of PowerShell
[0.185s] DEBUG:colcon.colcon_core.shell:Skip shell extension 'dsv' for command environment
[0.192s] DEBUG:colcon.colcon_core.event_handler.log_command:Invoking command in '/home/venu/ros2_ws/src/build/turtlebot_keyboard': CMAKE_PREFIX_PATH=${CMAKE_PREFIX_PATH}:/opt/ros/galactic /usr/bin/cmake /home/venu/ros2_ws/src/turtlebot_keyboard -DCMAKE_INSTALL_PREFIX=/home/venu/ros2_ws/src/install/turtlebot_keyboard
[0.969s] DEBUG:colcon.colcon_core.event_handler.log_command:Invoked command in '/home/venu/ros2_ws/src/build/turtlebot_keyboard' returned '0': CMAKE_PREFIX_PATH=${CMAKE_PREFIX_PATH}:/opt/ros/galactic /usr/bin/cmake /home/venu/ros2_ws/src/turtlebot_keyboard -DCMAKE_INSTALL_PREFIX=/home/venu/ros2_ws/src/install/turtlebot_keyboard
[0.969s] DEBUG:colcon.colcon_core.event_handler.log_command:Invoking command in '/home/venu/ros2_ws/src/build/turtlebot_keyboard': CMAKE_PREFIX_PATH=${CMAKE_PREFIX_PATH}:/opt/ros/galactic /usr/bin/cmake --build /home/venu/ros2_ws/src/build/turtlebot_keyboard -- -j16 -l16
[3.026s] DEBUG:colcon.colcon_core.event_handler.log_command:Invoked command in '/home/venu/ros2_ws/src/build/turtlebot_keyboard' returned '0': CMAKE_PREFIX_PATH=${CMAKE_PREFIX_PATH}:/opt/ros/galactic /usr/bin/cmake --build /home/venu/ros2_ws/src/build/turtlebot_keyboard -- -j16 -l16
[3.046s] DEBUG:colcon.colcon_core.event_handler.log_command:Invoking command in '/home/venu/ros2_ws/src/build/turtlebot_keyboard': CMAKE_PREFIX_PATH=${CMAKE_PREFIX_PATH}:/opt/ros/galactic /usr/bin/cmake --install /home/venu/ros2_ws/src/build/turtlebot_keyboard
[3.052s] Level 1:colcon.colcon_core.environment:create_environment_scripts_only(turtlebot_keyboard)
[3.052s] DEBUG:colcon.colcon_core.event_handler.log_command:Invoked command in '/home/venu/ros2_ws/src/build/turtlebot_keyboard' returned '0': CMAKE_PREFIX_PATH=${CMAKE_PREFIX_PATH}:/opt/ros/galactic /usr/bin/cmake --install /home/venu/ros2_ws/src/build/turtlebot_keyboard
[3.053s] Level 1:colcon.colcon_core.environment:checking '/home/venu/ros2_ws/src/install/turtlebot_keyboard' for CMake module files
[3.053s] Level 1:colcon.colcon_core.environment:checking '/home/venu/ros2_ws/src/install/turtlebot_keyboard' for CMake config files
[3.053s] Level 1:colcon.colcon_core.shell:create_environment_hook('turtlebot_keyboard', 'cmake_prefix_path')
[3.054s] INFO:colcon.colcon_core.shell:Creating environment hook '/home/venu/ros2_ws/src/install/turtlebot_keyboard/share/turtlebot_keyboard/hook/cmake_prefix_path.ps1'
[3.054s] INFO:colcon.colcon_core.shell:Creating environment descriptor '/home/venu/ros2_ws/src/install/turtlebot_keyboard/share/turtlebot_keyboard/hook/cmake_prefix_path.dsv'
[3.054s] INFO:colcon.colcon_core.shell:Creating environment hook '/home/venu/ros2_ws/src/install/turtlebot_keyboard/share/turtlebot_keyboard/hook/cmake_prefix_path.sh'
[3.055s] Level 1:colcon.colcon_core.environment:checking '/home/venu/ros2_ws/src/install/turtlebot_keyboard/lib'
[3.055s] Level 1:colcon.colcon_core.environment:checking '/home/venu/ros2_ws/src/install/turtlebot_keyboard/bin'
[3.055s] Level 1:colcon.colcon_core.environment:checking '/home/venu/ros2_ws/src/install/turtlebot_keyboard/lib/pkgconfig/turtlebot_keyboard.pc'
[3.055s] Level 1:colcon.colcon_core.environment:checking '/home/venu/ros2_ws/src/install/turtlebot_keyboard/lib/python3.8/site-packages'
[3.055s] Level 1:colcon.colcon_core.environment:checking '/home/venu/ros2_ws/src/install/turtlebot_keyboard/bin'
[3.055s] INFO:colcon.colcon_core.shell:Creating package script '/home/venu/ros2_ws/src/install/turtlebot_keyboard/share/turtlebot_keyboard/package.ps1'
[3.055s] INFO:colcon.colcon_core.shell:Creating package descriptor '/home/venu/ros2_ws/src/install/turtlebot_keyboard/share/turtlebot_keyboard/package.dsv'
[3.056s] INFO:colcon.colcon_core.shell:Creating package script '/home/venu/ros2_ws/src/install/turtlebot_keyboard/share/turtlebot_keyboard/package.sh'
[3.056s] INFO:colcon.colcon_core.shell:Creating package script '/home/venu/ros2_ws/src/install/turtlebot_keyboard/share/turtlebot_keyboard/package.bash'
[3.056s] INFO:colcon.colcon_core.shell:Creating package script '/home/venu/ros2_ws/src/install/turtlebot_keyboard/share/turtlebot_keyboard/package.zsh'
[3.057s] Level 1:colcon.colcon_core.environment:create_file_with_runtime_dependencies(/home/venu/ros2_ws/src/install/turtlebot_keyboard/share/colcon-core/packages/turtlebot_keyboard)
[3.069s] Level 1:colcon.colcon_core.environment:create_environment_scripts_only(turtlebot_keyboard)
[3.069s] Level 1:colcon.colcon_core.environment:checking '/home/venu/ros2_ws/src/install/turtlebot_keyboard' for CMake module files
[3.069s] Level 1:colcon.colcon_core.environment:checking '/home/venu/ros2_ws/src/install/turtlebot_keyboard' for CMake config files
[3.069s] Level 1:colcon.colcon_core.shell:create_environment_hook('turtlebot_keyboard', 'cmake_prefix_path')
[3.070s] INFO:colcon.colcon_core.shell:Creating environment hook '/home/venu/ros2_ws/src/install/turtlebot_keyboard/share/turtlebot_keyboard/hook/cmake_prefix_path.ps1'
[3.070s] INFO:colcon.colcon_core.shell:Creating environment descriptor '/home/venu/ros2_ws/src/install/turtlebot_keyboard/share/turtlebot_keyboard/hook/cmake_prefix_path.dsv'
[3.070s] INFO:colcon.colcon_core.shell:Creating environment hook '/home/venu/ros2_ws/src/install/turtlebot_keyboard/share/turtlebot_keyboard/hook/cmake_prefix_path.sh'
[3.070s] Level 1:colcon.colcon_core.environment:checking '/home/venu/ros2_ws/src/install/turtlebot_keyboard/lib'
[3.070s] Level 1:colcon.colcon_core.environment:checking '/home/venu/ros2_ws/src/install/turtlebot_keyboard/bin'
[3.070s] Level 1:colcon.colcon_core.environment:checking '/home/venu/ros2_ws/src/install/turtlebot_keyboard/lib/pkgconfig/turtlebot_keyboard.pc'
[3.071s] Level 1:colcon.colcon_core.environment:checking '/home/venu/ros2_ws/src/install/turtlebot_keyboard/lib/python3.8/site-packages'
[3.071s] Level 1:colcon.colcon_core.environment:checking '/home/venu/ros2_ws/src/install/turtlebot_keyboard/bin'
[3.071s] INFO:colcon.colcon_core.shell:Creating package script '/home/venu/ros2_ws/src/install/turtlebot_keyboard/share/turtlebot_keyboard/package.ps1'
[3.071s] INFO:colcon.colcon_core.shell:Creating package descriptor '/home/venu/ros2_ws/src/install/turtlebot_keyboard/share/turtlebot_keyboard/package.dsv'
[3.071s] INFO:colcon.colcon_core.shell:Creating package script '/home/venu/ros2_ws/src/install/turtlebot_keyboard/share/turtlebot_keyboard/package.sh'
[3.071s] INFO:colcon.colcon_core.shell:Creating package script '/home/venu/ros2_ws/src/install/turtlebot_keyboard/share/turtlebot_keyboard/package.bash'
[3.072s] INFO:colcon.colcon_core.shell:Creating package script '/home/venu/ros2_ws/src/install/turtlebot_keyboard/share/turtlebot_keyboard/package.zsh'
[3.072s] Level 1:colcon.colcon_core.environment:create_file_with_runtime_dependencies(/home/venu/ros2_ws/src/install/turtlebot_keyboard/share/colcon-core/packages/turtlebot_keyboard)
[3.072s] DEBUG:colcon.colcon_parallel_executor.executor.parallel:closing loop
[3.073s] DEBUG:colcon.colcon_parallel_executor.executor.parallel:loop closed
[3.073s] DEBUG:colcon.colcon_parallel_executor.executor.parallel:run_until_complete finished with '0'
[3.073s] DEBUG:colcon.colcon_core.event_reactor:joining thread
[3.076s] INFO:colcon.colcon_core.plugin_system:Skipping extension 'colcon_notification.desktop_notification.terminal_notifier': Not used on non-Darwin systems
[3.076s] INFO:colcon.colcon_core.plugin_system:Skipping extension 'colcon_notification.desktop_notification.win32': Not used on non-Windows systems
[3.076s] INFO:colcon.colcon_notification.desktop_notification:Sending desktop notification using 'notify2'
[3.085s] DEBUG:colcon.colcon_core.event_reactor:joined thread
[3.085s] INFO:colcon.colcon_core.shell:Creating prefix script '/home/venu/ros2_ws/src/install/local_setup.ps1'
[3.085s] INFO:colcon.colcon_core.shell:Creating prefix util module '/home/venu/ros2_ws/src/install/_local_setup_util_ps1.py'
[3.086s] INFO:colcon.colcon_core.shell:Creating prefix chain script '/home/venu/ros2_ws/src/install/setup.ps1'
[3.086s] INFO:colcon.colcon_core.shell:Creating prefix script '/home/venu/ros2_ws/src/install/local_setup.sh'
[3.087s] INFO:colcon.colcon_core.shell:Creating prefix util module '/home/venu/ros2_ws/src/install/_local_setup_util_sh.py'
[3.087s] INFO:colcon.colcon_core.shell:Creating prefix chain script '/home/venu/ros2_ws/src/install/setup.sh'
[3.087s] INFO:colcon.colcon_core.shell:Creating prefix script '/home/venu/ros2_ws/src/install/local_setup.bash'
[3.087s] INFO:colcon.colcon_core.shell:Creating prefix chain script '/home/venu/ros2_ws/src/install/setup.bash'
[3.088s] INFO:colcon.colcon_core.shell:Creating prefix script '/home/venu/ros2_ws/src/install/local_setup.zsh'
[3.088s] INFO:colcon.colcon_core.shell:Creating prefix chain script '/home/venu/ros2_ws/src/install/setup.zsh'
