[0.016s] Invoking command in '/home/venu/ros2_ws3/src/build/gazebo_ros2_control': /usr/local/bin/cmake /home/venu/ros2_ws3/src/gazebo_ros2_control -DAMENT_CMAKE_SYMLINK_INSTALL=1 -DCMAKE_INSTALL_PREFIX=/home/venu/ros2_ws3/src/install/gazebo_ros2_control
[0.059s] -- The C compiler identification is GNU 9.4.0
[0.098s] -- The CXX compiler identification is GNU 9.4.0
[0.105s] -- Detecting C compiler ABI info
[0.144s] -- Detecting C compiler ABI info - done
[0.153s] -- Check for working C compiler: /usr/bin/cc - skipped
[0.153s] -- Detecting C compile features
[0.153s] -- Detecting C compile features - done
[0.156s] -- Detecting CXX compiler ABI info
[0.198s] -- Detecting CXX compiler ABI info - done
[0.205s] -- Check for working CXX compiler: /usr/bin/c++ - skipped
[0.205s] -- Detecting CXX compile features
[0.205s] -- Detecting CXX compile features - done
[0.209s] -- Found ament_cmake: 1.1.6 (/opt/ros/galactic/share/ament_cmake/cmake)
[0.228s] -- Found PythonInterp: /usr/bin/python3 (found suitable version "3.8.10", minimum required is "3") 
[0.228s] -- Using PYTHON_EXECUTABLE: /usr/bin/python3
[0.270s] -- Override CMake install command with custom implementation using symlinks instead of copying resources
[0.310s] -- Found ament_lint_auto: 0.10.7 (/opt/ros/galactic/share/ament_lint_auto/cmake)
[0.378s] -- Added test 'copyright' to check source files copyright and LICENSE
[0.381s] -- Added test 'cppcheck' to perform static code analysis on C / C++ code
[0.381s] -- Configured cppcheck include dirs: 
[0.381s] -- Configured cppcheck exclude dirs and/or files: 
[0.384s] -- Added test 'cpplint' to check C / C++ code against the Google style
[0.384s] -- Configured cpplint exclude dirs and/or files: 
[0.385s] -- Added test 'flake8' to check Python code syntax and style conventions
[0.386s] -- Added test 'lint_cmake' to check CMake code style
[0.386s] -- Added test 'pep257' to check Python code against some of the style conventions in PEP 257
[0.391s] -- Added test 'uncrustify' to check C / C++ code style
[0.391s] -- Configured uncrustify additional arguments: 
[0.391s] -- Added test 'xmllint' to check XML markup files
[0.392s] -- Configuring done
[0.393s] -- Generating done
[0.393s] -- Build files have been written to: /home/venu/ros2_ws3/src/build/gazebo_ros2_control
[0.397s] Invoked command in '/home/venu/ros2_ws3/src/build/gazebo_ros2_control' returned '0': /usr/local/bin/cmake /home/venu/ros2_ws3/src/gazebo_ros2_control -DAMENT_CMAKE_SYMLINK_INSTALL=1 -DCMAKE_INSTALL_PREFIX=/home/venu/ros2_ws3/src/install/gazebo_ros2_control
[0.399s] Invoking command in '/home/venu/ros2_ws3/src/build/gazebo_ros2_control': /usr/local/bin/cmake --build /home/venu/ros2_ws3/src/build/gazebo_ros2_control -- -j16 -l16
[0.408s] Invoked command in '/home/venu/ros2_ws3/src/build/gazebo_ros2_control' returned '0': /usr/local/bin/cmake --build /home/venu/ros2_ws3/src/build/gazebo_ros2_control -- -j16 -l16
[0.423s] Invoking command in '/home/venu/ros2_ws3/src/build/gazebo_ros2_control': /usr/local/bin/cmake --install /home/venu/ros2_ws3/src/build/gazebo_ros2_control
[0.426s] -- Install configuration: ""
[0.427s] -- Execute custom install script
[0.427s] -- Symlinking: /home/venu/ros2_ws3/src/install/gazebo_ros2_control/share/ament_index/resource_index/package_run_dependencies/gazebo_ros2_control
[0.429s] -- Symlinking: /home/venu/ros2_ws3/src/install/gazebo_ros2_control/share/ament_index/resource_index/parent_prefix_path/gazebo_ros2_control
[0.431s] -- Symlinking: /home/venu/ros2_ws3/src/install/gazebo_ros2_control/share/gazebo_ros2_control/environment/ament_prefix_path.sh
[0.433s] -- Symlinking: /home/venu/ros2_ws3/src/install/gazebo_ros2_control/share/gazebo_ros2_control/environment/ament_prefix_path.dsv
[0.434s] -- Symlinking: /home/venu/ros2_ws3/src/install/gazebo_ros2_control/share/gazebo_ros2_control/environment/path.sh
[0.436s] -- Symlinking: /home/venu/ros2_ws3/src/install/gazebo_ros2_control/share/gazebo_ros2_control/environment/path.dsv
[0.438s] -- Symlinking: /home/venu/ros2_ws3/src/install/gazebo_ros2_control/share/gazebo_ros2_control/local_setup.bash
[0.439s] -- Symlinking: /home/venu/ros2_ws3/src/install/gazebo_ros2_control/share/gazebo_ros2_control/local_setup.sh
[0.441s] -- Symlinking: /home/venu/ros2_ws3/src/install/gazebo_ros2_control/share/gazebo_ros2_control/local_setup.zsh
[0.442s] -- Symlinking: /home/venu/ros2_ws3/src/install/gazebo_ros2_control/share/gazebo_ros2_control/local_setup.dsv
[0.444s] -- Symlinking: /home/venu/ros2_ws3/src/install/gazebo_ros2_control/share/gazebo_ros2_control/package.dsv
[0.446s] -- Symlinking: /home/venu/ros2_ws3/src/install/gazebo_ros2_control/share/ament_index/resource_index/packages/gazebo_ros2_control
[0.447s] -- Symlinking: /home/venu/ros2_ws3/src/install/gazebo_ros2_control/share/gazebo_ros2_control/cmake/gazebo_ros2_controlConfig.cmake
[0.448s] -- Symlinking: /home/venu/ros2_ws3/src/install/gazebo_ros2_control/share/gazebo_ros2_control/cmake/gazebo_ros2_controlConfig-version.cmake
[0.450s] -- Symlinking: /home/venu/ros2_ws3/src/install/gazebo_ros2_control/share/gazebo_ros2_control/package.xml
[0.453s] Invoked command in '/home/venu/ros2_ws3/src/build/gazebo_ros2_control' returned '0': /usr/local/bin/cmake --install /home/venu/ros2_ws3/src/build/gazebo_ros2_control
