[0.140s] DEBUG:colcon:Command line arguments: ['/usr/bin/colcon', 'build', '--symlink-install']
[0.140s] DEBUG:colcon:Parsed command line arguments: Namespace(allow_overriding=[], ament_cmake_args=None, base_paths=['.'], build_base='build', catkin_cmake_args=None, catkin_skip_building_tests=False, cmake_args=None, cmake_clean_cache=False, cmake_clean_first=False, cmake_force_configure=False, cmake_target=None, cmake_target_skip_unavailable=False, continue_on_error=False, event_handlers=None, executor='parallel', ignore_user_meta=False, install_base='install', log_base=None, log_level=None, main=<bound method BuildVerb.main of <colcon_core.verb.build.BuildVerb object at 0x7ff75c6b19d0>>, merge_install=False, metas=['./colcon.meta'], packages_above=None, packages_above_and_dependencies=None, packages_above_depth=None, packages_end=None, packages_ignore=None, packages_ignore_regex=None, packages_select=None, packages_select_build_failed=False, packages_select_by_dep=None, packages_select_regex=None, packages_select_test_failures=False, packages_skip=None, packages_skip_build_finished=False, packages_skip_by_dep=None, packages_skip_regex=None, packages_skip_test_passed=False, packages_skip_up_to=None, packages_start=None, packages_up_to=None, packages_up_to_regex=None, parallel_workers=16, paths=None, symlink_install=True, test_result_base=None, verb_extension=<colcon_core.verb.build.BuildVerb object at 0x7ff75c6b19d0>, verb_name='build', verb_parser=<colcon_defaults.argument_parser.defaults.DefaultArgumentsDecorator object at 0x7ff75c653c70>)
[0.170s] Level 1:colcon.colcon_core.package_discovery:discover_packages(colcon_meta) check parameters
[0.171s] Level 1:colcon.colcon_core.package_discovery:discover_packages(recursive) check parameters
[0.171s] Level 1:colcon.colcon_core.package_discovery:discover_packages(ignore) check parameters
[0.171s] Level 1:colcon.colcon_core.package_discovery:discover_packages(path) check parameters
[0.171s] Level 1:colcon.colcon_core.package_discovery:discover_packages(colcon_meta) discover
[0.171s] Level 1:colcon.colcon_core.package_discovery:discover_packages(recursive) discover
[0.171s] INFO:colcon.colcon_core.package_discovery:Crawling recursively for packages in '/home/venu/ros2_ws3'
[0.171s] Level 1:colcon.colcon_core.package_identification:_identify(.) by extensions ['ignore', 'ignore_ament_install']
[0.171s] Level 1:colcon.colcon_core.package_identification:_identify(.) by extension 'ignore'
[0.171s] Level 1:colcon.colcon_core.package_identification:_identify(.) by extension 'ignore_ament_install'
[0.171s] Level 1:colcon.colcon_core.package_identification:_identify(.) by extensions ['colcon_pkg']
[0.171s] Level 1:colcon.colcon_core.package_identification:_identify(.) by extension 'colcon_pkg'
[0.171s] Level 1:colcon.colcon_core.package_identification:_identify(.) by extensions ['colcon_meta']
[0.171s] Level 1:colcon.colcon_core.package_identification:_identify(.) by extension 'colcon_meta'
[0.171s] Level 1:colcon.colcon_core.package_identification:_identify(.) by extensions ['ros']
[0.171s] Level 1:colcon.colcon_core.package_identification:_identify(.) by extension 'ros'
[0.179s] Level 1:colcon.colcon_core.package_identification:_identify(.) by extensions ['cmake', 'python']
[0.180s] Level 1:colcon.colcon_core.package_identification:_identify(.) by extension 'cmake'
[0.180s] Level 1:colcon.colcon_core.package_identification:_identify(.) by extension 'python'
[0.180s] Level 1:colcon.colcon_core.package_identification:_identify(.) by extensions ['python_setup_py']
[0.180s] Level 1:colcon.colcon_core.package_identification:_identify(.) by extension 'python_setup_py'
[0.180s] Level 1:colcon.colcon_core.package_identification:_identify(build) by extensions ['ignore', 'ignore_ament_install']
[0.180s] Level 1:colcon.colcon_core.package_identification:_identify(build) by extension 'ignore'
[0.180s] Level 1:colcon.colcon_core.package_identification:_identify(build) ignored
[0.180s] Level 1:colcon.colcon_core.package_identification:_identify(install) by extensions ['ignore', 'ignore_ament_install']
[0.180s] Level 1:colcon.colcon_core.package_identification:_identify(install) by extension 'ignore'
[0.180s] Level 1:colcon.colcon_core.package_identification:_identify(install) ignored
[0.180s] Level 1:colcon.colcon_core.package_identification:_identify(log) by extensions ['ignore', 'ignore_ament_install']
[0.180s] Level 1:colcon.colcon_core.package_identification:_identify(log) by extension 'ignore'
[0.180s] Level 1:colcon.colcon_core.package_identification:_identify(log) ignored
[0.180s] Level 1:colcon.colcon_core.package_identification:_identify(src) by extensions ['ignore', 'ignore_ament_install']
[0.180s] Level 1:colcon.colcon_core.package_identification:_identify(src) by extension 'ignore'
[0.180s] Level 1:colcon.colcon_core.package_identification:_identify(src) by extension 'ignore_ament_install'
[0.180s] Level 1:colcon.colcon_core.package_identification:_identify(src) by extensions ['colcon_pkg']
[0.180s] Level 1:colcon.colcon_core.package_identification:_identify(src) by extension 'colcon_pkg'
[0.180s] Level 1:colcon.colcon_core.package_identification:_identify(src) by extensions ['colcon_meta']
[0.180s] Level 1:colcon.colcon_core.package_identification:_identify(src) by extension 'colcon_meta'
[0.180s] Level 1:colcon.colcon_core.package_identification:_identify(src) by extensions ['ros']
[0.180s] Level 1:colcon.colcon_core.package_identification:_identify(src) by extension 'ros'
[0.180s] Level 1:colcon.colcon_core.package_identification:_identify(src) by extensions ['cmake', 'python']
[0.180s] Level 1:colcon.colcon_core.package_identification:_identify(src) by extension 'cmake'
[0.180s] Level 1:colcon.colcon_core.package_identification:_identify(src) by extension 'python'
[0.180s] Level 1:colcon.colcon_core.package_identification:_identify(src) by extensions ['python_setup_py']
[0.180s] Level 1:colcon.colcon_core.package_identification:_identify(src) by extension 'python_setup_py'
[0.180s] Level 1:colcon.colcon_core.package_identification:_identify(src/build) by extensions ['ignore', 'ignore_ament_install']
[0.180s] Level 1:colcon.colcon_core.package_identification:_identify(src/build) by extension 'ignore'
[0.180s] Level 1:colcon.colcon_core.package_identification:_identify(src/build) ignored
[0.180s] Level 1:colcon.colcon_core.package_identification:_identify(src/gazebo_ros2_control) by extensions ['ignore', 'ignore_ament_install']
[0.180s] Level 1:colcon.colcon_core.package_identification:_identify(src/gazebo_ros2_control) by extension 'ignore'
[0.180s] Level 1:colcon.colcon_core.package_identification:_identify(src/gazebo_ros2_control) by extension 'ignore_ament_install'
[0.180s] Level 1:colcon.colcon_core.package_identification:_identify(src/gazebo_ros2_control) by extensions ['colcon_pkg']
[0.180s] Level 1:colcon.colcon_core.package_identification:_identify(src/gazebo_ros2_control) by extension 'colcon_pkg'
[0.181s] Level 1:colcon.colcon_core.package_identification:_identify(src/gazebo_ros2_control) by extensions ['colcon_meta']
[0.181s] Level 1:colcon.colcon_core.package_identification:_identify(src/gazebo_ros2_control) by extension 'colcon_meta'
[0.181s] Level 1:colcon.colcon_core.package_identification:_identify(src/gazebo_ros2_control) by extensions ['ros']
[0.181s] Level 1:colcon.colcon_core.package_identification:_identify(src/gazebo_ros2_control) by extension 'ros'
[0.182s] DEBUG:colcon.colcon_core.package_identification:Package 'src/gazebo_ros2_control' with type 'ros.ament_cmake' and name 'gazebo_ros2_control'
[0.182s] Level 1:colcon.colcon_core.package_identification:_identify(src/install) by extensions ['ignore', 'ignore_ament_install']
[0.182s] Level 1:colcon.colcon_core.package_identification:_identify(src/install) by extension 'ignore'
[0.182s] Level 1:colcon.colcon_core.package_identification:_identify(src/install) ignored
[0.182s] Level 1:colcon.colcon_core.package_identification:_identify(src/log) by extensions ['ignore', 'ignore_ament_install']
[0.182s] Level 1:colcon.colcon_core.package_identification:_identify(src/log) by extension 'ignore'
[0.182s] Level 1:colcon.colcon_core.package_identification:_identify(src/log) ignored
[0.182s] Level 1:colcon.colcon_core.package_identification:_identify(src/six_dof_arm) by extensions ['ignore', 'ignore_ament_install']
[0.182s] Level 1:colcon.colcon_core.package_identification:_identify(src/six_dof_arm) by extension 'ignore'
[0.182s] Level 1:colcon.colcon_core.package_identification:_identify(src/six_dof_arm) by extension 'ignore_ament_install'
[0.182s] Level 1:colcon.colcon_core.package_identification:_identify(src/six_dof_arm) by extensions ['colcon_pkg']
[0.182s] Level 1:colcon.colcon_core.package_identification:_identify(src/six_dof_arm) by extension 'colcon_pkg'
[0.182s] Level 1:colcon.colcon_core.package_identification:_identify(src/six_dof_arm) by extensions ['colcon_meta']
[0.182s] Level 1:colcon.colcon_core.package_identification:_identify(src/six_dof_arm) by extension 'colcon_meta'
[0.182s] Level 1:colcon.colcon_core.package_identification:_identify(src/six_dof_arm) by extensions ['ros']
[0.182s] Level 1:colcon.colcon_core.package_identification:_identify(src/six_dof_arm) by extension 'ros'
[0.183s] DEBUG:colcon.colcon_core.package_identification:Package 'src/six_dof_arm' with type 'ros.ament_cmake' and name 'six_dof_arm'
[0.183s] Level 1:colcon.colcon_core.package_discovery:discover_packages(recursive) using defaults
[0.183s] Level 1:colcon.colcon_core.package_discovery:discover_packages(ignore) discover
[0.183s] Level 1:colcon.colcon_core.package_discovery:discover_packages(ignore) using defaults
[0.183s] Level 1:colcon.colcon_core.package_discovery:discover_packages(path) discover
[0.183s] Level 1:colcon.colcon_core.package_discovery:discover_packages(path) using defaults
[0.195s] Level 1:colcon.colcon_core.package_discovery:discover_packages(prefix_path) check parameters
[0.195s] Level 1:colcon.colcon_core.package_discovery:discover_packages(prefix_path) discover
[0.195s] WARNING:colcon.colcon_ros.prefix_path.ament:The path '/home/venu/ros2_ws3/install/six_dof_arm' in the environment variable AMENT_PREFIX_PATH doesn't exist
[0.195s] WARNING:colcon.colcon_ros.prefix_path.ament:The path '/home/venu/ros2_ws3/install/gazebo_ros2_control' in the environment variable AMENT_PREFIX_PATH doesn't exist
[0.195s] WARNING:colcon.colcon_ros.prefix_path.catkin:The path '/home/venu/ros2_ws3/install/six_dof_arm' in the environment variable CMAKE_PREFIX_PATH doesn't exist
[0.195s] WARNING:colcon.colcon_ros.prefix_path.catkin:The path '/home/venu/ros2_ws3/install/gazebo_ros2_control' in the environment variable CMAKE_PREFIX_PATH doesn't exist
[0.196s] DEBUG:colcon.colcon_installed_package_information.package_discovery:Found 0 installed packages in /home/venu/ros2_ws3/install
[0.196s] DEBUG:colcon.colcon_installed_package_information.package_discovery:Found 1 installed packages in /home/venu/ros2_ws/install
[0.198s] DEBUG:colcon.colcon_installed_package_information.package_discovery:Found 944 installed packages in /opt/ros/galactic
[0.203s] Level 1:colcon.colcon_core.package_discovery:discover_packages(prefix_path) using defaults
[0.287s] Level 5:colcon.colcon_core.verb:set package 'gazebo_ros2_control' build argument 'cmake_args' from command line to 'None'
[0.287s] Level 5:colcon.colcon_core.verb:set package 'gazebo_ros2_control' build argument 'cmake_target' from command line to 'None'
[0.287s] Level 5:colcon.colcon_core.verb:set package 'gazebo_ros2_control' build argument 'cmake_target_skip_unavailable' from command line to 'False'
[0.287s] Level 5:colcon.colcon_core.verb:set package 'gazebo_ros2_control' build argument 'cmake_clean_cache' from command line to 'False'
[0.287s] Level 5:colcon.colcon_core.verb:set package 'gazebo_ros2_control' build argument 'cmake_clean_first' from command line to 'False'
[0.287s] Level 5:colcon.colcon_core.verb:set package 'gazebo_ros2_control' build argument 'cmake_force_configure' from command line to 'False'
[0.287s] Level 5:colcon.colcon_core.verb:set package 'gazebo_ros2_control' build argument 'ament_cmake_args' from command line to 'None'
[0.287s] Level 5:colcon.colcon_core.verb:set package 'gazebo_ros2_control' build argument 'catkin_cmake_args' from command line to 'None'
[0.287s] Level 5:colcon.colcon_core.verb:set package 'gazebo_ros2_control' build argument 'catkin_skip_building_tests' from command line to 'False'
[0.287s] DEBUG:colcon.colcon_core.verb:Building package 'gazebo_ros2_control' with the following arguments: {'ament_cmake_args': None, 'build_base': '/home/venu/ros2_ws3/build/gazebo_ros2_control', 'catkin_cmake_args': None, 'catkin_skip_building_tests': False, 'cmake_args': None, 'cmake_clean_cache': False, 'cmake_clean_first': False, 'cmake_force_configure': False, 'cmake_target': None, 'cmake_target_skip_unavailable': False, 'install_base': '/home/venu/ros2_ws3/install/gazebo_ros2_control', 'merge_install': False, 'path': '/home/venu/ros2_ws3/src/gazebo_ros2_control', 'symlink_install': True, 'test_result_base': None}
[0.287s] Level 5:colcon.colcon_core.verb:set package 'six_dof_arm' build argument 'cmake_args' from command line to 'None'
[0.287s] Level 5:colcon.colcon_core.verb:set package 'six_dof_arm' build argument 'cmake_target' from command line to 'None'
[0.287s] Level 5:colcon.colcon_core.verb:set package 'six_dof_arm' build argument 'cmake_target_skip_unavailable' from command line to 'False'
[0.287s] Level 5:colcon.colcon_core.verb:set package 'six_dof_arm' build argument 'cmake_clean_cache' from command line to 'False'
[0.287s] Level 5:colcon.colcon_core.verb:set package 'six_dof_arm' build argument 'cmake_clean_first' from command line to 'False'
[0.287s] Level 5:colcon.colcon_core.verb:set package 'six_dof_arm' build argument 'cmake_force_configure' from command line to 'False'
[0.287s] Level 5:colcon.colcon_core.verb:set package 'six_dof_arm' build argument 'ament_cmake_args' from command line to 'None'
[0.287s] Level 5:colcon.colcon_core.verb:set package 'six_dof_arm' build argument 'catkin_cmake_args' from command line to 'None'
[0.287s] Level 5:colcon.colcon_core.verb:set package 'six_dof_arm' build argument 'catkin_skip_building_tests' from command line to 'False'
[0.287s] DEBUG:colcon.colcon_core.verb:Building package 'six_dof_arm' with the following arguments: {'ament_cmake_args': None, 'build_base': '/home/venu/ros2_ws3/build/six_dof_arm', 'catkin_cmake_args': None, 'catkin_skip_building_tests': False, 'cmake_args': None, 'cmake_clean_cache': False, 'cmake_clean_first': False, 'cmake_force_configure': False, 'cmake_target': None, 'cmake_target_skip_unavailable': False, 'install_base': '/home/venu/ros2_ws3/install/six_dof_arm', 'merge_install': False, 'path': '/home/venu/ros2_ws3/src/six_dof_arm', 'symlink_install': True, 'test_result_base': None}
[0.287s] INFO:colcon.colcon_core.executor:Executing jobs using 'parallel' executor
[0.288s] DEBUG:colcon.colcon_parallel_executor.executor.parallel:run_until_complete
[0.288s] INFO:colcon.colcon_ros.task.ament_cmake.build:Building ROS package in '/home/venu/ros2_ws3/src/gazebo_ros2_control' with build type 'ament_cmake'
[0.288s] INFO:colcon.colcon_cmake.task.cmake.build:Building CMake package in '/home/venu/ros2_ws3/src/gazebo_ros2_control'
[0.290s] INFO:colcon.colcon_core.plugin_system:Skipping extension 'colcon_core.shell.bat': Not used on non-Windows systems
[0.290s] INFO:colcon.colcon_core.shell:Skip shell extension 'powershell' for command environment: Not usable outside of PowerShell
[0.290s] DEBUG:colcon.colcon_core.shell:Skip shell extension 'dsv' for command environment
[0.294s] INFO:colcon.colcon_ros.task.ament_cmake.build:Building ROS package in '/home/venu/ros2_ws3/src/six_dof_arm' with build type 'ament_cmake'
[0.295s] INFO:colcon.colcon_cmake.task.cmake.build:Building CMake package in '/home/venu/ros2_ws3/src/six_dof_arm'
[0.295s] INFO:colcon.colcon_core.shell:Skip shell extension 'powershell' for command environment: Not usable outside of PowerShell
[0.295s] DEBUG:colcon.colcon_core.shell:Skip shell extension 'dsv' for command environment
[0.304s] DEBUG:colcon.colcon_core.event_handler.log_command:Invoking command in '/home/venu/ros2_ws3/build/gazebo_ros2_control': /usr/local/bin/cmake /home/venu/ros2_ws3/src/gazebo_ros2_control -DAMENT_CMAKE_SYMLINK_INSTALL=1 -DCMAKE_INSTALL_PREFIX=/home/venu/ros2_ws3/install/gazebo_ros2_control
[0.310s] DEBUG:colcon.colcon_core.event_handler.log_command:Invoking command in '/home/venu/ros2_ws3/build/six_dof_arm': /usr/local/bin/cmake /home/venu/ros2_ws3/src/six_dof_arm -DAMENT_CMAKE_SYMLINK_INSTALL=1 -DCMAKE_INSTALL_PREFIX=/home/venu/ros2_ws3/install/six_dof_arm
[0.710s] DEBUG:colcon.colcon_core.event_handler.log_command:Invoked command in '/home/venu/ros2_ws3/build/gazebo_ros2_control' returned '0': /usr/local/bin/cmake /home/venu/ros2_ws3/src/gazebo_ros2_control -DAMENT_CMAKE_SYMLINK_INSTALL=1 -DCMAKE_INSTALL_PREFIX=/home/venu/ros2_ws3/install/gazebo_ros2_control
[0.712s] DEBUG:colcon.colcon_core.event_handler.log_command:Invoking command in '/home/venu/ros2_ws3/build/gazebo_ros2_control': /usr/local/bin/cmake --build /home/venu/ros2_ws3/build/gazebo_ros2_control -- -j16 -l16
[0.726s] DEBUG:colcon.colcon_core.event_handler.log_command:Invoked command in '/home/venu/ros2_ws3/build/gazebo_ros2_control' returned '0': /usr/local/bin/cmake --build /home/venu/ros2_ws3/build/gazebo_ros2_control -- -j16 -l16
[0.744s] DEBUG:colcon.colcon_core.event_handler.log_command:Invoking command in '/home/venu/ros2_ws3/build/gazebo_ros2_control': /usr/local/bin/cmake --install /home/venu/ros2_ws3/build/gazebo_ros2_control
[0.779s] Level 1:colcon.colcon_core.environment:create_environment_scripts_only(gazebo_ros2_control)
[0.779s] DEBUG:colcon.colcon_core.event_handler.log_command:Invoked command in '/home/venu/ros2_ws3/build/gazebo_ros2_control' returned '0': /usr/local/bin/cmake --install /home/venu/ros2_ws3/build/gazebo_ros2_control
[0.782s] Level 1:colcon.colcon_core.environment:checking '/home/venu/ros2_ws3/install/gazebo_ros2_control' for CMake module files
[0.783s] Level 1:colcon.colcon_core.environment:checking '/home/venu/ros2_ws3/install/gazebo_ros2_control' for CMake config files
[0.783s] Level 1:colcon.colcon_core.shell:create_environment_hook('gazebo_ros2_control', 'cmake_prefix_path')
[0.784s] INFO:colcon.colcon_core.shell:Creating environment hook '/home/venu/ros2_ws3/install/gazebo_ros2_control/share/gazebo_ros2_control/hook/cmake_prefix_path.ps1'
[0.785s] INFO:colcon.colcon_core.shell:Creating environment descriptor '/home/venu/ros2_ws3/install/gazebo_ros2_control/share/gazebo_ros2_control/hook/cmake_prefix_path.dsv'
[0.785s] INFO:colcon.colcon_core.shell:Creating environment hook '/home/venu/ros2_ws3/install/gazebo_ros2_control/share/gazebo_ros2_control/hook/cmake_prefix_path.sh'
[0.786s] Level 1:colcon.colcon_core.environment:checking '/home/venu/ros2_ws3/install/gazebo_ros2_control/bin'
[0.786s] Level 1:colcon.colcon_core.environment:checking '/home/venu/ros2_ws3/install/gazebo_ros2_control/lib/pkgconfig/gazebo_ros2_control.pc'
[0.786s] Level 1:colcon.colcon_core.environment:checking '/home/venu/ros2_ws3/install/gazebo_ros2_control/lib/python3.8/site-packages'
[0.786s] Level 1:colcon.colcon_core.environment:checking '/home/venu/ros2_ws3/install/gazebo_ros2_control/bin'
[0.787s] INFO:colcon.colcon_core.shell:Creating package script '/home/venu/ros2_ws3/install/gazebo_ros2_control/share/gazebo_ros2_control/package.ps1'
[0.787s] INFO:colcon.colcon_core.shell:Creating package descriptor '/home/venu/ros2_ws3/install/gazebo_ros2_control/share/gazebo_ros2_control/package.dsv'
[0.788s] INFO:colcon.colcon_core.shell:Creating package script '/home/venu/ros2_ws3/install/gazebo_ros2_control/share/gazebo_ros2_control/package.sh'
[0.789s] INFO:colcon.colcon_core.shell:Creating package script '/home/venu/ros2_ws3/install/gazebo_ros2_control/share/gazebo_ros2_control/package.bash'
[0.790s] INFO:colcon.colcon_core.shell:Creating package script '/home/venu/ros2_ws3/install/gazebo_ros2_control/share/gazebo_ros2_control/package.zsh'
[0.790s] Level 1:colcon.colcon_core.environment:create_file_with_runtime_dependencies(/home/venu/ros2_ws3/install/gazebo_ros2_control/share/colcon-core/packages/gazebo_ros2_control)
[0.802s] Level 1:colcon.colcon_core.environment:create_environment_scripts_only(gazebo_ros2_control)
[0.803s] Level 1:colcon.colcon_core.environment:checking '/home/venu/ros2_ws3/install/gazebo_ros2_control' for CMake module files
[0.803s] Level 1:colcon.colcon_core.environment:checking '/home/venu/ros2_ws3/install/gazebo_ros2_control' for CMake config files
[0.803s] Level 1:colcon.colcon_core.shell:create_environment_hook('gazebo_ros2_control', 'cmake_prefix_path')
[0.803s] INFO:colcon.colcon_core.shell:Creating environment hook '/home/venu/ros2_ws3/install/gazebo_ros2_control/share/gazebo_ros2_control/hook/cmake_prefix_path.ps1'
[0.804s] INFO:colcon.colcon_core.shell:Creating environment descriptor '/home/venu/ros2_ws3/install/gazebo_ros2_control/share/gazebo_ros2_control/hook/cmake_prefix_path.dsv'
[0.804s] INFO:colcon.colcon_core.shell:Creating environment hook '/home/venu/ros2_ws3/install/gazebo_ros2_control/share/gazebo_ros2_control/hook/cmake_prefix_path.sh'
[0.805s] Level 1:colcon.colcon_core.environment:checking '/home/venu/ros2_ws3/install/gazebo_ros2_control/bin'
[0.805s] Level 1:colcon.colcon_core.environment:checking '/home/venu/ros2_ws3/install/gazebo_ros2_control/lib/pkgconfig/gazebo_ros2_control.pc'
[0.805s] Level 1:colcon.colcon_core.environment:checking '/home/venu/ros2_ws3/install/gazebo_ros2_control/lib/python3.8/site-packages'
[0.805s] Level 1:colcon.colcon_core.environment:checking '/home/venu/ros2_ws3/install/gazebo_ros2_control/bin'
[0.805s] INFO:colcon.colcon_core.shell:Creating package script '/home/venu/ros2_ws3/install/gazebo_ros2_control/share/gazebo_ros2_control/package.ps1'
[0.806s] INFO:colcon.colcon_core.shell:Creating package descriptor '/home/venu/ros2_ws3/install/gazebo_ros2_control/share/gazebo_ros2_control/package.dsv'
[0.806s] INFO:colcon.colcon_core.shell:Creating package script '/home/venu/ros2_ws3/install/gazebo_ros2_control/share/gazebo_ros2_control/package.sh'
[0.806s] INFO:colcon.colcon_core.shell:Creating package script '/home/venu/ros2_ws3/install/gazebo_ros2_control/share/gazebo_ros2_control/package.bash'
[0.806s] INFO:colcon.colcon_core.shell:Creating package script '/home/venu/ros2_ws3/install/gazebo_ros2_control/share/gazebo_ros2_control/package.zsh'
[0.807s] Level 1:colcon.colcon_core.environment:create_file_with_runtime_dependencies(/home/venu/ros2_ws3/install/gazebo_ros2_control/share/colcon-core/packages/gazebo_ros2_control)
[4.934s] DEBUG:colcon.colcon_core.event_handler.log_command:Invoked command in '/home/venu/ros2_ws3/build/six_dof_arm' returned '0': /usr/local/bin/cmake /home/venu/ros2_ws3/src/six_dof_arm -DAMENT_CMAKE_SYMLINK_INSTALL=1 -DCMAKE_INSTALL_PREFIX=/home/venu/ros2_ws3/install/six_dof_arm
[4.937s] DEBUG:colcon.colcon_core.event_handler.log_command:Invoking command in '/home/venu/ros2_ws3/build/six_dof_arm': /usr/local/bin/cmake --build /home/venu/ros2_ws3/build/six_dof_arm -- -j16 -l16
[8.556s] DEBUG:colcon.colcon_core.event_handler.log_command:Invoked command in '/home/venu/ros2_ws3/build/six_dof_arm' returned '0': /usr/local/bin/cmake --build /home/venu/ros2_ws3/build/six_dof_arm -- -j16 -l16
[8.568s] DEBUG:colcon.colcon_core.event_handler.log_command:Invoking command in '/home/venu/ros2_ws3/build/six_dof_arm': /usr/local/bin/cmake --install /home/venu/ros2_ws3/build/six_dof_arm
[8.627s] Level 1:colcon.colcon_core.environment:create_environment_scripts_only(six_dof_arm)
[8.627s] Level 1:colcon.colcon_core.environment:checking '/home/venu/ros2_ws3/install/six_dof_arm' for CMake module files
[8.628s] DEBUG:colcon.colcon_core.event_handler.log_command:Invoked command in '/home/venu/ros2_ws3/build/six_dof_arm' returned '0': /usr/local/bin/cmake --install /home/venu/ros2_ws3/build/six_dof_arm
[8.628s] Level 1:colcon.colcon_core.environment:checking '/home/venu/ros2_ws3/install/six_dof_arm' for CMake config files
[8.628s] Level 1:colcon.colcon_core.shell:create_environment_hook('six_dof_arm', 'cmake_prefix_path')
[8.628s] INFO:colcon.colcon_core.shell:Creating environment hook '/home/venu/ros2_ws3/install/six_dof_arm/share/six_dof_arm/hook/cmake_prefix_path.ps1'
[8.628s] INFO:colcon.colcon_core.shell:Creating environment descriptor '/home/venu/ros2_ws3/install/six_dof_arm/share/six_dof_arm/hook/cmake_prefix_path.dsv'
[8.629s] INFO:colcon.colcon_core.shell:Creating environment hook '/home/venu/ros2_ws3/install/six_dof_arm/share/six_dof_arm/hook/cmake_prefix_path.sh'
[8.629s] Level 1:colcon.colcon_core.environment:checking '/home/venu/ros2_ws3/install/six_dof_arm/lib'
[8.629s] Level 1:colcon.colcon_core.environment:checking '/home/venu/ros2_ws3/install/six_dof_arm/bin'
[8.629s] Level 1:colcon.colcon_core.environment:checking '/home/venu/ros2_ws3/install/six_dof_arm/lib/pkgconfig/six_dof_arm.pc'
[8.629s] Level 1:colcon.colcon_core.environment:checking '/home/venu/ros2_ws3/install/six_dof_arm/lib/python3.8/site-packages'
[8.629s] Level 1:colcon.colcon_core.environment:checking '/home/venu/ros2_ws3/install/six_dof_arm/bin'
[8.629s] INFO:colcon.colcon_core.shell:Creating package script '/home/venu/ros2_ws3/install/six_dof_arm/share/six_dof_arm/package.ps1'
[8.630s] INFO:colcon.colcon_core.shell:Creating package descriptor '/home/venu/ros2_ws3/install/six_dof_arm/share/six_dof_arm/package.dsv'
[8.630s] INFO:colcon.colcon_core.shell:Creating package script '/home/venu/ros2_ws3/install/six_dof_arm/share/six_dof_arm/package.sh'
[8.630s] INFO:colcon.colcon_core.shell:Creating package script '/home/venu/ros2_ws3/install/six_dof_arm/share/six_dof_arm/package.bash'
[8.630s] INFO:colcon.colcon_core.shell:Creating package script '/home/venu/ros2_ws3/install/six_dof_arm/share/six_dof_arm/package.zsh'
[8.630s] Level 1:colcon.colcon_core.environment:create_file_with_runtime_dependencies(/home/venu/ros2_ws3/install/six_dof_arm/share/colcon-core/packages/six_dof_arm)
[8.643s] Level 1:colcon.colcon_core.environment:create_environment_scripts_only(six_dof_arm)
[8.644s] Level 1:colcon.colcon_core.environment:checking '/home/venu/ros2_ws3/install/six_dof_arm' for CMake module files
[8.644s] Level 1:colcon.colcon_core.environment:checking '/home/venu/ros2_ws3/install/six_dof_arm' for CMake config files
[8.644s] Level 1:colcon.colcon_core.shell:create_environment_hook('six_dof_arm', 'cmake_prefix_path')
[8.644s] INFO:colcon.colcon_core.shell:Creating environment hook '/home/venu/ros2_ws3/install/six_dof_arm/share/six_dof_arm/hook/cmake_prefix_path.ps1'
[8.644s] INFO:colcon.colcon_core.shell:Creating environment descriptor '/home/venu/ros2_ws3/install/six_dof_arm/share/six_dof_arm/hook/cmake_prefix_path.dsv'
[8.644s] INFO:colcon.colcon_core.shell:Creating environment hook '/home/venu/ros2_ws3/install/six_dof_arm/share/six_dof_arm/hook/cmake_prefix_path.sh'
[8.645s] Level 1:colcon.colcon_core.environment:checking '/home/venu/ros2_ws3/install/six_dof_arm/lib'
[8.645s] Level 1:colcon.colcon_core.environment:checking '/home/venu/ros2_ws3/install/six_dof_arm/bin'
[8.645s] Level 1:colcon.colcon_core.environment:checking '/home/venu/ros2_ws3/install/six_dof_arm/lib/pkgconfig/six_dof_arm.pc'
[8.645s] Level 1:colcon.colcon_core.environment:checking '/home/venu/ros2_ws3/install/six_dof_arm/lib/python3.8/site-packages'
[8.645s] Level 1:colcon.colcon_core.environment:checking '/home/venu/ros2_ws3/install/six_dof_arm/bin'
[8.645s] INFO:colcon.colcon_core.shell:Creating package script '/home/venu/ros2_ws3/install/six_dof_arm/share/six_dof_arm/package.ps1'
[8.645s] INFO:colcon.colcon_core.shell:Creating package descriptor '/home/venu/ros2_ws3/install/six_dof_arm/share/six_dof_arm/package.dsv'
[8.646s] INFO:colcon.colcon_core.shell:Creating package script '/home/venu/ros2_ws3/install/six_dof_arm/share/six_dof_arm/package.sh'
[8.646s] INFO:colcon.colcon_core.shell:Creating package script '/home/venu/ros2_ws3/install/six_dof_arm/share/six_dof_arm/package.bash'
[8.646s] INFO:colcon.colcon_core.shell:Creating package script '/home/venu/ros2_ws3/install/six_dof_arm/share/six_dof_arm/package.zsh'
[8.646s] Level 1:colcon.colcon_core.environment:create_file_with_runtime_dependencies(/home/venu/ros2_ws3/install/six_dof_arm/share/colcon-core/packages/six_dof_arm)
[8.646s] DEBUG:colcon.colcon_parallel_executor.executor.parallel:closing loop
[8.647s] DEBUG:colcon.colcon_parallel_executor.executor.parallel:loop closed
[8.647s] DEBUG:colcon.colcon_parallel_executor.executor.parallel:run_until_complete finished with '0'
[8.647s] DEBUG:colcon.colcon_core.event_reactor:joining thread
[8.650s] INFO:colcon.colcon_core.plugin_system:Skipping extension 'colcon_notification.desktop_notification.terminal_notifier': Not used on non-Darwin systems
[8.650s] INFO:colcon.colcon_core.plugin_system:Skipping extension 'colcon_notification.desktop_notification.win32': Not used on non-Windows systems
[8.650s] INFO:colcon.colcon_notification.desktop_notification:Sending desktop notification using 'notify2'
[8.666s] DEBUG:colcon.colcon_core.event_reactor:joined thread
[8.666s] INFO:colcon.colcon_core.shell:Creating prefix script '/home/venu/ros2_ws3/install/local_setup.ps1'
[8.667s] INFO:colcon.colcon_core.shell:Creating prefix util module '/home/venu/ros2_ws3/install/_local_setup_util_ps1.py'
[8.668s] INFO:colcon.colcon_core.shell:Creating prefix chain script '/home/venu/ros2_ws3/install/setup.ps1'
[8.669s] INFO:colcon.colcon_core.shell:Creating prefix script '/home/venu/ros2_ws3/install/local_setup.sh'
[8.669s] INFO:colcon.colcon_core.shell:Creating prefix util module '/home/venu/ros2_ws3/install/_local_setup_util_sh.py'
[8.669s] INFO:colcon.colcon_core.shell:Creating prefix chain script '/home/venu/ros2_ws3/install/setup.sh'
[8.670s] INFO:colcon.colcon_core.shell:Creating prefix script '/home/venu/ros2_ws3/install/local_setup.bash'
[8.670s] INFO:colcon.colcon_core.shell:Creating prefix chain script '/home/venu/ros2_ws3/install/setup.bash'
[8.671s] INFO:colcon.colcon_core.shell:Creating prefix script '/home/venu/ros2_ws3/install/local_setup.zsh'
[8.671s] INFO:colcon.colcon_core.shell:Creating prefix chain script '/home/venu/ros2_ws3/install/setup.zsh'
