[0.017s] Invoking command in '/home/venu/ros2_ws3/build/six_dof_arm': /usr/local/bin/cmake --build /home/venu/ros2_ws3/build/six_dof_arm -- -j16 -l16
[0.032s] -- Found ament_cmake: 1.1.6 (/opt/ros/galactic/share/ament_cmake/cmake)
[0.051s] -- Using PYTHON_EXECUTABLE: /usr/bin/python3
[0.092s] -- Override CMake install command with custom implementation using symlinks instead of copying resources
[0.098s] -- Found rclcpp: 9.2.2 (/opt/ros/galactic/share/rclcpp/cmake)
[0.124s] -- Using all available rosidl_typesupport_c: rosidl_typesupport_fastrtps_c;rosidl_typesupport_introspection_c
[0.126s] -- Found rosidl_adapter: 2.2.3 (/opt/ros/galactic/share/rosidl_adapter/cmake)
[0.209s] -- Using all available rosidl_typesupport_cpp: rosidl_typesupport_fastrtps_cpp;rosidl_typesupport_introspection_cpp
[0.240s] -- Found rmw_implementation_cmake: 3.3.1 (/opt/ros/galactic/share/rmw_implementation_cmake/cmake)
[0.241s] -- Found rmw_cyclonedds_cpp: 0.22.6 (/opt/ros/galactic/share/rmw_cyclonedds_cpp/cmake)
[0.251s] -- Using RMW implementation 'rmw_cyclonedds_cpp' as default
[0.334s] -- Found gazebo_ros: 3.5.2 (/opt/ros/galactic/share/gazebo_ros/cmake)
[0.340s] [33mCMake Warning (dev) at /usr/local/share/cmake-3.22/Modules/FindPackageHandleStandardArgs.cmake:438 (message):
[0.340s]   The package name passed to `find_package_handle_standard_args` (PkgConfig)
[0.340s]   does not match the name of the calling package (gazebo).  This can lead to
[0.340s]   problems in calling code that expects `find_package` result variables
[0.340s]   (e.g., `_FOUND`) to follow a certain pattern.
[0.340s] Call Stack (most recent call first):
[0.340s]   /usr/local/share/cmake-3.22/Modules/FindPkgConfig.cmake:99 (find_package_handle_standard_args)
[0.340s]   /usr/lib/x86_64-linux-gnu/cmake/gazebo/gazebo-config.cmake:72 (include)
[0.340s]   /opt/ros/galactic/share/gazebo_dev/cmake/gazebo_dev-extras.cmake:2 (find_package)
[0.340s]   /opt/ros/galactic/share/gazebo_dev/cmake/gazebo_devConfig.cmake:41 (include)
[0.340s]   /opt/ros/galactic/share/gazebo_ros/cmake/ament_cmake_export_dependencies-extras.cmake:21 (find_package)
[0.340s]   /opt/ros/galactic/share/gazebo_ros/cmake/gazebo_rosConfig.cmake:41 (include)
[0.340s]   CMakeLists.txt:10 (find_package)
[0.341s] This warning is for project developers.  Use -Wno-dev to suppress it.
[0.341s] [0m
[0.369s] -- Found DART: /usr/include (Required is at least version "6.6") found components: dart 
[0.384s] -- Found Boost: /usr/lib/x86_64-linux-gnu/cmake/Boost-1.71.0/BoostConfig.cmake (found suitable version "1.71.0", minimum required is "1.40.0") found components: thread system filesystem program_options regex iostreams date_time 
[0.390s] -- Found Protobuf: /usr/lib/x86_64-linux-gnu/libprotobuf.so;-lpthread (found version "3.6.1") 
[0.391s] -- Looking for ignition-math6 -- found version 6.15.1
[0.394s] -- Searching for dependencies of ignition-math6
[0.395s] -- Looking for OGRE...
[0.398s] -- Found Ogre Ghadamon (1.9.0)
[0.398s] -- Found OGRE: optimized;/usr/lib/x86_64-linux-gnu/libOgreMain.so;debug;/usr/lib/x86_64-linux-gnu/libOgreMain.so
[0.405s] -- Looking for OGRE_Paging...
[0.405s] -- Found OGRE_Paging: optimized;/usr/lib/x86_64-linux-gnu/libOgrePaging.so;debug;/usr/lib/x86_64-linux-gnu/libOgrePaging.so
[0.405s] -- Looking for OGRE_Terrain...
[0.405s] -- Found OGRE_Terrain: optimized;/usr/lib/x86_64-linux-gnu/libOgreTerrain.so;debug;/usr/lib/x86_64-linux-gnu/libOgreTerrain.so
[0.405s] -- Looking for OGRE_Property...
[0.405s] -- Found OGRE_Property: optimized;/usr/lib/x86_64-linux-gnu/libOgreProperty.so;debug;/usr/lib/x86_64-linux-gnu/libOgreProperty.so
[0.405s] -- Looking for OGRE_RTShaderSystem...
[0.405s] -- Found OGRE_RTShaderSystem: optimized;/usr/lib/x86_64-linux-gnu/libOgreRTShaderSystem.so;debug;/usr/lib/x86_64-linux-gnu/libOgreRTShaderSystem.so
[0.405s] -- Looking for OGRE_Volume...
[0.405s] -- Found OGRE_Volume: optimized;/usr/lib/x86_64-linux-gnu/libOgreVolume.so;debug;/usr/lib/x86_64-linux-gnu/libOgreVolume.so
[0.405s] -- Looking for OGRE_Overlay...
[0.405s] -- Found OGRE_Overlay: optimized;/usr/lib/x86_64-linux-gnu/libOgreOverlay.so;debug;/usr/lib/x86_64-linux-gnu/libOgreOverlay.so
[0.518s] -- Looking for ignition-math6 -- found version 6.15.1
[0.518s] -- Looking for ignition-transport8 -- found version 8.3.0
[0.519s] -- Searching for dependencies of ignition-transport8
[0.534s] -- Found Protobuf: /usr/lib/x86_64-linux-gnu/libprotobuf.so;-lpthread (found suitable version "3.6.1", minimum required is "3") 
[0.542s] -- Config-file not installed for ZeroMQ -- checking for pkg-config
[0.545s] -- Checking for module 'libzmq >= 4'
[0.555s] --   Found libzmq , version 4.3.2
[0.582s] -- Checking for module 'uuid'
[0.593s] --   Found uuid, version 2.34.0
[0.617s] -- Looking for ignition-msgs5 -- found version 5.10.0
[0.617s] -- Searching for dependencies of ignition-msgs5
[0.633s] -- Looking for ignition-math6 -- found version 6.15.1
[0.637s] -- Checking for module 'tinyxml2'
[0.646s] --   Found tinyxml2, version 6.2.0
[0.672s] -- Looking for ignition-msgs5 -- found version 5.10.0
[0.672s] -- Looking for ignition-common3 -- found version 3.14.2
[0.672s] -- Searching for dependencies of ignition-common3
[0.673s] -- Looking for dlfcn.h - found
[0.673s] -- Looking for libdl - found
[0.679s] -- Searching for <ignition-common3> component [graphics]
[0.680s] -- Looking for ignition-common3-graphics -- found version 3.14.2
[0.680s] -- Searching for dependencies of ignition-common3-graphics
[0.680s] -- Looking for ignition-math6 -- found version 6.15.1
[0.681s] -- Looking for ignition-fuel_tools4 -- found version 4.6.0
[0.681s] -- Searching for dependencies of ignition-fuel_tools4
[0.708s] -- Checking for module 'jsoncpp'
[0.719s] --   Found jsoncpp, version 1.7.4
[0.750s] -- Checking for module 'libzip'
[0.760s] --   Found libzip, version 1.5.1
[0.785s] -- Looking for ignition-common3 -- found version 3.14.2
[0.785s] -- Looking for ignition-math6 -- found version 6.15.1
[0.785s] -- Looking for ignition-msgs5 -- found version 5.10.0
[0.787s] -- Gazebo version: 11.11
[0.789s] -- Found moveit_core: 2.3.4 (/opt/ros/galactic/share/moveit_core/cmake)
[0.794s] -- Found Boost: /usr/lib/x86_64-linux-gnu/cmake/Boost-1.71.0/BoostConfig.cmake (found version "1.71.0") found components: chrono date_time filesystem iostreams program_options regex serialization system thread 
[0.803s] -- Found Boost: /usr/lib/x86_64-linux-gnu/cmake/Boost-1.71.0/BoostConfig.cmake (found version "1.71.0") found components: filesystem 
[0.852s] -- library: /usr/lib/x86_64-linux-gnu/libcurl.so
[2.056s] -- Found moveit_ros_planning: 2.3.4 (/opt/ros/galactic/share/moveit_ros_planning/cmake)
[2.060s] -- Found Boost: /usr/lib/x86_64-linux-gnu/cmake/Boost-1.71.0/BoostConfig.cmake (found version "1.71.0") found components: system filesystem date_time program_options thread chrono 
[2.239s] -- Found Boost: /usr/lib/x86_64-linux-gnu/cmake/Boost-1.71.0/BoostConfig.cmake (found version "1.71.0") found components: thread 
[2.654s] -- Found moveit_ros_planning_interface: 2.3.4 (/opt/ros/galactic/share/moveit_ros_planning_interface/cmake)
[2.658s] -- Found Boost: /usr/lib/x86_64-linux-gnu/cmake/Boost-1.71.0/BoostConfig.cmake (found version "1.71.0") found components: date_time filesystem program_options system thread 
[2.917s] -- Found Boost: /usr/lib/x86_64-linux-gnu/cmake/Boost-1.71.0/BoostConfig.cmake (found version "1.71.0") found components: thread system filesystem regex date_time program_options 
[3.174s] -- Found Boost: /usr/lib/x86_64-linux-gnu/cmake/Boost-1.71.0/BoostConfig.cmake (found version "1.71.0") found components: system filesystem date_time program_options thread 
[3.580s] -- Found moveit_ros_robot_interaction: 2.3.4 (/opt/ros/galactic/share/moveit_ros_robot_interaction/cmake)
[3.583s] -- Found Boost: /usr/lib/x86_64-linux-gnu/cmake/Boost-1.71.0/BoostConfig.cmake (found version "1.71.0") found components: thread 
[3.679s] -- Configuring done
[3.700s] -- Generating done
[3.702s] -- Build files have been written to: /home/venu/ros2_ws3/build/six_dof_arm
[3.717s] [35m[1mConsolidate compiler generated dependencies of target arm_movement[0m
[3.731s] [100%] Built target arm_movement
[3.735s] Invoked command in '/home/venu/ros2_ws3/build/six_dof_arm' returned '0': /usr/local/bin/cmake --build /home/venu/ros2_ws3/build/six_dof_arm -- -j16 -l16
[3.749s] Invoking command in '/home/venu/ros2_ws3/build/six_dof_arm': /usr/local/bin/cmake --install /home/venu/ros2_ws3/build/six_dof_arm
[3.752s] -- Install configuration: ""
[3.752s] -- Execute custom install script
[3.752s] -- Up-to-date symlink: /home/venu/ros2_ws3/install/six_dof_arm/lib/six_dof_arm/arm_movement
[3.753s] [33mCMake Warning (dev) at ament_cmake_symlink_install/ament_cmake_symlink_install.cmake:62 (file):
[3.753s]   Policy CMP0009 is not set: FILE GLOB_RECURSE calls should not follow
[3.753s]   symlinks by default.  Run "cmake --help-policy CMP0009" for policy details.
[3.753s]   Use the cmake_policy command to set the policy and suppress this warning.
[3.753s] Call Stack (most recent call first):
[3.753s]   ament_cmake_symlink_install/ament_cmake_symlink_install.cmake:317 (ament_cmake_symlink_install_directory)
[3.754s]   cmake_install.cmake:46 (include)
[3.754s] This warning is for project developers.  Use -Wno-dev to suppress it.
[3.754s] [0m
[3.754s] -- Up-to-date symlink: /home/venu/ros2_ws3/install/six_dof_arm/share/six_dof_arm/launch/build/.built_by
[3.755s] -- Up-to-date symlink: /home/venu/ros2_ws3/install/six_dof_arm/share/six_dof_arm/launch/build/COLCON_IGNORE
[3.755s] -- Up-to-date symlink: /home/venu/ros2_ws3/install/six_dof_arm/share/six_dof_arm/launch/display.launch.py
[3.755s] -- Up-to-date symlink: /home/venu/ros2_ws3/install/six_dof_arm/share/six_dof_arm/launch/empty_world.launch.py
[3.755s] -- Up-to-date symlink: /home/venu/ros2_ws3/install/six_dof_arm/share/six_dof_arm/launch/gazebo.launch.py
[3.755s] -- Up-to-date symlink: /home/venu/ros2_ws3/install/six_dof_arm/share/six_dof_arm/launch/install/.colcon_install_layout
[3.755s] -- Up-to-date symlink: /home/venu/ros2_ws3/install/six_dof_arm/share/six_dof_arm/launch/install/COLCON_IGNORE
[3.755s] -- Up-to-date symlink: /home/venu/ros2_ws3/install/six_dof_arm/share/six_dof_arm/launch/install/_local_setup_util_ps1.py
[3.755s] -- Up-to-date symlink: /home/venu/ros2_ws3/install/six_dof_arm/share/six_dof_arm/launch/install/_local_setup_util_sh.py
[3.756s] -- Up-to-date symlink: /home/venu/ros2_ws3/install/six_dof_arm/share/six_dof_arm/launch/install/local_setup.bash
[3.756s] -- Up-to-date symlink: /home/venu/ros2_ws3/install/six_dof_arm/share/six_dof_arm/launch/install/local_setup.ps1
[3.756s] -- Up-to-date symlink: /home/venu/ros2_ws3/install/six_dof_arm/share/six_dof_arm/launch/install/local_setup.sh
[3.756s] -- Up-to-date symlink: /home/venu/ros2_ws3/install/six_dof_arm/share/six_dof_arm/launch/install/local_setup.zsh
[3.756s] -- Up-to-date symlink: /home/venu/ros2_ws3/install/six_dof_arm/share/six_dof_arm/launch/install/setup.bash
[3.756s] -- Up-to-date symlink: /home/venu/ros2_ws3/install/six_dof_arm/share/six_dof_arm/launch/install/setup.ps1
[3.756s] -- Up-to-date symlink: /home/venu/ros2_ws3/install/six_dof_arm/share/six_dof_arm/launch/install/setup.sh
[3.756s] -- Up-to-date symlink: /home/venu/ros2_ws3/install/six_dof_arm/share/six_dof_arm/launch/install/setup.zsh
[3.756s] -- Up-to-date symlink: /home/venu/ros2_ws3/install/six_dof_arm/share/six_dof_arm/launch/log/COLCON_IGNORE
[3.756s] -- Up-to-date symlink: /home/venu/ros2_ws3/install/six_dof_arm/share/six_dof_arm/launch/log/build_2024-08-26_20-31-36/events.log
[3.756s] -- Up-to-date symlink: /home/venu/ros2_ws3/install/six_dof_arm/share/six_dof_arm/launch/log/build_2024-08-26_20-31-36/logger_all.log
[3.756s] -- Up-to-date symlink: /home/venu/ros2_ws3/install/six_dof_arm/share/six_dof_arm/launch/log/build_2024-08-27_14-51-07/events.log
[3.756s] -- Up-to-date symlink: /home/venu/ros2_ws3/install/six_dof_arm/share/six_dof_arm/launch/log/build_2024-08-27_14-51-07/logger_all.log
[3.756s] -- Up-to-date symlink: /home/venu/ros2_ws3/install/six_dof_arm/share/six_dof_arm/launch/log/latest/events.log
[3.756s] -- Up-to-date symlink: /home/venu/ros2_ws3/install/six_dof_arm/share/six_dof_arm/launch/log/latest/logger_all.log
[3.756s] -- Up-to-date symlink: /home/venu/ros2_ws3/install/six_dof_arm/share/six_dof_arm/launch/log/latest_build/events.log
[3.756s] -- Up-to-date symlink: /home/venu/ros2_ws3/install/six_dof_arm/share/six_dof_arm/launch/log/latest_build/logger_all.log
[3.756s] -- Up-to-date symlink: /home/venu/ros2_ws3/install/six_dof_arm/share/six_dof_arm/launch/moveit.launch.py
[3.756s] -- Up-to-date symlink: /home/venu/ros2_ws3/install/six_dof_arm/share/six_dof_arm/launch/robot_state_publisher_launch.py
[3.756s] -- Up-to-date symlink: /home/venu/ros2_ws3/install/six_dof_arm/share/ament_index/resource_index/package_run_dependencies/six_dof_arm
[3.757s] -- Up-to-date symlink: /home/venu/ros2_ws3/install/six_dof_arm/share/ament_index/resource_index/parent_prefix_path/six_dof_arm
[3.757s] -- Up-to-date symlink: /home/venu/ros2_ws3/install/six_dof_arm/share/six_dof_arm/environment/ament_prefix_path.sh
[3.757s] -- Up-to-date symlink: /home/venu/ros2_ws3/install/six_dof_arm/share/six_dof_arm/environment/ament_prefix_path.dsv
[3.757s] -- Up-to-date symlink: /home/venu/ros2_ws3/install/six_dof_arm/share/six_dof_arm/environment/path.sh
[3.757s] -- Up-to-date symlink: /home/venu/ros2_ws3/install/six_dof_arm/share/six_dof_arm/environment/path.dsv
[3.757s] -- Up-to-date symlink: /home/venu/ros2_ws3/install/six_dof_arm/share/six_dof_arm/local_setup.bash
[3.757s] -- Up-to-date symlink: /home/venu/ros2_ws3/install/six_dof_arm/share/six_dof_arm/local_setup.sh
[3.757s] -- Up-to-date symlink: /home/venu/ros2_ws3/install/six_dof_arm/share/six_dof_arm/local_setup.zsh
[3.757s] -- Up-to-date symlink: /home/venu/ros2_ws3/install/six_dof_arm/share/six_dof_arm/local_setup.dsv
[3.757s] -- Symlinking: /home/venu/ros2_ws3/install/six_dof_arm/share/six_dof_arm/package.dsv
[3.757s] -- Up-to-date symlink: /home/venu/ros2_ws3/install/six_dof_arm/share/ament_index/resource_index/packages/six_dof_arm
[3.757s] -- Up-to-date symlink: /home/venu/ros2_ws3/install/six_dof_arm/share/six_dof_arm/cmake/six_dof_armConfig.cmake
[3.757s] -- Up-to-date symlink: /home/venu/ros2_ws3/install/six_dof_arm/share/six_dof_arm/cmake/six_dof_armConfig-version.cmake
[3.757s] -- Up-to-date symlink: /home/venu/ros2_ws3/install/six_dof_arm/share/six_dof_arm/package.xml
[3.759s] Invoked command in '/home/venu/ros2_ws3/build/six_dof_arm' returned '0': /usr/local/bin/cmake --install /home/venu/ros2_ws3/build/six_dof_arm
