[0.019s] Invoking command in '/home/venu/ros2_ws3/build/six_dof_arm': /usr/local/bin/cmake --build /home/venu/ros2_ws3/build/six_dof_arm -- -j16 -l16
[0.037s] [35m[1mConsolidate compiler generated dependencies of target arm_movement[0m
[0.049s] [100%] Built target arm_movement
[0.058s] Invoked command in '/home/venu/ros2_ws3/build/six_dof_arm' returned '0': /usr/local/bin/cmake --build /home/venu/ros2_ws3/build/six_dof_arm -- -j16 -l16
[0.075s] Invoking command in '/home/venu/ros2_ws3/build/six_dof_arm': /usr/local/bin/cmake --install /home/venu/ros2_ws3/build/six_dof_arm
[0.076s] -- Install configuration: ""
[0.076s] -- Execute custom install script
[0.076s] -- Up-to-date symlink: /home/venu/ros2_ws3/install/six_dof_arm/lib/six_dof_arm/arm_movement
[0.077s] [33mCMake Warning (dev) at ament_cmake_symlink_install/ament_cmake_symlink_install.cmake:62 (file):
[0.077s]   Policy CMP0009 is not set: FILE GLOB_RECURSE calls should not follow
[0.077s]   symlinks by default.  Run "cmake --help-policy CMP0009" for policy details.
[0.077s]   Use the cmake_policy command to set the policy and suppress this warning.
[0.077s] Call Stack (most recent call first):
[0.077s]   ament_cmake_symlink_install/ament_cmake_symlink_install.cmake:317 (ament_cmake_symlink_install_directory)
[0.077s]   cmake_install.cmake:46 (include)
[0.077s] This warning is for project developers.  Use -Wno-dev to suppress it.
[0.077s] [0m
[0.077s] -- Up-to-date symlink: /home/venu/ros2_ws3/install/six_dof_arm/share/six_dof_arm/launch/build/.built_by
[0.077s] -- Up-to-date symlink: /home/venu/ros2_ws3/install/six_dof_arm/share/six_dof_arm/launch/build/COLCON_IGNORE
[0.077s] -- Up-to-date symlink: /home/venu/ros2_ws3/install/six_dof_arm/share/six_dof_arm/launch/display.launch.py
[0.078s] -- Up-to-date symlink: /home/venu/ros2_ws3/install/six_dof_arm/share/six_dof_arm/launch/empty_world.launch.py
[0.078s] -- Up-to-date symlink: /home/venu/ros2_ws3/install/six_dof_arm/share/six_dof_arm/launch/gazebo.launch.py
[0.078s] -- Up-to-date symlink: /home/venu/ros2_ws3/install/six_dof_arm/share/six_dof_arm/launch/install/.colcon_install_layout
[0.078s] -- Up-to-date symlink: /home/venu/ros2_ws3/install/six_dof_arm/share/six_dof_arm/launch/install/COLCON_IGNORE
[0.078s] -- Up-to-date symlink: /home/venu/ros2_ws3/install/six_dof_arm/share/six_dof_arm/launch/install/_local_setup_util_ps1.py
[0.078s] -- Up-to-date symlink: /home/venu/ros2_ws3/install/six_dof_arm/share/six_dof_arm/launch/install/_local_setup_util_sh.py
[0.078s] -- Up-to-date symlink: /home/venu/ros2_ws3/install/six_dof_arm/share/six_dof_arm/launch/install/local_setup.bash
[0.078s] -- Up-to-date symlink: /home/venu/ros2_ws3/install/six_dof_arm/share/six_dof_arm/launch/install/local_setup.ps1
[0.078s] -- Up-to-date symlink: /home/venu/ros2_ws3/install/six_dof_arm/share/six_dof_arm/launch/install/local_setup.sh
[0.079s] -- Up-to-date symlink: /home/venu/ros2_ws3/install/six_dof_arm/share/six_dof_arm/launch/install/local_setup.zsh
[0.079s] -- Up-to-date symlink: /home/venu/ros2_ws3/install/six_dof_arm/share/six_dof_arm/launch/install/setup.bash
[0.079s] -- Up-to-date symlink: /home/venu/ros2_ws3/install/six_dof_arm/share/six_dof_arm/launch/install/setup.ps1
[0.079s] -- Up-to-date symlink: /home/venu/ros2_ws3/install/six_dof_arm/share/six_dof_arm/launch/install/setup.sh
[0.079s] -- Up-to-date symlink: /home/venu/ros2_ws3/install/six_dof_arm/share/six_dof_arm/launch/install/setup.zsh
[0.079s] -- Up-to-date symlink: /home/venu/ros2_ws3/install/six_dof_arm/share/six_dof_arm/launch/log/COLCON_IGNORE
[0.079s] -- Up-to-date symlink: /home/venu/ros2_ws3/install/six_dof_arm/share/six_dof_arm/launch/log/build_2024-08-26_20-31-36/events.log
[0.079s] -- Up-to-date symlink: /home/venu/ros2_ws3/install/six_dof_arm/share/six_dof_arm/launch/log/build_2024-08-26_20-31-36/logger_all.log
[0.080s] -- Up-to-date symlink: /home/venu/ros2_ws3/install/six_dof_arm/share/six_dof_arm/launch/log/build_2024-08-27_14-51-07/events.log
[0.080s] -- Up-to-date symlink: /home/venu/ros2_ws3/install/six_dof_arm/share/six_dof_arm/launch/log/build_2024-08-27_14-51-07/logger_all.log
[0.080s] -- Up-to-date symlink: /home/venu/ros2_ws3/install/six_dof_arm/share/six_dof_arm/launch/log/latest/events.log
[0.080s] -- Up-to-date symlink: /home/venu/ros2_ws3/install/six_dof_arm/share/six_dof_arm/launch/log/latest/logger_all.log
[0.080s] -- Up-to-date symlink: /home/venu/ros2_ws3/install/six_dof_arm/share/six_dof_arm/launch/log/latest_build/events.log
[0.080s] -- Up-to-date symlink: /home/venu/ros2_ws3/install/six_dof_arm/share/six_dof_arm/launch/log/latest_build/logger_all.log
[0.080s] -- Up-to-date symlink: /home/venu/ros2_ws3/install/six_dof_arm/share/six_dof_arm/launch/moveit.launch.py
[0.080s] -- Up-to-date symlink: /home/venu/ros2_ws3/install/six_dof_arm/share/six_dof_arm/launch/robot_state_publisher_launch.py
[0.081s] -- Up-to-date symlink: /home/venu/ros2_ws3/install/six_dof_arm/share/ament_index/resource_index/package_run_dependencies/six_dof_arm
[0.081s] -- Up-to-date symlink: /home/venu/ros2_ws3/install/six_dof_arm/share/ament_index/resource_index/parent_prefix_path/six_dof_arm
[0.081s] -- Up-to-date symlink: /home/venu/ros2_ws3/install/six_dof_arm/share/six_dof_arm/environment/ament_prefix_path.sh
[0.081s] -- Up-to-date symlink: /home/venu/ros2_ws3/install/six_dof_arm/share/six_dof_arm/environment/ament_prefix_path.dsv
[0.082s] -- Up-to-date symlink: /home/venu/ros2_ws3/install/six_dof_arm/share/six_dof_arm/environment/path.sh
[0.082s] -- Up-to-date symlink: /home/venu/ros2_ws3/install/six_dof_arm/share/six_dof_arm/environment/path.dsv
[0.082s] -- Up-to-date symlink: /home/venu/ros2_ws3/install/six_dof_arm/share/six_dof_arm/local_setup.bash
[0.082s] -- Up-to-date symlink: /home/venu/ros2_ws3/install/six_dof_arm/share/six_dof_arm/local_setup.sh
[0.082s] -- Up-to-date symlink: /home/venu/ros2_ws3/install/six_dof_arm/share/six_dof_arm/local_setup.zsh
[0.082s] -- Up-to-date symlink: /home/venu/ros2_ws3/install/six_dof_arm/share/six_dof_arm/local_setup.dsv
[0.083s] -- Symlinking: /home/venu/ros2_ws3/install/six_dof_arm/share/six_dof_arm/package.dsv
[0.084s] -- Up-to-date symlink: /home/venu/ros2_ws3/install/six_dof_arm/share/ament_index/resource_index/packages/six_dof_arm
[0.084s] -- Up-to-date symlink: /home/venu/ros2_ws3/install/six_dof_arm/share/six_dof_arm/cmake/six_dof_armConfig.cmake
[0.085s] -- Up-to-date symlink: /home/venu/ros2_ws3/install/six_dof_arm/share/six_dof_arm/cmake/six_dof_armConfig-version.cmake
[0.085s] -- Up-to-date symlink: /home/venu/ros2_ws3/install/six_dof_arm/share/six_dof_arm/package.xml
[0.087s] Invoked command in '/home/venu/ros2_ws3/build/six_dof_arm' returned '0': /usr/local/bin/cmake --install /home/venu/ros2_ws3/build/six_dof_arm
