[0.018s] Invoking command in '/home/venu/ros2_ws3/build/six_dof_arm': /usr/local/bin/cmake --build /home/venu/ros2_ws3/build/six_dof_arm -- -j16 -l16
[0.031s] -- Found ament_cmake: 1.1.6 (/opt/ros/galactic/share/ament_cmake/cmake)
[0.050s] -- Using PYTHON_EXECUTABLE: /usr/bin/python3
[0.090s] -- Override CMake install command with custom implementation using symlinks instead of copying resources
[0.096s] -- Found rclcpp: 9.2.2 (/opt/ros/galactic/share/rclcpp/cmake)
[0.123s] -- Using all available rosidl_typesupport_c: rosidl_typesupport_fastrtps_c;rosidl_typesupport_introspection_c
[0.125s] -- Found rosidl_adapter: 2.2.3 (/opt/ros/galactic/share/rosidl_adapter/cmake)
[0.210s] -- Using all available rosidl_typesupport_cpp: rosidl_typesupport_fastrtps_cpp;rosidl_typesupport_introspection_cpp
[0.241s] -- Found rmw_implementation_cmake: 3.3.1 (/opt/ros/galactic/share/rmw_implementation_cmake/cmake)
[0.243s] -- Found rmw_cyclonedds_cpp: 0.22.6 (/opt/ros/galactic/share/rmw_cyclonedds_cpp/cmake)
[0.254s] -- Using RMW implementation 'rmw_cyclonedds_cpp' as default
[0.346s] [31mCMake Error at CMakeLists.txt:10 (find_package):
[0.346s]   By not providing "Findgazebo_ros.cmake" in CMAKE_MODULE_PATH this project
[0.346s]   has asked CMake to find a package configuration file provided by
[0.346s]   "gazebo_ros", but CMake did not find one.
[0.346s] 
[0.346s]   Could not find a package configuration file provided by "gazebo_ros" with
[0.346s]   any of the following names:
[0.346s] 
[0.346s]     gazebo_rosConfig.cmake
[0.346s]     gazebo_ros-config.cmake
[0.347s] 
[0.347s]   Add the installation prefix of "gazebo_ros" to CMAKE_PREFIX_PATH or set
[0.347s]   "gazebo_ros_DIR" to a directory containing one of the above files.  If
[0.347s]   "gazebo_ros" provides a separate development package or SDK, be sure it has
[0.347s]   been installed.
[0.347s] 
[0.347s] [0m
[0.347s] -- Configuring incomplete, errors occurred!
[0.347s] See also "/home/venu/ros2_ws3/build/six_dof_arm/CMakeFiles/CMakeOutput.log".
[0.347s] See also "/home/venu/ros2_ws3/build/six_dof_arm/CMakeFiles/CMakeError.log".
[0.351s] make: *** [Makefile:267: cmake_check_build_system] Error 1
[0.353s] Invoked command in '/home/venu/ros2_ws3/build/six_dof_arm' returned '2': /usr/local/bin/cmake --build /home/venu/ros2_ws3/build/six_dof_arm -- -j16 -l16
