[0.015s] Invoking command in '/home/venu/ros2_ws3/build/gazebo_ros2_control': /usr/local/bin/cmake /home/venu/ros2_ws3/src/gazebo_ros2_control -DAMENT_CMAKE_SYMLINK_INSTALL=1 -DCMAKE_INSTALL_PREFIX=/home/venu/ros2_ws3/install/gazebo_ros2_control
[0.052s] -- The C compiler identification is GNU 9.4.0
[0.091s] -- The CXX compiler identification is GNU 9.4.0
[0.096s] -- Detecting C compiler ABI info
[0.134s] -- Detecting C compiler ABI info - done
[0.142s] -- Check for working C compiler: /usr/bin/cc - skipped
[0.142s] -- Detecting C compile features
[0.142s] -- Detecting C compile features - done
[0.145s] -- Detecting CXX compiler ABI info
[0.188s] -- Detecting CXX compiler ABI info - done
[0.196s] -- Check for working CXX compiler: /usr/bin/c++ - skipped
[0.196s] -- Detecting CXX compile features
[0.196s] -- Detecting CXX compile features - done
[0.200s] -- Found ament_cmake: 1.1.6 (/opt/ros/galactic/share/ament_cmake/cmake)
[0.219s] -- Found PythonInterp: /usr/bin/python3 (found suitable version "3.8.10", minimum required is "3") 
[0.219s] -- Using PYTHON_EXECUTABLE: /usr/bin/python3
[0.259s] -- Override CMake install command with custom implementation using symlinks instead of copying resources
[0.305s] -- Found ament_lint_auto: 0.10.7 (/opt/ros/galactic/share/ament_lint_auto/cmake)
[0.393s] -- Added test 'copyright' to check source files copyright and LICENSE
[0.398s] -- Added test 'cppcheck' to perform static code analysis on C / C++ code
[0.398s] -- Configured cppcheck include dirs: 
[0.398s] -- Configured cppcheck exclude dirs and/or files: 
[0.403s] -- Added test 'cpplint' to check C / C++ code against the Google style
[0.403s] -- Configured cpplint exclude dirs and/or files: 
[0.404s] -- Added test 'flake8' to check Python code syntax and style conventions
[0.405s] -- Added test 'lint_cmake' to check CMake code style
[0.406s] -- Added test 'pep257' to check Python code against some of the style conventions in PEP 257
[0.410s] -- Added test 'uncrustify' to check C / C++ code style
[0.410s] -- Configured uncrustify additional arguments: 
[0.411s] -- Added test 'xmllint' to check XML markup files
[0.412s] -- Configuring done
[0.414s] -- Generating done
[0.415s] -- Build files have been written to: /home/venu/ros2_ws3/build/gazebo_ros2_control
[0.421s] Invoked command in '/home/venu/ros2_ws3/build/gazebo_ros2_control' returned '0': /usr/local/bin/cmake /home/venu/ros2_ws3/src/gazebo_ros2_control -DAMENT_CMAKE_SYMLINK_INSTALL=1 -DCMAKE_INSTALL_PREFIX=/home/venu/ros2_ws3/install/gazebo_ros2_control
[0.423s] Invoking command in '/home/venu/ros2_ws3/build/gazebo_ros2_control': /usr/local/bin/cmake --build /home/venu/ros2_ws3/build/gazebo_ros2_control -- -j16 -l16
[0.436s] Invoked command in '/home/venu/ros2_ws3/build/gazebo_ros2_control' returned '0': /usr/local/bin/cmake --build /home/venu/ros2_ws3/build/gazebo_ros2_control -- -j16 -l16
[0.455s] Invoking command in '/home/venu/ros2_ws3/build/gazebo_ros2_control': /usr/local/bin/cmake --install /home/venu/ros2_ws3/build/gazebo_ros2_control
[0.457s] -- Install configuration: ""
[0.458s] -- Execute custom install script
[0.458s] -- Symlinking: /home/venu/ros2_ws3/install/gazebo_ros2_control/share/ament_index/resource_index/package_run_dependencies/gazebo_ros2_control
[0.461s] -- Symlinking: /home/venu/ros2_ws3/install/gazebo_ros2_control/share/ament_index/resource_index/parent_prefix_path/gazebo_ros2_control
[0.463s] -- Symlinking: /home/venu/ros2_ws3/install/gazebo_ros2_control/share/gazebo_ros2_control/environment/ament_prefix_path.sh
[0.465s] -- Symlinking: /home/venu/ros2_ws3/install/gazebo_ros2_control/share/gazebo_ros2_control/environment/ament_prefix_path.dsv
[0.467s] -- Symlinking: /home/venu/ros2_ws3/install/gazebo_ros2_control/share/gazebo_ros2_control/environment/path.sh
[0.469s] -- Symlinking: /home/venu/ros2_ws3/install/gazebo_ros2_control/share/gazebo_ros2_control/environment/path.dsv
[0.471s] -- Symlinking: /home/venu/ros2_ws3/install/gazebo_ros2_control/share/gazebo_ros2_control/local_setup.bash
[0.473s] -- Symlinking: /home/venu/ros2_ws3/install/gazebo_ros2_control/share/gazebo_ros2_control/local_setup.sh
[0.475s] -- Symlinking: /home/venu/ros2_ws3/install/gazebo_ros2_control/share/gazebo_ros2_control/local_setup.zsh
[0.477s] -- Symlinking: /home/venu/ros2_ws3/install/gazebo_ros2_control/share/gazebo_ros2_control/local_setup.dsv
[0.480s] -- Symlinking: /home/venu/ros2_ws3/install/gazebo_ros2_control/share/gazebo_ros2_control/package.dsv
[0.482s] -- Symlinking: /home/venu/ros2_ws3/install/gazebo_ros2_control/share/ament_index/resource_index/packages/gazebo_ros2_control
[0.484s] -- Symlinking: /home/venu/ros2_ws3/install/gazebo_ros2_control/share/gazebo_ros2_control/cmake/gazebo_ros2_controlConfig.cmake
[0.485s] -- Symlinking: /home/venu/ros2_ws3/install/gazebo_ros2_control/share/gazebo_ros2_control/cmake/gazebo_ros2_controlConfig-version.cmake
[0.487s] -- Symlinking: /home/venu/ros2_ws3/install/gazebo_ros2_control/share/gazebo_ros2_control/package.xml
[0.490s] Invoked command in '/home/venu/ros2_ws3/build/gazebo_ros2_control' returned '0': /usr/local/bin/cmake --install /home/venu/ros2_ws3/build/gazebo_ros2_control
