[0.140s] DEBUG:colcon:Command line arguments: ['/usr/bin/colcon', 'build', '--symlink-install']
[0.140s] DEBUG:colcon:Parsed command line arguments: Namespace(allow_overriding=[], ament_cmake_args=None, base_paths=['.'], build_base='build', catkin_cmake_args=None, catkin_skip_building_tests=False, cmake_args=None, cmake_clean_cache=False, cmake_clean_first=False, cmake_force_configure=False, cmake_target=None, cmake_target_skip_unavailable=False, continue_on_error=False, event_handlers=None, executor='parallel', ignore_user_meta=False, install_base='install', log_base=None, log_level=None, main=<bound method BuildVerb.main of <colcon_core.verb.build.BuildVerb object at 0x7fc5517f09a0>>, merge_install=False, metas=['./colcon.meta'], packages_above=None, packages_above_and_dependencies=None, packages_above_depth=None, packages_end=None, packages_ignore=None, packages_ignore_regex=None, packages_select=None, packages_select_build_failed=False, packages_select_by_dep=None, packages_select_regex=None, packages_select_test_failures=False, packages_skip=None, packages_skip_build_finished=False, packages_skip_by_dep=None, packages_skip_regex=None, packages_skip_test_passed=False, packages_skip_up_to=None, packages_start=None, packages_up_to=None, packages_up_to_regex=None, parallel_workers=16, paths=None, symlink_install=True, test_result_base=None, verb_extension=<colcon_core.verb.build.BuildVerb object at 0x7fc5517f09a0>, verb_name='build', verb_parser=<colcon_defaults.argument_parser.defaults.DefaultArgumentsDecorator object at 0x7fc551792c40>)
[0.169s] Level 1:colcon.colcon_core.package_discovery:discover_packages(colcon_meta) check parameters
[0.169s] Level 1:colcon.colcon_core.package_discovery:discover_packages(recursive) check parameters
[0.169s] Level 1:colcon.colcon_core.package_discovery:discover_packages(ignore) check parameters
[0.169s] Level 1:colcon.colcon_core.package_discovery:discover_packages(path) check parameters
[0.169s] Level 1:colcon.colcon_core.package_discovery:discover_packages(colcon_meta) discover
[0.169s] Level 1:colcon.colcon_core.package_discovery:discover_packages(recursive) discover
[0.169s] INFO:colcon.colcon_core.package_discovery:Crawling recursively for packages in '/home/venu/ros2_ws3/src'
[0.170s] Level 1:colcon.colcon_core.package_identification:_identify(.) by extensions ['ignore', 'ignore_ament_install']
[0.170s] Level 1:colcon.colcon_core.package_identification:_identify(.) by extension 'ignore'
[0.170s] Level 1:colcon.colcon_core.package_identification:_identify(.) by extension 'ignore_ament_install'
[0.170s] Level 1:colcon.colcon_core.package_identification:_identify(.) by extensions ['colcon_pkg']
[0.170s] Level 1:colcon.colcon_core.package_identification:_identify(.) by extension 'colcon_pkg'
[0.170s] Level 1:colcon.colcon_core.package_identification:_identify(.) by extensions ['colcon_meta']
[0.170s] Level 1:colcon.colcon_core.package_identification:_identify(.) by extension 'colcon_meta'
[0.170s] Level 1:colcon.colcon_core.package_identification:_identify(.) by extensions ['ros']
[0.170s] Level 1:colcon.colcon_core.package_identification:_identify(.) by extension 'ros'
[0.179s] Level 1:colcon.colcon_core.package_identification:_identify(.) by extensions ['cmake', 'python']
[0.179s] Level 1:colcon.colcon_core.package_identification:_identify(.) by extension 'cmake'
[0.179s] Level 1:colcon.colcon_core.package_identification:_identify(.) by extension 'python'
[0.179s] Level 1:colcon.colcon_core.package_identification:_identify(.) by extensions ['python_setup_py']
[0.179s] Level 1:colcon.colcon_core.package_identification:_identify(.) by extension 'python_setup_py'
[0.179s] Level 1:colcon.colcon_core.package_identification:_identify(build) by extensions ['ignore', 'ignore_ament_install']
[0.179s] Level 1:colcon.colcon_core.package_identification:_identify(build) by extension 'ignore'
[0.179s] Level 1:colcon.colcon_core.package_identification:_identify(build) ignored
[0.179s] Level 1:colcon.colcon_core.package_identification:_identify(install) by extensions ['ignore', 'ignore_ament_install']
[0.179s] Level 1:colcon.colcon_core.package_identification:_identify(install) by extension 'ignore'
[0.179s] Level 1:colcon.colcon_core.package_identification:_identify(install) ignored
[0.179s] Level 1:colcon.colcon_core.package_identification:_identify(log) by extensions ['ignore', 'ignore_ament_install']
[0.179s] Level 1:colcon.colcon_core.package_identification:_identify(log) by extension 'ignore'
[0.179s] Level 1:colcon.colcon_core.package_identification:_identify(log) ignored
[0.179s] Level 1:colcon.colcon_core.package_identification:_identify(six_dof_arm) by extensions ['ignore', 'ignore_ament_install']
[0.179s] Level 1:colcon.colcon_core.package_identification:_identify(six_dof_arm) by extension 'ignore'
[0.179s] Level 1:colcon.colcon_core.package_identification:_identify(six_dof_arm) by extension 'ignore_ament_install'
[0.180s] Level 1:colcon.colcon_core.package_identification:_identify(six_dof_arm) by extensions ['colcon_pkg']
[0.180s] Level 1:colcon.colcon_core.package_identification:_identify(six_dof_arm) by extension 'colcon_pkg'
[0.180s] Level 1:colcon.colcon_core.package_identification:_identify(six_dof_arm) by extensions ['colcon_meta']
[0.180s] Level 1:colcon.colcon_core.package_identification:_identify(six_dof_arm) by extension 'colcon_meta'
[0.180s] Level 1:colcon.colcon_core.package_identification:_identify(six_dof_arm) by extensions ['ros']
[0.180s] Level 1:colcon.colcon_core.package_identification:_identify(six_dof_arm) by extension 'ros'
[0.181s] DEBUG:colcon.colcon_core.package_identification:Package 'six_dof_arm' with type 'ros.ament_cmake' and name 'six_dof_arm'
[0.181s] Level 1:colcon.colcon_core.package_discovery:discover_packages(recursive) using defaults
[0.181s] Level 1:colcon.colcon_core.package_discovery:discover_packages(ignore) discover
[0.181s] Level 1:colcon.colcon_core.package_discovery:discover_packages(ignore) using defaults
[0.181s] Level 1:colcon.colcon_core.package_discovery:discover_packages(path) discover
[0.181s] Level 1:colcon.colcon_core.package_discovery:discover_packages(path) using defaults
[0.193s] Level 1:colcon.colcon_core.package_discovery:discover_packages(prefix_path) check parameters
[0.193s] Level 1:colcon.colcon_core.package_discovery:discover_packages(prefix_path) discover
[0.194s] DEBUG:colcon.colcon_installed_package_information.package_discovery:Found 1 installed packages in /home/venu/ros2_ws/install
[0.195s] DEBUG:colcon.colcon_installed_package_information.package_discovery:Found 944 installed packages in /opt/ros/galactic
[0.198s] Level 1:colcon.colcon_core.package_discovery:discover_packages(prefix_path) using defaults
[0.272s] Level 5:colcon.colcon_core.verb:set package 'six_dof_arm' build argument 'cmake_args' from command line to 'None'
[0.272s] Level 5:colcon.colcon_core.verb:set package 'six_dof_arm' build argument 'cmake_target' from command line to 'None'
[0.272s] Level 5:colcon.colcon_core.verb:set package 'six_dof_arm' build argument 'cmake_target_skip_unavailable' from command line to 'False'
[0.272s] Level 5:colcon.colcon_core.verb:set package 'six_dof_arm' build argument 'cmake_clean_cache' from command line to 'False'
[0.272s] Level 5:colcon.colcon_core.verb:set package 'six_dof_arm' build argument 'cmake_clean_first' from command line to 'False'
[0.272s] Level 5:colcon.colcon_core.verb:set package 'six_dof_arm' build argument 'cmake_force_configure' from command line to 'False'
[0.272s] Level 5:colcon.colcon_core.verb:set package 'six_dof_arm' build argument 'ament_cmake_args' from command line to 'None'
[0.272s] Level 5:colcon.colcon_core.verb:set package 'six_dof_arm' build argument 'catkin_cmake_args' from command line to 'None'
[0.272s] Level 5:colcon.colcon_core.verb:set package 'six_dof_arm' build argument 'catkin_skip_building_tests' from command line to 'False'
[0.272s] DEBUG:colcon.colcon_core.verb:Building package 'six_dof_arm' with the following arguments: {'ament_cmake_args': None, 'build_base': '/home/venu/ros2_ws3/src/build/six_dof_arm', 'catkin_cmake_args': None, 'catkin_skip_building_tests': False, 'cmake_args': None, 'cmake_clean_cache': False, 'cmake_clean_first': False, 'cmake_force_configure': False, 'cmake_target': None, 'cmake_target_skip_unavailable': False, 'install_base': '/home/venu/ros2_ws3/src/install/six_dof_arm', 'merge_install': False, 'path': '/home/venu/ros2_ws3/src/six_dof_arm', 'symlink_install': True, 'test_result_base': None}
[0.273s] INFO:colcon.colcon_core.executor:Executing jobs using 'parallel' executor
[0.273s] DEBUG:colcon.colcon_parallel_executor.executor.parallel:run_until_complete
[0.274s] INFO:colcon.colcon_ros.task.ament_cmake.build:Building ROS package in '/home/venu/ros2_ws3/src/six_dof_arm' with build type 'ament_cmake'
[0.274s] INFO:colcon.colcon_cmake.task.cmake.build:Building CMake package in '/home/venu/ros2_ws3/src/six_dof_arm'
[0.275s] INFO:colcon.colcon_core.plugin_system:Skipping extension 'colcon_core.shell.bat': Not used on non-Windows systems
[0.275s] INFO:colcon.colcon_core.shell:Skip shell extension 'powershell' for command environment: Not usable outside of PowerShell
[0.275s] DEBUG:colcon.colcon_core.shell:Skip shell extension 'dsv' for command environment
[0.283s] DEBUG:colcon.colcon_core.event_handler.log_command:Invoking command in '/home/venu/ros2_ws3/src/build/six_dof_arm': /usr/local/bin/cmake /home/venu/ros2_ws3/src/six_dof_arm -DAMENT_CMAKE_SYMLINK_INSTALL=1 -DCMAKE_INSTALL_PREFIX=/home/venu/ros2_ws3/src/install/six_dof_arm
[3.417s] DEBUG:colcon.colcon_core.event_handler.log_command:Invoked command in '/home/venu/ros2_ws3/src/build/six_dof_arm' returned '0': /usr/local/bin/cmake /home/venu/ros2_ws3/src/six_dof_arm -DAMENT_CMAKE_SYMLINK_INSTALL=1 -DCMAKE_INSTALL_PREFIX=/home/venu/ros2_ws3/src/install/six_dof_arm
[3.419s] DEBUG:colcon.colcon_core.event_handler.log_command:Invoking command in '/home/venu/ros2_ws3/src/build/six_dof_arm': /usr/local/bin/cmake --build /home/venu/ros2_ws3/src/build/six_dof_arm -- -j16 -l16
[3.694s] DEBUG:colcon.colcon_core.event_handler.log_command:Invoked command in '/home/venu/ros2_ws3/src/build/six_dof_arm' returned '0': /usr/local/bin/cmake --build /home/venu/ros2_ws3/src/build/six_dof_arm -- -j16 -l16
[3.710s] DEBUG:colcon.colcon_core.event_handler.log_command:Invoking command in '/home/venu/ros2_ws3/src/build/six_dof_arm': /usr/local/bin/cmake --install /home/venu/ros2_ws3/src/build/six_dof_arm
[3.767s] Level 1:colcon.colcon_core.environment:create_environment_scripts_only(six_dof_arm)
[3.767s] DEBUG:colcon.colcon_core.event_handler.log_command:Invoked command in '/home/venu/ros2_ws3/src/build/six_dof_arm' returned '0': /usr/local/bin/cmake --install /home/venu/ros2_ws3/src/build/six_dof_arm
[3.769s] Level 1:colcon.colcon_core.environment:checking '/home/venu/ros2_ws3/src/install/six_dof_arm' for CMake module files
[3.770s] Level 1:colcon.colcon_core.environment:checking '/home/venu/ros2_ws3/src/install/six_dof_arm' for CMake config files
[3.770s] Level 1:colcon.colcon_core.shell:create_environment_hook('six_dof_arm', 'cmake_prefix_path')
[3.770s] INFO:colcon.colcon_core.shell:Creating environment hook '/home/venu/ros2_ws3/src/install/six_dof_arm/share/six_dof_arm/hook/cmake_prefix_path.ps1'
[3.770s] INFO:colcon.colcon_core.shell:Creating environment descriptor '/home/venu/ros2_ws3/src/install/six_dof_arm/share/six_dof_arm/hook/cmake_prefix_path.dsv'
[3.771s] INFO:colcon.colcon_core.shell:Creating environment hook '/home/venu/ros2_ws3/src/install/six_dof_arm/share/six_dof_arm/hook/cmake_prefix_path.sh'
[3.771s] Level 1:colcon.colcon_core.environment:checking '/home/venu/ros2_ws3/src/install/six_dof_arm/lib'
[3.771s] Level 1:colcon.colcon_core.environment:checking '/home/venu/ros2_ws3/src/install/six_dof_arm/bin'
[3.772s] Level 1:colcon.colcon_core.environment:checking '/home/venu/ros2_ws3/src/install/six_dof_arm/lib/pkgconfig/six_dof_arm.pc'
[3.772s] Level 1:colcon.colcon_core.environment:checking '/home/venu/ros2_ws3/src/install/six_dof_arm/lib/python3.8/site-packages'
[3.772s] Level 1:colcon.colcon_core.environment:checking '/home/venu/ros2_ws3/src/install/six_dof_arm/bin'
[3.772s] INFO:colcon.colcon_core.shell:Creating package script '/home/venu/ros2_ws3/src/install/six_dof_arm/share/six_dof_arm/package.ps1'
[3.773s] INFO:colcon.colcon_core.shell:Creating package descriptor '/home/venu/ros2_ws3/src/install/six_dof_arm/share/six_dof_arm/package.dsv'
[3.773s] INFO:colcon.colcon_core.shell:Creating package script '/home/venu/ros2_ws3/src/install/six_dof_arm/share/six_dof_arm/package.sh'
[3.774s] INFO:colcon.colcon_core.shell:Creating package script '/home/venu/ros2_ws3/src/install/six_dof_arm/share/six_dof_arm/package.bash'
[3.774s] INFO:colcon.colcon_core.shell:Creating package script '/home/venu/ros2_ws3/src/install/six_dof_arm/share/six_dof_arm/package.zsh'
[3.774s] Level 1:colcon.colcon_core.environment:create_file_with_runtime_dependencies(/home/venu/ros2_ws3/src/install/six_dof_arm/share/colcon-core/packages/six_dof_arm)
[3.787s] Level 1:colcon.colcon_core.environment:create_environment_scripts_only(six_dof_arm)
[3.787s] Level 1:colcon.colcon_core.environment:checking '/home/venu/ros2_ws3/src/install/six_dof_arm' for CMake module files
[3.787s] Level 1:colcon.colcon_core.environment:checking '/home/venu/ros2_ws3/src/install/six_dof_arm' for CMake config files
[3.787s] Level 1:colcon.colcon_core.shell:create_environment_hook('six_dof_arm', 'cmake_prefix_path')
[3.788s] INFO:colcon.colcon_core.shell:Creating environment hook '/home/venu/ros2_ws3/src/install/six_dof_arm/share/six_dof_arm/hook/cmake_prefix_path.ps1'
[3.788s] INFO:colcon.colcon_core.shell:Creating environment descriptor '/home/venu/ros2_ws3/src/install/six_dof_arm/share/six_dof_arm/hook/cmake_prefix_path.dsv'
[3.788s] INFO:colcon.colcon_core.shell:Creating environment hook '/home/venu/ros2_ws3/src/install/six_dof_arm/share/six_dof_arm/hook/cmake_prefix_path.sh'
[3.789s] Level 1:colcon.colcon_core.environment:checking '/home/venu/ros2_ws3/src/install/six_dof_arm/lib'
[3.789s] Level 1:colcon.colcon_core.environment:checking '/home/venu/ros2_ws3/src/install/six_dof_arm/bin'
[3.789s] Level 1:colcon.colcon_core.environment:checking '/home/venu/ros2_ws3/src/install/six_dof_arm/lib/pkgconfig/six_dof_arm.pc'
[3.789s] Level 1:colcon.colcon_core.environment:checking '/home/venu/ros2_ws3/src/install/six_dof_arm/lib/python3.8/site-packages'
[3.789s] Level 1:colcon.colcon_core.environment:checking '/home/venu/ros2_ws3/src/install/six_dof_arm/bin'
[3.790s] INFO:colcon.colcon_core.shell:Creating package script '/home/venu/ros2_ws3/src/install/six_dof_arm/share/six_dof_arm/package.ps1'
[3.790s] INFO:colcon.colcon_core.shell:Creating package descriptor '/home/venu/ros2_ws3/src/install/six_dof_arm/share/six_dof_arm/package.dsv'
[3.790s] INFO:colcon.colcon_core.shell:Creating package script '/home/venu/ros2_ws3/src/install/six_dof_arm/share/six_dof_arm/package.sh'
[3.791s] INFO:colcon.colcon_core.shell:Creating package script '/home/venu/ros2_ws3/src/install/six_dof_arm/share/six_dof_arm/package.bash'
[3.791s] INFO:colcon.colcon_core.shell:Creating package script '/home/venu/ros2_ws3/src/install/six_dof_arm/share/six_dof_arm/package.zsh'
[3.791s] Level 1:colcon.colcon_core.environment:create_file_with_runtime_dependencies(/home/venu/ros2_ws3/src/install/six_dof_arm/share/colcon-core/packages/six_dof_arm)
[3.791s] DEBUG:colcon.colcon_parallel_executor.executor.parallel:closing loop
[3.791s] DEBUG:colcon.colcon_parallel_executor.executor.parallel:loop closed
[3.792s] DEBUG:colcon.colcon_parallel_executor.executor.parallel:run_until_complete finished with '0'
[3.792s] DEBUG:colcon.colcon_core.event_reactor:joining thread
[3.797s] INFO:colcon.colcon_core.plugin_system:Skipping extension 'colcon_notification.desktop_notification.terminal_notifier': Not used on non-Darwin systems
[3.797s] INFO:colcon.colcon_core.plugin_system:Skipping extension 'colcon_notification.desktop_notification.win32': Not used on non-Windows systems
[3.797s] INFO:colcon.colcon_notification.desktop_notification:Sending desktop notification using 'notify2'
[3.812s] DEBUG:colcon.colcon_core.event_reactor:joined thread
[3.812s] INFO:colcon.colcon_core.shell:Creating prefix script '/home/venu/ros2_ws3/src/install/local_setup.ps1'
[3.813s] INFO:colcon.colcon_core.shell:Creating prefix util module '/home/venu/ros2_ws3/src/install/_local_setup_util_ps1.py'
[3.814s] INFO:colcon.colcon_core.shell:Creating prefix chain script '/home/venu/ros2_ws3/src/install/setup.ps1'
[3.814s] INFO:colcon.colcon_core.shell:Creating prefix script '/home/venu/ros2_ws3/src/install/local_setup.sh'
[3.815s] INFO:colcon.colcon_core.shell:Creating prefix util module '/home/venu/ros2_ws3/src/install/_local_setup_util_sh.py'
[3.815s] INFO:colcon.colcon_core.shell:Creating prefix chain script '/home/venu/ros2_ws3/src/install/setup.sh'
[3.816s] INFO:colcon.colcon_core.shell:Creating prefix script '/home/venu/ros2_ws3/src/install/local_setup.bash'
[3.816s] INFO:colcon.colcon_core.shell:Creating prefix chain script '/home/venu/ros2_ws3/src/install/setup.bash'
[3.817s] INFO:colcon.colcon_core.shell:Creating prefix script '/home/venu/ros2_ws3/src/install/local_setup.zsh'
[3.818s] INFO:colcon.colcon_core.shell:Creating prefix chain script '/home/venu/ros2_ws3/src/install/setup.zsh'
