[0.014s] Invoking command in '/home/venu/ros2_ws3/build/six_dof_arm': /usr/local/bin/cmake /home/venu/ros2_ws3/src/six_dof_arm -DAMENT_CMAKE_SYMLINK_INSTALL=1 -DCMAKE_INSTALL_PREFIX=/home/venu/ros2_ws3/install/six_dof_arm
[0.048s] -- The C compiler identification is GNU 9.4.0
[0.085s] -- The CXX compiler identification is GNU 9.4.0
[0.090s] -- Detecting C compiler ABI info
[0.130s] -- Detecting C compiler ABI info - done
[0.138s] -- Check for working C compiler: /usr/bin/cc - skipped
[0.138s] -- Detecting C compile features
[0.139s] -- Detecting C compile features - done
[0.141s] -- Detecting CXX compiler ABI info
[0.183s] -- Detecting CXX compiler ABI info - done
[0.190s] -- Check for working CXX compiler: /usr/bin/c++ - skipped
[0.191s] -- Detecting CXX compile features
[0.191s] -- Detecting CXX compile features - done
[0.194s] -- Found ament_cmake: 1.1.6 (/opt/ros/galactic/share/ament_cmake/cmake)
[0.214s] -- Found PythonInterp: /usr/bin/python3 (found suitable version "3.8.10", minimum required is "3") 
[0.214s] -- Using PYTHON_EXECUTABLE: /usr/bin/python3
[0.253s] -- Override CMake install command with custom implementation using symlinks instead of copying resources
[0.294s] -- Found rclcpp: 9.2.2 (/opt/ros/galactic/share/rclcpp/cmake)
[0.362s] -- Using all available rosidl_typesupport_c: rosidl_typesupport_fastrtps_c;rosidl_typesupport_introspection_c
[0.378s] -- Found rosidl_adapter: 2.2.3 (/opt/ros/galactic/share/rosidl_adapter/cmake)
[0.480s] -- Found OpenSSL: /usr/lib/x86_64-linux-gnu/libcrypto.so (found version "1.1.1f")  
[0.521s] -- Found FastRTPS: /opt/ros/galactic/include  
[0.585s] -- Using all available rosidl_typesupport_cpp: rosidl_typesupport_fastrtps_cpp;rosidl_typesupport_introspection_cpp
[0.631s] -- Found rmw_implementation_cmake: 3.3.1 (/opt/ros/galactic/share/rmw_implementation_cmake/cmake)
[0.634s] -- Found rmw_cyclonedds_cpp: 0.22.6 (/opt/ros/galactic/share/rmw_cyclonedds_cpp/cmake)
[0.647s] -- Using RMW implementation 'rmw_cyclonedds_cpp' as default
[0.648s] -- Looking for pthread.h
[0.680s] -- Looking for pthread.h - found
[0.680s] -- Performing Test CMAKE_HAVE_LIBC_PTHREAD
[0.712s] -- Performing Test CMAKE_HAVE_LIBC_PTHREAD - Failed
[0.713s] -- Looking for pthread_create in pthreads
[0.737s] -- Looking for pthread_create in pthreads - not found
[0.737s] -- Looking for pthread_create in pthread
[0.768s] -- Looking for pthread_create in pthread - found
[0.769s] -- Found Threads: TRUE  
[0.867s] -- Found gazebo_ros: 3.5.2 (/opt/ros/galactic/share/gazebo_ros/cmake)
[0.877s] [33mCMake Warning (dev) at /usr/local/share/cmake-3.22/Modules/FindPackageHandleStandardArgs.cmake:438 (message):
[0.877s]   The package name passed to `find_package_handle_standard_args` (PkgConfig)
[0.877s]   does not match the name of the calling package (gazebo).  This can lead to
[0.877s]   problems in calling code that expects `find_package` result variables
[0.877s]   (e.g., `_FOUND`) to follow a certain pattern.
[0.877s] Call Stack (most recent call first):
[0.877s]   /usr/local/share/cmake-3.22/Modules/FindPkgConfig.cmake:99 (find_package_handle_standard_args)
[0.877s]   /usr/lib/x86_64-linux-gnu/cmake/gazebo/gazebo-config.cmake:72 (include)
[0.877s]   /opt/ros/galactic/share/gazebo_dev/cmake/gazebo_dev-extras.cmake:2 (find_package)
[0.878s]   /opt/ros/galactic/share/gazebo_dev/cmake/gazebo_devConfig.cmake:41 (include)
[0.878s]   /opt/ros/galactic/share/gazebo_ros/cmake/ament_cmake_export_dependencies-extras.cmake:21 (find_package)
[0.878s]   /opt/ros/galactic/share/gazebo_ros/cmake/gazebo_rosConfig.cmake:41 (include)
[0.878s]   CMakeLists.txt:10 (find_package)
[0.878s] This warning is for project developers.  Use -Wno-dev to suppress it.
[0.878s] [0m
[0.878s] -- Found PkgConfig: /usr/bin/pkg-config (found version "0.29.1") 
[0.878s] -- Checking for module 'bullet>=2.82'
[0.887s] --   Found bullet, version 2.88
[0.969s] -- Found ccd: /usr/include (found suitable version "2.0", minimum required is "2.0") 
[1.004s] -- Found fcl: /usr/local/include (found suitable version "0.6.0", minimum required is "0.3.2") 
[1.039s] -- Found assimp: /usr/include (found version "5.0.0") 
[1.058s] -- Found DART: /usr/include (Required is at least version "6.6") found components: dart 
[1.083s] -- Found Boost: /usr/lib/x86_64-linux-gnu/cmake/Boost-1.71.0/BoostConfig.cmake (found suitable version "1.71.0", minimum required is "1.40.0") found components: thread system filesystem program_options regex iostreams date_time 
[1.095s] -- Found Protobuf: /usr/lib/x86_64-linux-gnu/libprotobuf.so;-lpthread (found version "3.6.1") 
[1.101s] -- Looking for ignition-math6 -- found version 6.15.1
[1.106s] -- Searching for dependencies of ignition-math6
[1.107s] -- Looking for OGRE...
[1.108s] -- OGRE_PREFIX_WATCH changed.
[1.111s] -- Checking for module 'OGRE'
[1.121s] --   Found OGRE, version 1.9.0
[1.145s] -- Found Ogre Ghadamon (1.9.0)
[1.153s] -- Found OGRE: optimized;/usr/lib/x86_64-linux-gnu/libOgreMain.so;debug;/usr/lib/x86_64-linux-gnu/libOgreMain.so
[1.159s] -- Looking for OGRE_Paging...
[1.165s] -- Found OGRE_Paging: optimized;/usr/lib/x86_64-linux-gnu/libOgrePaging.so;debug;/usr/lib/x86_64-linux-gnu/libOgrePaging.so
[1.165s] -- Looking for OGRE_Terrain...
[1.171s] -- Found OGRE_Terrain: optimized;/usr/lib/x86_64-linux-gnu/libOgreTerrain.so;debug;/usr/lib/x86_64-linux-gnu/libOgreTerrain.so
[1.171s] -- Looking for OGRE_Property...
[1.177s] -- Found OGRE_Property: optimized;/usr/lib/x86_64-linux-gnu/libOgreProperty.so;debug;/usr/lib/x86_64-linux-gnu/libOgreProperty.so
[1.177s] -- Looking for OGRE_RTShaderSystem...
[1.183s] -- Found OGRE_RTShaderSystem: optimized;/usr/lib/x86_64-linux-gnu/libOgreRTShaderSystem.so;debug;/usr/lib/x86_64-linux-gnu/libOgreRTShaderSystem.so
[1.183s] -- Looking for OGRE_Volume...
[1.189s] -- Found OGRE_Volume: optimized;/usr/lib/x86_64-linux-gnu/libOgreVolume.so;debug;/usr/lib/x86_64-linux-gnu/libOgreVolume.so
[1.189s] -- Looking for OGRE_Overlay...
[1.195s] -- Found OGRE_Overlay: optimized;/usr/lib/x86_64-linux-gnu/libOgreOverlay.so;debug;/usr/lib/x86_64-linux-gnu/libOgreOverlay.so
[1.310s] -- Looking for ignition-math6 -- found version 6.15.1
[1.313s] -- Looking for ignition-transport8 -- found version 8.3.0
[1.313s] -- Searching for dependencies of ignition-transport8
[1.327s] -- Found Protobuf: /usr/lib/x86_64-linux-gnu/libprotobuf.so;-lpthread (found suitable version "3.6.1", minimum required is "3") 
[1.336s] -- Config-file not installed for ZeroMQ -- checking for pkg-config
[1.339s] -- Checking for module 'libzmq >= 4'
[1.349s] --   Found libzmq , version 4.3.2
[1.375s] -- Found ZeroMQ: TRUE (Required is at least version "4") 
[1.378s] -- Checking for module 'uuid'
[1.388s] --   Found uuid, version 2.34.0
[1.412s] -- Found UUID: TRUE  
[1.415s] -- Looking for ignition-msgs5 -- found version 5.10.0
[1.415s] -- Searching for dependencies of ignition-msgs5
[1.429s] -- Looking for ignition-math6 -- found version 6.15.1
[1.433s] -- Checking for module 'tinyxml2'
[1.442s] --   Found tinyxml2, version 6.2.0
[1.468s] -- Looking for ignition-msgs5 -- found version 5.10.0
[1.471s] -- Looking for ignition-common3 -- found version 3.14.2
[1.471s] -- Searching for dependencies of ignition-common3
[1.471s] -- Looking for dlfcn.h - found
[1.472s] -- Looking for libdl - found
[1.473s] -- Found DL: TRUE  
[1.479s] -- Searching for <ignition-common3> component [graphics]
[1.481s] -- Looking for ignition-common3-graphics -- found version 3.14.2
[1.482s] -- Searching for dependencies of ignition-common3-graphics
[1.482s] -- Looking for ignition-math6 -- found version 6.15.1
[1.485s] -- Looking for ignition-fuel_tools4 -- found version 4.6.0
[1.485s] -- Searching for dependencies of ignition-fuel_tools4
[1.544s] -- Found CURL: /usr/lib/x86_64-linux-gnu/libcurl.so (found version "7.68.0")  
[1.551s] -- Checking for module 'jsoncpp'
[1.560s] --   Found jsoncpp, version 1.7.4
[1.585s] -- Found JSONCPP: TRUE  
[1.588s] -- Checking for module 'libzip'
[1.597s] --   Found libzip, version 1.5.1
[1.622s] -- Found ZIP: TRUE  
[1.622s] -- Looking for ignition-common3 -- found version 3.14.2
[1.622s] -- Looking for ignition-math6 -- found version 6.15.1
[1.622s] -- Looking for ignition-msgs5 -- found version 5.10.0
[1.623s] -- Gazebo version: 11.11
[1.628s] -- Found moveit_core: 2.3.4 (/opt/ros/galactic/share/moveit_core/cmake)
[1.638s] -- Found Boost: /usr/lib/x86_64-linux-gnu/cmake/Boost-1.71.0/BoostConfig.cmake (found version "1.71.0") found components: chrono date_time filesystem iostreams program_options regex serialization system thread 
[1.654s] -- Found Boost: /usr/lib/x86_64-linux-gnu/cmake/Boost-1.71.0/BoostConfig.cmake (found version "1.71.0") found components: filesystem 
[1.718s] -- library: /usr/lib/x86_64-linux-gnu/libcurl.so
[1.836s] -- Found Eigen3: TRUE (found version "3.3.7") 
[3.003s] -- Found moveit_ros_planning: 2.3.4 (/opt/ros/galactic/share/moveit_ros_planning/cmake)
[3.007s] -- Found Boost: /usr/lib/x86_64-linux-gnu/cmake/Boost-1.71.0/BoostConfig.cmake (found version "1.71.0") found components: system filesystem date_time program_options thread chrono 
[3.191s] -- Found Boost: /usr/lib/x86_64-linux-gnu/cmake/Boost-1.71.0/BoostConfig.cmake (found version "1.71.0") found components: thread 
[3.614s] -- Found moveit_ros_planning_interface: 2.3.4 (/opt/ros/galactic/share/moveit_ros_planning_interface/cmake)
[3.618s] -- Found Boost: /usr/lib/x86_64-linux-gnu/cmake/Boost-1.71.0/BoostConfig.cmake (found version "1.71.0") found components: date_time filesystem program_options system thread 
[3.873s] -- Found Boost: /usr/lib/x86_64-linux-gnu/cmake/Boost-1.71.0/BoostConfig.cmake (found version "1.71.0") found components: thread system filesystem regex date_time program_options 
[4.120s] -- Found Boost: /usr/lib/x86_64-linux-gnu/cmake/Boost-1.71.0/BoostConfig.cmake (found version "1.71.0") found components: system filesystem date_time program_options thread 
[4.512s] -- Found moveit_ros_robot_interaction: 2.3.4 (/opt/ros/galactic/share/moveit_ros_robot_interaction/cmake)
[4.515s] -- Found Boost: /usr/lib/x86_64-linux-gnu/cmake/Boost-1.71.0/BoostConfig.cmake (found version "1.71.0") found components: thread 
[4.606s] -- Configuring done
[4.627s] -- Generating done
[4.629s] -- Build files have been written to: /home/venu/ros2_ws3/build/six_dof_arm
[4.639s] Invoked command in '/home/venu/ros2_ws3/build/six_dof_arm' returned '0': /usr/local/bin/cmake /home/venu/ros2_ws3/src/six_dof_arm -DAMENT_CMAKE_SYMLINK_INSTALL=1 -DCMAKE_INSTALL_PREFIX=/home/venu/ros2_ws3/install/six_dof_arm
[4.641s] Invoking command in '/home/venu/ros2_ws3/build/six_dof_arm': /usr/local/bin/cmake --build /home/venu/ros2_ws3/build/six_dof_arm -- -j16 -l16
[4.657s] [ 50%] [32mBuilding CXX object CMakeFiles/arm_movement.dir/src/arm_movement.cpp.o[0m
[7.923s] [100%] [32m[1mLinking CXX executable arm_movement[0m
[8.255s] [100%] Built target arm_movement
[8.261s] Invoked command in '/home/venu/ros2_ws3/build/six_dof_arm' returned '0': /usr/local/bin/cmake --build /home/venu/ros2_ws3/build/six_dof_arm -- -j16 -l16
[8.273s] Invoking command in '/home/venu/ros2_ws3/build/six_dof_arm': /usr/local/bin/cmake --install /home/venu/ros2_ws3/build/six_dof_arm
[8.274s] -- Install configuration: ""
[8.274s] -- Execute custom install script
[8.275s] -- Symlinking: /home/venu/ros2_ws3/install/six_dof_arm/lib/six_dof_arm/arm_movement
[8.276s] [33mCMake Warning (dev) at ament_cmake_symlink_install/ament_cmake_symlink_install.cmake:62 (file):
[8.277s]   Policy CMP0009 is not set: FILE GLOB_RECURSE calls should not follow
[8.277s]   symlinks by default.  Run "cmake --help-policy CMP0009" for policy details.
[8.277s]   Use the cmake_policy command to set the policy and suppress this warning.
[8.277s] Call Stack (most recent call first):
[8.277s]   ament_cmake_symlink_install/ament_cmake_symlink_install.cmake:317 (ament_cmake_symlink_install_directory)
[8.277s]   cmake_install.cmake:46 (include)
[8.277s] This warning is for project developers.  Use -Wno-dev to suppress it.
[8.277s] [0m
[8.277s] -- Symlinking: /home/venu/ros2_ws3/install/six_dof_arm/share/six_dof_arm/launch/build/.built_by
[8.278s] -- Symlinking: /home/venu/ros2_ws3/install/six_dof_arm/share/six_dof_arm/launch/build/COLCON_IGNORE
[8.279s] -- Symlinking: /home/venu/ros2_ws3/install/six_dof_arm/share/six_dof_arm/launch/display.launch.py
[8.280s] -- Symlinking: /home/venu/ros2_ws3/install/six_dof_arm/share/six_dof_arm/launch/empty_world.launch.py
[8.281s] -- Symlinking: /home/venu/ros2_ws3/install/six_dof_arm/share/six_dof_arm/launch/gazebo.launch.py
[8.282s] -- Symlinking: /home/venu/ros2_ws3/install/six_dof_arm/share/six_dof_arm/launch/install/.colcon_install_layout
[8.284s] -- Symlinking: /home/venu/ros2_ws3/install/six_dof_arm/share/six_dof_arm/launch/install/COLCON_IGNORE
[8.285s] -- Symlinking: /home/venu/ros2_ws3/install/six_dof_arm/share/six_dof_arm/launch/install/_local_setup_util_ps1.py
[8.286s] -- Symlinking: /home/venu/ros2_ws3/install/six_dof_arm/share/six_dof_arm/launch/install/_local_setup_util_sh.py
[8.287s] -- Symlinking: /home/venu/ros2_ws3/install/six_dof_arm/share/six_dof_arm/launch/install/local_setup.bash
[8.289s] -- Symlinking: /home/venu/ros2_ws3/install/six_dof_arm/share/six_dof_arm/launch/install/local_setup.ps1
[8.290s] -- Symlinking: /home/venu/ros2_ws3/install/six_dof_arm/share/six_dof_arm/launch/install/local_setup.sh
[8.291s] -- Symlinking: /home/venu/ros2_ws3/install/six_dof_arm/share/six_dof_arm/launch/install/local_setup.zsh
[8.293s] -- Symlinking: /home/venu/ros2_ws3/install/six_dof_arm/share/six_dof_arm/launch/install/setup.bash
[8.294s] -- Symlinking: /home/venu/ros2_ws3/install/six_dof_arm/share/six_dof_arm/launch/install/setup.ps1
[8.296s] -- Symlinking: /home/venu/ros2_ws3/install/six_dof_arm/share/six_dof_arm/launch/install/setup.sh
[8.297s] -- Symlinking: /home/venu/ros2_ws3/install/six_dof_arm/share/six_dof_arm/launch/install/setup.zsh
[8.298s] -- Symlinking: /home/venu/ros2_ws3/install/six_dof_arm/share/six_dof_arm/launch/log/COLCON_IGNORE
[8.299s] -- Symlinking: /home/venu/ros2_ws3/install/six_dof_arm/share/six_dof_arm/launch/log/build_2024-08-26_20-31-36/events.log
[8.300s] -- Symlinking: /home/venu/ros2_ws3/install/six_dof_arm/share/six_dof_arm/launch/log/build_2024-08-26_20-31-36/logger_all.log
[8.301s] -- Symlinking: /home/venu/ros2_ws3/install/six_dof_arm/share/six_dof_arm/launch/log/build_2024-08-27_14-51-07/events.log
[8.303s] -- Symlinking: /home/venu/ros2_ws3/install/six_dof_arm/share/six_dof_arm/launch/log/build_2024-08-27_14-51-07/logger_all.log
[8.304s] -- Symlinking: /home/venu/ros2_ws3/install/six_dof_arm/share/six_dof_arm/launch/log/latest/events.log
[8.305s] -- Symlinking: /home/venu/ros2_ws3/install/six_dof_arm/share/six_dof_arm/launch/log/latest/logger_all.log
[8.306s] -- Symlinking: /home/venu/ros2_ws3/install/six_dof_arm/share/six_dof_arm/launch/log/latest_build/events.log
[8.307s] -- Symlinking: /home/venu/ros2_ws3/install/six_dof_arm/share/six_dof_arm/launch/log/latest_build/logger_all.log
[8.308s] -- Symlinking: /home/venu/ros2_ws3/install/six_dof_arm/share/six_dof_arm/launch/moveit.launch.py
[8.310s] -- Symlinking: /home/venu/ros2_ws3/install/six_dof_arm/share/six_dof_arm/launch/robot_state_publisher_launch.py
[8.311s] -- Symlinking: /home/venu/ros2_ws3/install/six_dof_arm/share/ament_index/resource_index/package_run_dependencies/six_dof_arm
[8.313s] -- Symlinking: /home/venu/ros2_ws3/install/six_dof_arm/share/ament_index/resource_index/parent_prefix_path/six_dof_arm
[8.314s] -- Symlinking: /home/venu/ros2_ws3/install/six_dof_arm/share/six_dof_arm/environment/ament_prefix_path.sh
[8.315s] -- Symlinking: /home/venu/ros2_ws3/install/six_dof_arm/share/six_dof_arm/environment/ament_prefix_path.dsv
[8.317s] -- Symlinking: /home/venu/ros2_ws3/install/six_dof_arm/share/six_dof_arm/environment/path.sh
[8.318s] -- Symlinking: /home/venu/ros2_ws3/install/six_dof_arm/share/six_dof_arm/environment/path.dsv
[8.319s] -- Symlinking: /home/venu/ros2_ws3/install/six_dof_arm/share/six_dof_arm/local_setup.bash
[8.321s] -- Symlinking: /home/venu/ros2_ws3/install/six_dof_arm/share/six_dof_arm/local_setup.sh
[8.322s] -- Symlinking: /home/venu/ros2_ws3/install/six_dof_arm/share/six_dof_arm/local_setup.zsh
[8.323s] -- Symlinking: /home/venu/ros2_ws3/install/six_dof_arm/share/six_dof_arm/local_setup.dsv
[8.325s] -- Symlinking: /home/venu/ros2_ws3/install/six_dof_arm/share/six_dof_arm/package.dsv
[8.326s] -- Symlinking: /home/venu/ros2_ws3/install/six_dof_arm/share/ament_index/resource_index/packages/six_dof_arm
[8.327s] -- Symlinking: /home/venu/ros2_ws3/install/six_dof_arm/share/six_dof_arm/cmake/six_dof_armConfig.cmake
[8.328s] -- Symlinking: /home/venu/ros2_ws3/install/six_dof_arm/share/six_dof_arm/cmake/six_dof_armConfig-version.cmake
[8.330s] -- Symlinking: /home/venu/ros2_ws3/install/six_dof_arm/share/six_dof_arm/package.xml
[8.332s] Invoked command in '/home/venu/ros2_ws3/build/six_dof_arm' returned '0': /usr/local/bin/cmake --install /home/venu/ros2_ws3/build/six_dof_arm
